{"C:\\Users\\jordi\\Desktop\\UNI\\TFG\\RefugisLliures_Frontend\\src\\components\\AppNavigator.tsx": {"path":"C:\\Users\\jordi\\Desktop\\UNI\\TFG\\RefugisLliures_Frontend\\src\\components\\AppNavigator.tsx","statementMap":{"0":{"start":{"line":29,"column":12},"end":{"line":29,"column":38}},"1":{"start":{"line":32,"column":16},"end":{"line":32,"column":32}},"2":{"start":{"line":33,"column":17},"end":{"line":33,"column":36}},"3":{"start":{"line":34,"column":62},"end":{"line":34,"column":78}},"4":{"start":{"line":37,"column":50},"end":{"line":37,"column":91}},"5":{"start":{"line":38,"column":48},"end":{"line":38,"column":63}},"6":{"start":{"line":39,"column":50},"end":{"line":39,"column":65}},"7":{"start":{"line":42,"column":31},"end":{"line":52,"column":3}},"8":{"start":{"line":43,"column":4},"end":{"line":43,"column":28}},"9":{"start":{"line":43,"column":21},"end":{"line":43,"column":28}},"10":{"start":{"line":45,"column":4},"end":{"line":51,"column":5}},"11":{"start":{"line":47,"column":6},"end":{"line":47,"column":51}},"12":{"start":{"line":48,"column":6},"end":{"line":48,"column":49}},"13":{"start":{"line":50,"column":6},"end":{"line":50,"column":62}},"14":{"start":{"line":54,"column":25},"end":{"line":56,"column":3}},"15":{"start":{"line":55,"column":4},"end":{"line":55,"column":84}},"16":{"start":{"line":59,"column":38},"end":{"line":62,"column":3}},"17":{"start":{"line":60,"column":4},"end":{"line":60,"column":34}},"18":{"start":{"line":61,"column":4},"end":{"line":61,"column":29}},"19":{"start":{"line":64,"column":27},"end":{"line":68,"column":3}},"20":{"start":{"line":65,"column":4},"end":{"line":65,"column":34}},"21":{"start":{"line":66,"column":4},"end":{"line":66,"column":30}},"22":{"start":{"line":67,"column":4},"end":{"line":67,"column":30}},"23":{"start":{"line":70,"column":33},"end":{"line":73,"column":3}},"24":{"start":{"line":71,"column":4},"end":{"line":71,"column":30}},"25":{"start":{"line":72,"column":4},"end":{"line":72,"column":58}},"26":{"start":{"line":72,"column":21},"end":{"line":72,"column":51}},"27":{"start":{"line":75,"column":34},"end":{"line":78,"column":3}},"28":{"start":{"line":76,"column":4},"end":{"line":76,"column":31}},"29":{"start":{"line":77,"column":4},"end":{"line":77,"column":58}},"30":{"start":{"line":77,"column":21},"end":{"line":77,"column":51}},"31":{"start":{"line":82,"column":2},"end":{"line":99,"column":42}},"32":{"start":{"line":83,"column":4},"end":{"line":83,"column":42}},"33":{"start":{"line":83,"column":35},"end":{"line":83,"column":42}},"34":{"start":{"line":85,"column":24},"end":{"line":95,"column":5}},"35":{"start":{"line":86,"column":6},"end":{"line":89,"column":7}},"36":{"start":{"line":87,"column":8},"end":{"line":87,"column":34}},"37":{"start":{"line":88,"column":8},"end":{"line":88,"column":20}},"38":{"start":{"line":90,"column":6},"end":{"line":93,"column":7}},"39":{"start":{"line":91,"column":8},"end":{"line":91,"column":33}},"40":{"start":{"line":92,"column":8},"end":{"line":92,"column":20}},"41":{"start":{"line":94,"column":6},"end":{"line":94,"column":19}},"42":{"start":{"line":97,"column":16},"end":{"line":97,"column":78}},"43":{"start":{"line":98,"column":4},"end":{"line":98,"column":30}},"44":{"start":{"line":98,"column":17},"end":{"line":98,"column":29}},"45":{"start":{"line":101,"column":2},"end":{"line":265,"column":4}},"46":{"start":{"line":121,"column":14},"end":{"line":126,"column":21}},"47":{"start":{"line":131,"column":12},"end":{"line":134,"column":14}},"48":{"start":{"line":142,"column":14},"end":{"line":147,"column":21}},"49":{"start":{"line":152,"column":12},"end":{"line":155,"column":14}},"50":{"start":{"line":163,"column":14},"end":{"line":168,"column":21}},"51":{"start":{"line":178,"column":14},"end":{"line":183,"column":21}},"52":{"start":{"line":194,"column":32},"end":{"line":194,"column":36}},"53":{"start":{"line":204,"column":32},"end":{"line":204,"column":36}},"54":{"start":{"line":214,"column":32},"end":{"line":214,"column":36}},"55":{"start":{"line":224,"column":32},"end":{"line":224,"column":36}},"56":{"start":{"line":268,"column":15},"end":{"line":299,"column":2}}},"fnMap":{"0":{"name":"AppNavigator","decl":{"start":{"line":31,"column":16},"end":{"line":31,"column":28}},"loc":{"start":{"line":31,"column":31},"end":{"line":266,"column":1}},"line":31},"1":{"name":"(anonymous_1)","decl":{"start":{"line":42,"column":31},"end":{"line":42,"column":32}},"loc":{"start":{"line":42,"column":73},"end":{"line":52,"column":3}},"line":42},"2":{"name":"(anonymous_2)","decl":{"start":{"line":54,"column":25},"end":{"line":54,"column":26}},"loc":{"start":{"line":54,"column":49},"end":{"line":56,"column":3}},"line":54},"3":{"name":"(anonymous_3)","decl":{"start":{"line":59,"column":38},"end":{"line":59,"column":39}},"loc":{"start":{"line":59,"column":62},"end":{"line":62,"column":3}},"line":59},"4":{"name":"(anonymous_4)","decl":{"start":{"line":64,"column":27},"end":{"line":64,"column":28}},"loc":{"start":{"line":64,"column":51},"end":{"line":68,"column":3}},"line":64},"5":{"name":"(anonymous_5)","decl":{"start":{"line":70,"column":33},"end":{"line":70,"column":34}},"loc":{"start":{"line":70,"column":39},"end":{"line":73,"column":3}},"line":70},"6":{"name":"(anonymous_6)","decl":{"start":{"line":72,"column":15},"end":{"line":72,"column":16}},"loc":{"start":{"line":72,"column":21},"end":{"line":72,"column":51}},"line":72},"7":{"name":"(anonymous_7)","decl":{"start":{"line":75,"column":34},"end":{"line":75,"column":35}},"loc":{"start":{"line":75,"column":40},"end":{"line":78,"column":3}},"line":75},"8":{"name":"(anonymous_8)","decl":{"start":{"line":77,"column":15},"end":{"line":77,"column":16}},"loc":{"start":{"line":77,"column":21},"end":{"line":77,"column":51}},"line":77},"9":{"name":"(anonymous_9)","decl":{"start":{"line":82,"column":12},"end":{"line":82,"column":13}},"loc":{"start":{"line":82,"column":18},"end":{"line":99,"column":3}},"line":82},"10":{"name":"(anonymous_10)","decl":{"start":{"line":85,"column":24},"end":{"line":85,"column":25}},"loc":{"start":{"line":85,"column":30},"end":{"line":95,"column":5}},"line":85},"11":{"name":"(anonymous_11)","decl":{"start":{"line":98,"column":11},"end":{"line":98,"column":12}},"loc":{"start":{"line":98,"column":17},"end":{"line":98,"column":29}},"line":98},"12":{"name":"(anonymous_12)","decl":{"start":{"line":120,"column":24},"end":{"line":120,"column":25}},"loc":{"start":{"line":121,"column":14},"end":{"line":126,"column":21}},"line":121},"13":{"name":"(anonymous_13)","decl":{"start":{"line":130,"column":11},"end":{"line":130,"column":12}},"loc":{"start":{"line":131,"column":12},"end":{"line":134,"column":14}},"line":131},"14":{"name":"(anonymous_14)","decl":{"start":{"line":141,"column":24},"end":{"line":141,"column":25}},"loc":{"start":{"line":142,"column":14},"end":{"line":147,"column":21}},"line":142},"15":{"name":"(anonymous_15)","decl":{"start":{"line":151,"column":11},"end":{"line":151,"column":12}},"loc":{"start":{"line":152,"column":12},"end":{"line":155,"column":14}},"line":152},"16":{"name":"(anonymous_16)","decl":{"start":{"line":162,"column":24},"end":{"line":162,"column":25}},"loc":{"start":{"line":163,"column":14},"end":{"line":168,"column":21}},"line":163},"17":{"name":"(anonymous_17)","decl":{"start":{"line":177,"column":24},"end":{"line":177,"column":25}},"loc":{"start":{"line":178,"column":14},"end":{"line":183,"column":21}},"line":178},"18":{"name":"(anonymous_18)","decl":{"start":{"line":194,"column":26},"end":{"line":194,"column":27}},"loc":{"start":{"line":194,"column":32},"end":{"line":194,"column":36}},"line":194},"19":{"name":"(anonymous_19)","decl":{"start":{"line":204,"column":26},"end":{"line":204,"column":27}},"loc":{"start":{"line":204,"column":32},"end":{"line":204,"column":36}},"line":204},"20":{"name":"(anonymous_20)","decl":{"start":{"line":214,"column":26},"end":{"line":214,"column":27}},"loc":{"start":{"line":214,"column":32},"end":{"line":214,"column":36}},"line":214},"21":{"name":"(anonymous_21)","decl":{"start":{"line":224,"column":26},"end":{"line":224,"column":27}},"loc":{"start":{"line":224,"column":32},"end":{"line":224,"column":36}},"line":224}},"branchMap":{"0":{"loc":{"start":{"line":43,"column":4},"end":{"line":43,"column":28}},"type":"if","locations":[{"start":{"line":43,"column":4},"end":{"line":43,"column":28}},{"start":{},"end":{}}],"line":43},"1":{"loc":{"start":{"line":83,"column":4},"end":{"line":83,"column":42}},"type":"if","locations":[{"start":{"line":83,"column":4},"end":{"line":83,"column":42}},{"start":{},"end":{}}],"line":83},"2":{"loc":{"start":{"line":86,"column":6},"end":{"line":89,"column":7}},"type":"if","locations":[{"start":{"line":86,"column":6},"end":{"line":89,"column":7}},{"start":{},"end":{}}],"line":86},"3":{"loc":{"start":{"line":90,"column":6},"end":{"line":93,"column":7}},"type":"if","locations":[{"start":{"line":90,"column":6},"end":{"line":93,"column":7}},{"start":{},"end":{}}],"line":90},"4":{"loc":{"start":{"line":121,"column":53},"end":{"line":121,"column":84}},"type":"binary-expr","locations":[{"start":{"line":121,"column":53},"end":{"line":121,"column":60}},{"start":{"line":121,"column":64},"end":{"line":121,"column":84}}],"line":121},"5":{"loc":{"start":{"line":142,"column":53},"end":{"line":142,"column":84}},"type":"binary-expr","locations":[{"start":{"line":142,"column":53},"end":{"line":142,"column":60}},{"start":{"line":142,"column":64},"end":{"line":142,"column":84}}],"line":142},"6":{"loc":{"start":{"line":163,"column":53},"end":{"line":163,"column":84}},"type":"binary-expr","locations":[{"start":{"line":163,"column":53},"end":{"line":163,"column":60}},{"start":{"line":163,"column":64},"end":{"line":163,"column":84}}],"line":163},"7":{"loc":{"start":{"line":178,"column":53},"end":{"line":178,"column":84}},"type":"binary-expr","locations":[{"start":{"line":178,"column":53},"end":{"line":178,"column":60}},{"start":{"line":178,"column":64},"end":{"line":178,"column":84}}],"line":178},"8":{"loc":{"start":{"line":231,"column":7},"end":{"line":240,"column":7}},"type":"binary-expr","locations":[{"start":{"line":231,"column":7},"end":{"line":231,"column":23}},{"start":{"line":232,"column":8},"end":{"line":239,"column":10}}],"line":231},"9":{"loc":{"start":{"line":243,"column":7},"end":{"line":252,"column":7}},"type":"binary-expr","locations":[{"start":{"line":243,"column":7},"end":{"line":243,"column":23}},{"start":{"line":243,"column":27},"end":{"line":243,"column":43}},{"start":{"line":244,"column":8},"end":{"line":251,"column":15}}],"line":243},"10":{"loc":{"start":{"line":255,"column":7},"end":{"line":263,"column":7}},"type":"binary-expr","locations":[{"start":{"line":255,"column":7},"end":{"line":255,"column":18}},{"start":{"line":256,"column":8},"end":{"line":262,"column":10}}],"line":255}},"s":{"0":0,"1":0,"2":0,"3":0,"4":0,"5":0,"6":0,"7":0,"8":0,"9":0,"10":0,"11":0,"12":0,"13":0,"14":0,"15":0,"16":0,"17":0,"18":0,"19":0,"20":0,"21":0,"22":0,"23":0,"24":0,"25":0,"26":0,"27":0,"28":0,"29":0,"30":0,"31":0,"32":0,"33":0,"34":0,"35":0,"36":0,"37":0,"38":0,"39":0,"40":0,"41":0,"42":0,"43":0,"44":0,"45":0,"46":0,"47":0,"48":0,"49":0,"50":0,"51":0,"52":0,"53":0,"54":0,"55":0,"56":0},"f":{"0":0,"1":0,"2":0,"3":0,"4":0,"5":0,"6":0,"7":0,"8":0,"9":0,"10":0,"11":0,"12":0,"13":0,"14":0,"15":0,"16":0,"17":0,"18":0,"19":0,"20":0,"21":0},"b":{"0":[0,0],"1":[0,0],"2":[0,0],"3":[0,0],"4":[0,0],"5":[0,0],"6":[0,0],"7":[0,0],"8":[0,0],"9":[0,0,0],"10":[0,0]}}
,"C:\\Users\\jordi\\Desktop\\UNI\\TFG\\RefugisLliures_Frontend\\src\\components\\Badge.tsx": {"path":"C:\\Users\\jordi\\Desktop\\UNI\\TFG\\RefugisLliures_Frontend\\src\\components\\Badge.tsx","statementMap":{"0":{"start":{"line":16,"column":43},"end":{"line":41,"column":1}},"1":{"start":{"line":27,"column":19},"end":{"line":27,"column":51}},"2":{"start":{"line":29,"column":2},"end":{"line":40,"column":4}},"3":{"start":{"line":43,"column":15},"end":{"line":59,"column":2}}},"fnMap":{"0":{"name":"(anonymous_0)","decl":{"start":{"line":16,"column":43},"end":{"line":16,"column":44}},"loc":{"start":{"line":25,"column":6},"end":{"line":41,"column":1}},"line":25}},"branchMap":{"0":{"loc":{"start":{"line":18,"column":2},"end":{"line":18,"column":24}},"type":"default-arg","locations":[{"start":{"line":18,"column":15},"end":{"line":18,"column":24}}],"line":18},"1":{"loc":{"start":{"line":19,"column":2},"end":{"line":19,"column":19}},"type":"default-arg","locations":[{"start":{"line":19,"column":10},"end":{"line":19,"column":19}}],"line":19},"2":{"loc":{"start":{"line":20,"column":2},"end":{"line":20,"column":25}},"type":"default-arg","locations":[{"start":{"line":20,"column":16},"end":{"line":20,"column":25}}],"line":20},"3":{"loc":{"start":{"line":27,"column":19},"end":{"line":27,"column":51}},"type":"cond-expr","locations":[{"start":{"line":27,"column":34},"end":{"line":27,"column":46}},{"start":{"line":27,"column":49},"end":{"line":27,"column":51}}],"line":27},"4":{"loc":{"start":{"line":38,"column":42},"end":{"line":38,"column":60}},"type":"binary-expr","locations":[{"start":{"line":38,"column":42},"end":{"line":38,"column":51}},{"start":{"line":38,"column":55},"end":{"line":38,"column":60}}],"line":38}},"s":{"0":3,"1":122,"2":122,"3":3},"f":{"0":122},"b":{"0":[23],"1":[21],"2":[26],"3":[120,2],"4":[122,113]},"_coverageSchema":"1a1c01bbd47fc00a2c39e90264f33305004495a9","hash":"e19d2ef8474c3f7d951a119b5025fe6b3c2678a3"}
,"C:\\Users\\jordi\\Desktop\\UNI\\TFG\\RefugisLliures_Frontend\\src\\components\\BadgeCondition.tsx": {"path":"C:\\Users\\jordi\\Desktop\\UNI\\TFG\\RefugisLliures_Frontend\\src\\components\\BadgeCondition.tsx","statementMap":{"0":{"start":{"line":13,"column":47},"end":{"line":46,"column":1}},"1":{"start":{"line":14,"column":12},"end":{"line":14,"column":43}},"2":{"start":{"line":16,"column":17},"end":{"line":31,"column":6}},"3":{"start":{"line":17,"column":4},"end":{"line":17,"column":87}},"4":{"start":{"line":17,"column":12},"end":{"line":17,"column":87}},"5":{"start":{"line":18,"column":4},"end":{"line":20,"column":5}},"6":{"start":{"line":19,"column":6},"end":{"line":19,"column":81}},"7":{"start":{"line":21,"column":4},"end":{"line":23,"column":5}},"8":{"start":{"line":22,"column":6},"end":{"line":22,"column":87}},"9":{"start":{"line":24,"column":4},"end":{"line":26,"column":5}},"10":{"start":{"line":25,"column":6},"end":{"line":25,"column":81}},"11":{"start":{"line":27,"column":4},"end":{"line":29,"column":5}},"12":{"start":{"line":28,"column":6},"end":{"line":28,"column":81}},"13":{"start":{"line":30,"column":4},"end":{"line":30,"column":79}},"14":{"start":{"line":33,"column":2},"end":{"line":39,"column":3}},"15":{"start":{"line":34,"column":22},"end":{"line":34,"column":31}},"16":{"start":{"line":35,"column":25},"end":{"line":35,"column":34}},"17":{"start":{"line":36,"column":26},"end":{"line":36,"column":35}},"18":{"start":{"line":37,"column":27},"end":{"line":37,"column":84}},"19":{"start":{"line":38,"column":4},"end":{"line":38,"column":167}},"20":{"start":{"line":41,"column":2},"end":{"line":43,"column":3}},"21":{"start":{"line":42,"column":4},"end":{"line":42,"column":193}},"22":{"start":{"line":45,"column":2},"end":{"line":45,"column":169}}},"fnMap":{"0":{"name":"(anonymous_0)","decl":{"start":{"line":13,"column":47},"end":{"line":13,"column":48}},"loc":{"start":{"line":13,"column":120},"end":{"line":46,"column":1}},"line":13},"1":{"name":"(anonymous_1)","decl":{"start":{"line":16,"column":18},"end":{"line":16,"column":19}},"loc":{"start":{"line":16,"column":84},"end":{"line":31,"column":3}},"line":16}},"branchMap":{"0":{"loc":{"start":{"line":13,"column":50},"end":{"line":13,"column":74}},"type":"default-arg","locations":[{"start":{"line":13,"column":62},"end":{"line":13,"column":74}}],"line":13},"1":{"loc":{"start":{"line":13,"column":83},"end":{"line":13,"column":98}},"type":"default-arg","locations":[{"start":{"line":13,"column":93},"end":{"line":13,"column":98}}],"line":13},"2":{"loc":{"start":{"line":13,"column":100},"end":{"line":13,"column":113}},"type":"default-arg","locations":[{"start":{"line":13,"column":108},"end":{"line":13,"column":113}}],"line":13},"3":{"loc":{"start":{"line":14,"column":13},"end":{"line":14,"column":28}},"type":"binary-expr","locations":[{"start":{"line":14,"column":13},"end":{"line":14,"column":22}},{"start":{"line":14,"column":26},"end":{"line":14,"column":28}}],"line":14},"4":{"loc":{"start":{"line":17,"column":4},"end":{"line":17,"column":87}},"type":"if","locations":[{"start":{"line":17,"column":4},"end":{"line":17,"column":87}},{"start":{},"end":{}}],"line":17},"5":{"loc":{"start":{"line":18,"column":4},"end":{"line":20,"column":5}},"type":"if","locations":[{"start":{"line":18,"column":4},"end":{"line":20,"column":5}},{"start":{},"end":{}}],"line":18},"6":{"loc":{"start":{"line":18,"column":8},"end":{"line":18,"column":86}},"type":"binary-expr","locations":[{"start":{"line":18,"column":8},"end":{"line":18,"column":24}},{"start":{"line":18,"column":28},"end":{"line":18,"column":44}},{"start":{"line":18,"column":48},"end":{"line":18,"column":66}},{"start":{"line":18,"column":70},"end":{"line":18,"column":86}}],"line":18},"7":{"loc":{"start":{"line":21,"column":4},"end":{"line":23,"column":5}},"type":"if","locations":[{"start":{"line":21,"column":4},"end":{"line":23,"column":5}},{"start":{},"end":{}}],"line":21},"8":{"loc":{"start":{"line":21,"column":8},"end":{"line":21,"column":53}},"type":"binary-expr","locations":[{"start":{"line":21,"column":8},"end":{"line":21,"column":29}},{"start":{"line":21,"column":33},"end":{"line":21,"column":53}}],"line":21},"9":{"loc":{"start":{"line":24,"column":4},"end":{"line":26,"column":5}},"type":"if","locations":[{"start":{"line":24,"column":4},"end":{"line":26,"column":5}},{"start":{},"end":{}}],"line":24},"10":{"loc":{"start":{"line":27,"column":4},"end":{"line":29,"column":5}},"type":"if","locations":[{"start":{"line":27,"column":4},"end":{"line":29,"column":5}},{"start":{},"end":{}}],"line":27},"11":{"loc":{"start":{"line":33,"column":2},"end":{"line":39,"column":3}},"type":"if","locations":[{"start":{"line":33,"column":2},"end":{"line":39,"column":3}},{"start":{},"end":{}}],"line":33},"12":{"loc":{"start":{"line":37,"column":45},"end":{"line":37,"column":65}},"type":"binary-expr","locations":[{"start":{"line":37,"column":46},"end":{"line":37,"column":58}},{"start":{"line":37,"column":63},"end":{"line":37,"column":65}}],"line":37},"13":{"loc":{"start":{"line":41,"column":2},"end":{"line":43,"column":3}},"type":"if","locations":[{"start":{"line":41,"column":2},"end":{"line":43,"column":3}},{"start":{},"end":{}}],"line":41}},"s":{"0":1,"1":40,"2":40,"3":40,"4":1,"5":39,"6":22,"7":17,"8":5,"9":12,"10":5,"11":7,"12":3,"13":4,"14":40,"15":5,"16":5,"17":5,"18":5,"19":5,"20":35,"21":4,"22":31},"f":{"0":40,"1":40},"b":{"0":[2],"1":[35],"2":[35],"3":[40,1],"4":[1,39],"5":[22,17],"6":[39,23,21,19],"7":[5,12],"8":[17,15],"9":[5,7],"10":[3,4],"11":[5,35],"12":[5,5],"13":[4,31]},"_coverageSchema":"1a1c01bbd47fc00a2c39e90264f33305004495a9","hash":"57a123c0ccbd1c1f0f2f636ad40a8adb914ecce1"}
,"C:\\Users\\jordi\\Desktop\\UNI\\TFG\\RefugisLliures_Frontend\\src\\components\\BadgeType.tsx": {"path":"C:\\Users\\jordi\\Desktop\\UNI\\TFG\\RefugisLliures_Frontend\\src\\components\\BadgeType.tsx","statementMap":{"0":{"start":{"line":13,"column":42},"end":{"line":75,"column":1}},"1":{"start":{"line":15,"column":22},"end":{"line":49,"column":3}},"2":{"start":{"line":16,"column":4},"end":{"line":48,"column":5}},"3":{"start":{"line":18,"column":8},"end":{"line":21,"column":10}},"4":{"start":{"line":23,"column":8},"end":{"line":26,"column":10}},"5":{"start":{"line":28,"column":8},"end":{"line":31,"column":10}},"6":{"start":{"line":33,"column":8},"end":{"line":36,"column":10}},"7":{"start":{"line":38,"column":8},"end":{"line":41,"column":10}},"8":{"start":{"line":44,"column":8},"end":{"line":47,"column":10}},"9":{"start":{"line":51,"column":19},"end":{"line":51,"column":36}},"10":{"start":{"line":54,"column":29},"end":{"line":54,"column":63}},"11":{"start":{"line":55,"column":16},"end":{"line":55,"column":32}},"12":{"start":{"line":57,"column":22},"end":{"line":57,"column":37}},"13":{"start":{"line":60,"column":2},"end":{"line":67,"column":3}},"14":{"start":{"line":61,"column":22},"end":{"line":61,"column":31}},"15":{"start":{"line":62,"column":25},"end":{"line":62,"column":34}},"16":{"start":{"line":63,"column":26},"end":{"line":63,"column":35}},"17":{"start":{"line":65,"column":27},"end":{"line":65,"column":84}},"18":{"start":{"line":66,"column":4},"end":{"line":66,"column":169}},"19":{"start":{"line":70,"column":2},"end":{"line":72,"column":3}},"20":{"start":{"line":71,"column":4},"end":{"line":71,"column":219}},"21":{"start":{"line":74,"column":2},"end":{"line":74,"column":195}}},"fnMap":{"0":{"name":"(anonymous_0)","decl":{"start":{"line":13,"column":42},"end":{"line":13,"column":43}},"loc":{"start":{"line":13,"column":95},"end":{"line":75,"column":1}},"line":13},"1":{"name":"(anonymous_1)","decl":{"start":{"line":15,"column":22},"end":{"line":15,"column":23}},"loc":{"start":{"line":15,"column":139},"end":{"line":49,"column":3}},"line":15}},"branchMap":{"0":{"loc":{"start":{"line":13,"column":58},"end":{"line":13,"column":73}},"type":"default-arg","locations":[{"start":{"line":13,"column":68},"end":{"line":13,"column":73}}],"line":13},"1":{"loc":{"start":{"line":13,"column":75},"end":{"line":13,"column":88}},"type":"default-arg","locations":[{"start":{"line":13,"column":83},"end":{"line":13,"column":88}}],"line":13},"2":{"loc":{"start":{"line":16,"column":4},"end":{"line":48,"column":5}},"type":"switch","locations":[{"start":{"line":17,"column":6},"end":{"line":21,"column":10}},{"start":{"line":22,"column":6},"end":{"line":26,"column":10}},{"start":{"line":27,"column":6},"end":{"line":31,"column":10}},{"start":{"line":32,"column":6},"end":{"line":36,"column":10}},{"start":{"line":37,"column":6},"end":{"line":41,"column":10}},{"start":{"line":42,"column":6},"end":{"line":42,"column":13}},{"start":{"line":43,"column":6},"end":{"line":47,"column":10}}],"line":16},"3":{"loc":{"start":{"line":60,"column":2},"end":{"line":67,"column":3}},"type":"if","locations":[{"start":{"line":60,"column":2},"end":{"line":67,"column":3}},{"start":{},"end":{}}],"line":60},"4":{"loc":{"start":{"line":65,"column":45},"end":{"line":65,"column":65}},"type":"binary-expr","locations":[{"start":{"line":65,"column":46},"end":{"line":65,"column":58}},{"start":{"line":65,"column":63},"end":{"line":65,"column":65}}],"line":65},"5":{"loc":{"start":{"line":70,"column":2},"end":{"line":72,"column":3}},"type":"if","locations":[{"start":{"line":70,"column":2},"end":{"line":72,"column":3}},{"start":{},"end":{}}],"line":70}},"s":{"0":1,"1":52,"2":52,"3":15,"4":6,"5":7,"6":6,"7":5,"8":13,"9":52,"10":52,"11":52,"12":52,"13":52,"14":5,"15":5,"16":5,"17":5,"18":5,"19":47,"20":4,"21":43},"f":{"0":52,"1":52},"b":{"0":[47],"1":[47],"2":[15,6,7,6,5,6,13],"3":[5,47],"4":[5,5],"5":[4,43]},"_coverageSchema":"1a1c01bbd47fc00a2c39e90264f33305004495a9","hash":"3874f863040076cb683b78cbdd5325bd88708441"}
,"C:\\Users\\jordi\\Desktop\\UNI\\TFG\\RefugisLliures_Frontend\\src\\components\\CustomAlert.tsx": {"path":"C:\\Users\\jordi\\Desktop\\UNI\\TFG\\RefugisLliures_Frontend\\src\\components\\CustomAlert.tsx","statementMap":{"0":{"start":{"line":33,"column":28},"end":{"line":40,"column":3}},"1":{"start":{"line":34,"column":4},"end":{"line":36,"column":5}},"2":{"start":{"line":35,"column":6},"end":{"line":35,"column":23}},"3":{"start":{"line":37,"column":4},"end":{"line":39,"column":5}},"4":{"start":{"line":38,"column":6},"end":{"line":38,"column":18}},"5":{"start":{"line":43,"column":23},"end":{"line":43,"column":97}},"6":{"start":{"line":45,"column":2},"end":{"line":95,"column":4}},"7":{"start":{"line":63,"column":32},"end":{"line":63,"column":57}},"8":{"start":{"line":64,"column":36},"end":{"line":64,"column":66}},"9":{"start":{"line":66,"column":14},"end":{"line":89,"column":16}},"10":{"start":{"line":77,"column":33},"end":{"line":77,"column":58}},"11":{"start":{"line":98,"column":15},"end":{"line":177,"column":2}}},"fnMap":{"0":{"name":"CustomAlert","decl":{"start":{"line":25,"column":16},"end":{"line":25,"column":27}},"loc":{"start":{"line":31,"column":21},"end":{"line":96,"column":1}},"line":31},"1":{"name":"(anonymous_1)","decl":{"start":{"line":33,"column":28},"end":{"line":33,"column":29}},"loc":{"start":{"line":33,"column":53},"end":{"line":40,"column":3}},"line":33},"2":{"name":"(anonymous_2)","decl":{"start":{"line":62,"column":30},"end":{"line":62,"column":31}},"loc":{"start":{"line":62,"column":49},"end":{"line":90,"column":13}},"line":62},"3":{"name":"(anonymous_3)","decl":{"start":{"line":77,"column":27},"end":{"line":77,"column":28}},"loc":{"start":{"line":77,"column":33},"end":{"line":77,"column":58}},"line":77}},"branchMap":{"0":{"loc":{"start":{"line":29,"column":2},"end":{"line":29,"column":14}},"type":"default-arg","locations":[{"start":{"line":29,"column":12},"end":{"line":29,"column":14}}],"line":29},"1":{"loc":{"start":{"line":34,"column":4},"end":{"line":36,"column":5}},"type":"if","locations":[{"start":{"line":34,"column":4},"end":{"line":36,"column":5}},{"start":{},"end":{}}],"line":34},"2":{"loc":{"start":{"line":37,"column":4},"end":{"line":39,"column":5}},"type":"if","locations":[{"start":{"line":37,"column":4},"end":{"line":39,"column":5}},{"start":{},"end":{}}],"line":37},"3":{"loc":{"start":{"line":43,"column":23},"end":{"line":43,"column":97}},"type":"cond-expr","locations":[{"start":{"line":43,"column":44},"end":{"line":43,"column":51}},{"start":{"line":43,"column":54},"end":{"line":43,"column":97}}],"line":43},"4":{"loc":{"start":{"line":55,"column":13},"end":{"line":55,"column":68}},"type":"binary-expr","locations":[{"start":{"line":55,"column":13},"end":{"line":55,"column":18}},{"start":{"line":55,"column":22},"end":{"line":55,"column":68}}],"line":55},"5":{"loc":{"start":{"line":60,"column":12},"end":{"line":60,"column":66}},"type":"binary-expr","locations":[{"start":{"line":60,"column":12},"end":{"line":60,"column":37}},{"start":{"line":60,"column":41},"end":{"line":60,"column":66}}],"line":60},"6":{"loc":{"start":{"line":71,"column":20},"end":{"line":71,"column":101}},"type":"cond-expr","locations":[{"start":{"line":71,"column":48},"end":{"line":71,"column":72}},{"start":{"line":71,"column":75},"end":{"line":71,"column":101}}],"line":71},"7":{"loc":{"start":{"line":72,"column":20},"end":{"line":72,"column":70}},"type":"binary-expr","locations":[{"start":{"line":72,"column":20},"end":{"line":72,"column":29}},{"start":{"line":72,"column":33},"end":{"line":72,"column":47}},{"start":{"line":72,"column":51},"end":{"line":72,"column":70}}],"line":72},"8":{"loc":{"start":{"line":73,"column":20},"end":{"line":73,"column":52}},"type":"binary-expr","locations":[{"start":{"line":73,"column":20},"end":{"line":73,"column":30}},{"start":{"line":73,"column":34},"end":{"line":73,"column":52}}],"line":73},"9":{"loc":{"start":{"line":74,"column":20},"end":{"line":74,"column":60}},"type":"binary-expr","locations":[{"start":{"line":74,"column":20},"end":{"line":74,"column":33}},{"start":{"line":74,"column":37},"end":{"line":74,"column":60}}],"line":74},"10":{"loc":{"start":{"line":75,"column":20},"end":{"line":75,"column":57}},"type":"binary-expr","locations":[{"start":{"line":75,"column":20},"end":{"line":75,"column":29}},{"start":{"line":75,"column":33},"end":{"line":75,"column":57}}],"line":75},"11":{"loc":{"start":{"line":82,"column":22},"end":{"line":82,"column":76}},"type":"binary-expr","locations":[{"start":{"line":82,"column":22},"end":{"line":82,"column":31}},{"start":{"line":82,"column":35},"end":{"line":82,"column":49}},{"start":{"line":82,"column":53},"end":{"line":82,"column":76}}],"line":82},"12":{"loc":{"start":{"line":83,"column":22},"end":{"line":83,"column":66}},"type":"binary-expr","locations":[{"start":{"line":83,"column":22},"end":{"line":83,"column":35}},{"start":{"line":83,"column":39},"end":{"line":83,"column":66}}],"line":83}},"s":{"0":94,"1":10,"2":9,"3":10,"4":10,"5":94,"6":94,"7":107,"8":107,"9":107,"10":10,"11":2},"f":{"0":94,"1":10,"2":107,"3":10},"b":{"0":[54],"1":[9,1],"2":[10,0],"3":[39,55],"4":[94,38],"5":[94,86],"6":[86,21],"7":[107,104,101],"8":[107,3],"9":[107,3],"10":[107,13],"11":[107,104,101],"12":[107,3]},"_coverageSchema":"1a1c01bbd47fc00a2c39e90264f33305004495a9","hash":"dfcd4105fe0e4174fad47013c6499f97b6d44d1f"}
,"C:\\Users\\jordi\\Desktop\\UNI\\TFG\\RefugisLliures_Frontend\\src\\components\\FilterPanel.tsx": {"path":"C:\\Users\\jordi\\Desktop\\UNI\\TFG\\RefugisLliures_Frontend\\src\\components\\FilterPanel.tsx","statementMap":{"0":{"start":{"line":20,"column":20},"end":{"line":20,"column":50}},"1":{"start":{"line":39,"column":16},"end":{"line":39,"column":32}},"2":{"start":{"line":41,"column":24},"end":{"line":47,"column":3}},"3":{"start":{"line":49,"column":21},"end":{"line":53,"column":3}},"4":{"start":{"line":57,"column":42},"end":{"line":57,"column":68}},"5":{"start":{"line":60,"column":2},"end":{"line":62,"column":24}},"6":{"start":{"line":61,"column":4},"end":{"line":61,"column":41}},"7":{"start":{"line":61,"column":16},"end":{"line":61,"column":41}},"8":{"start":{"line":64,"column":27},"end":{"line":70,"column":3}},"9":{"start":{"line":65,"column":21},"end":{"line":67,"column":39}},"10":{"start":{"line":66,"column":41},"end":{"line":66,"column":53}},"11":{"start":{"line":69,"column":4},"end":{"line":69,"column":58}},"12":{"start":{"line":72,"column":32},"end":{"line":78,"column":3}},"13":{"start":{"line":73,"column":26},"end":{"line":75,"column":48}},"14":{"start":{"line":74,"column":45},"end":{"line":74,"column":62}},"15":{"start":{"line":77,"column":4},"end":{"line":77,"column":67}},"16":{"start":{"line":80,"column":23},"end":{"line":119,"column":3}},"17":{"start":{"line":81,"column":29},"end":{"line":86,"column":5}},"18":{"start":{"line":89,"column":18},"end":{"line":95,"column":5}},"19":{"start":{"line":90,"column":6},"end":{"line":90,"column":31}},"20":{"start":{"line":90,"column":19},"end":{"line":90,"column":31}},"21":{"start":{"line":91,"column":6},"end":{"line":91,"column":33}},"22":{"start":{"line":91,"column":20},"end":{"line":91,"column":33}},"23":{"start":{"line":92,"column":6},"end":{"line":92,"column":46}},"24":{"start":{"line":92,"column":33},"end":{"line":92,"column":46}},"25":{"start":{"line":93,"column":6},"end":{"line":93,"column":73}},"26":{"start":{"line":93,"column":19},"end":{"line":93,"column":20}},"27":{"start":{"line":93,"column":41},"end":{"line":93,"column":73}},"28":{"start":{"line":93,"column":60},"end":{"line":93,"column":73}},"29":{"start":{"line":94,"column":6},"end":{"line":94,"column":18}},"30":{"start":{"line":98,"column":22},"end":{"line":102,"column":31}},"31":{"start":{"line":99,"column":6},"end":{"line":102,"column":31}},"32":{"start":{"line":106,"column":4},"end":{"line":109,"column":5}},"33":{"start":{"line":107,"column":6},"end":{"line":107,"column":31}},"34":{"start":{"line":108,"column":6},"end":{"line":108,"column":13}},"35":{"start":{"line":112,"column":27},"end":{"line":112,"column":54}},"36":{"start":{"line":113,"column":4},"end":{"line":113,"column":31}},"37":{"start":{"line":113,"column":24},"end":{"line":113,"column":31}},"38":{"start":{"line":116,"column":4},"end":{"line":116,"column":29}},"39":{"start":{"line":117,"column":4},"end":{"line":117,"column":29}},"40":{"start":{"line":122,"column":4},"end":{"line":125,"column":78}},"41":{"start":{"line":127,"column":38},"end":{"line":127,"column":53}},"42":{"start":{"line":129,"column":28},"end":{"line":129,"column":53}},"43":{"start":{"line":129,"column":34},"end":{"line":129,"column":53}},"44":{"start":{"line":130,"column":26},"end":{"line":130,"column":52}},"45":{"start":{"line":130,"column":32},"end":{"line":130,"column":52}},"46":{"start":{"line":131,"column":27},"end":{"line":131,"column":52}},"47":{"start":{"line":131,"column":33},"end":{"line":131,"column":52}},"48":{"start":{"line":133,"column":2},"end":{"line":320,"column":4}},"49":{"start":{"line":144,"column":10},"end":{"line":144,"column":37}},"50":{"start":{"line":144,"column":27},"end":{"line":144,"column":37}},"51":{"start":{"line":194,"column":37},"end":{"line":194,"column":73}},"52":{"start":{"line":195,"column":20},"end":{"line":209,"column":22}},"53":{"start":{"line":199,"column":39},"end":{"line":199,"column":64}},"54":{"start":{"line":228,"column":20},"end":{"line":228,"column":91}},"55":{"start":{"line":255,"column":20},"end":{"line":255,"column":89}},"56":{"start":{"line":276,"column":37},"end":{"line":276,"column":89}},"57":{"start":{"line":277,"column":20},"end":{"line":290,"column":22}},"58":{"start":{"line":281,"column":39},"end":{"line":281,"column":81}},"59":{"start":{"line":309,"column":16},"end":{"line":309,"column":46}},"60":{"start":{"line":310,"column":16},"end":{"line":310,"column":26}},"61":{"start":{"line":323,"column":15},"end":{"line":544,"column":2}}},"fnMap":{"0":{"name":"FilterPanel","decl":{"start":{"line":31,"column":16},"end":{"line":31,"column":27}},"loc":{"start":{"line":38,"column":21},"end":{"line":321,"column":1}},"line":38},"1":{"name":"(anonymous_1)","decl":{"start":{"line":60,"column":12},"end":{"line":60,"column":13}},"loc":{"start":{"line":60,"column":18},"end":{"line":62,"column":3}},"line":60},"2":{"name":"(anonymous_2)","decl":{"start":{"line":64,"column":27},"end":{"line":64,"column":28}},"loc":{"start":{"line":64,"column":47},"end":{"line":70,"column":3}},"line":64},"3":{"name":"(anonymous_3)","decl":{"start":{"line":66,"column":34},"end":{"line":66,"column":35}},"loc":{"start":{"line":66,"column":41},"end":{"line":66,"column":53}},"line":66},"4":{"name":"(anonymous_4)","decl":{"start":{"line":72,"column":32},"end":{"line":72,"column":33}},"loc":{"start":{"line":72,"column":76},"end":{"line":78,"column":3}},"line":72},"5":{"name":"(anonymous_5)","decl":{"start":{"line":74,"column":38},"end":{"line":74,"column":39}},"loc":{"start":{"line":74,"column":45},"end":{"line":74,"column":62}},"line":74},"6":{"name":"(anonymous_6)","decl":{"start":{"line":80,"column":23},"end":{"line":80,"column":24}},"loc":{"start":{"line":80,"column":29},"end":{"line":119,"column":3}},"line":80},"7":{"name":"(anonymous_7)","decl":{"start":{"line":89,"column":18},"end":{"line":89,"column":19}},"loc":{"start":{"line":89,"column":42},"end":{"line":95,"column":5}},"line":89},"8":{"name":"(anonymous_8)","decl":{"start":{"line":98,"column":22},"end":{"line":98,"column":23}},"loc":{"start":{"line":99,"column":6},"end":{"line":102,"column":31}},"line":99},"9":{"name":"(anonymous_9)","decl":{"start":{"line":129,"column":28},"end":{"line":129,"column":29}},"loc":{"start":{"line":129,"column":34},"end":{"line":129,"column":53}},"line":129},"10":{"name":"(anonymous_10)","decl":{"start":{"line":130,"column":26},"end":{"line":130,"column":27}},"loc":{"start":{"line":130,"column":32},"end":{"line":130,"column":52}},"line":130},"11":{"name":"(anonymous_11)","decl":{"start":{"line":131,"column":27},"end":{"line":131,"column":28}},"loc":{"start":{"line":131,"column":33},"end":{"line":131,"column":52}},"line":131},"12":{"name":"(anonymous_12)","decl":{"start":{"line":143,"column":17},"end":{"line":143,"column":18}},"loc":{"start":{"line":143,"column":23},"end":{"line":145,"column":9}},"line":143},"13":{"name":"(anonymous_13)","decl":{"start":{"line":147,"column":43},"end":{"line":147,"column":44}},"loc":{"start":{"line":147,"column":49},"end":{"line":147,"column":80}},"line":147},"14":{"name":"(anonymous_14)","decl":{"start":{"line":193,"column":37},"end":{"line":193,"column":38}},"loc":{"start":{"line":193,"column":47},"end":{"line":210,"column":19}},"line":193},"15":{"name":"(anonymous_15)","decl":{"start":{"line":199,"column":33},"end":{"line":199,"column":34}},"loc":{"start":{"line":199,"column":39},"end":{"line":199,"column":64}},"line":199},"16":{"name":"(anonymous_16)","decl":{"start":{"line":227,"column":34},"end":{"line":227,"column":35}},"loc":{"start":{"line":227,"column":46},"end":{"line":229,"column":19}},"line":227},"17":{"name":"(anonymous_17)","decl":{"start":{"line":254,"column":34},"end":{"line":254,"column":35}},"loc":{"start":{"line":254,"column":46},"end":{"line":256,"column":19}},"line":254},"18":{"name":"(anonymous_18)","decl":{"start":{"line":275,"column":34},"end":{"line":275,"column":35}},"loc":{"start":{"line":275,"column":49},"end":{"line":291,"column":19}},"line":275},"19":{"name":"(anonymous_19)","decl":{"start":{"line":281,"column":33},"end":{"line":281,"column":34}},"loc":{"start":{"line":281,"column":39},"end":{"line":281,"column":81}},"line":281},"20":{"name":"(anonymous_20)","decl":{"start":{"line":307,"column":23},"end":{"line":307,"column":24}},"loc":{"start":{"line":307,"column":29},"end":{"line":311,"column":15}},"line":307}},"branchMap":{"0":{"loc":{"start":{"line":36,"column":2},"end":{"line":36,"column":20}},"type":"default-arg","locations":[{"start":{"line":36,"column":16},"end":{"line":36,"column":20}}],"line":36},"1":{"loc":{"start":{"line":37,"column":2},"end":{"line":37,"column":16}},"type":"default-arg","locations":[{"start":{"line":37,"column":14},"end":{"line":37,"column":16}}],"line":37},"2":{"loc":{"start":{"line":61,"column":4},"end":{"line":61,"column":41}},"type":"if","locations":[{"start":{"line":61,"column":4},"end":{"line":61,"column":41}},{"start":{},"end":{}}],"line":61},"3":{"loc":{"start":{"line":65,"column":21},"end":{"line":67,"column":39}},"type":"cond-expr","locations":[{"start":{"line":66,"column":8},"end":{"line":66,"column":54}},{"start":{"line":67,"column":8},"end":{"line":67,"column":39}}],"line":65},"4":{"loc":{"start":{"line":73,"column":26},"end":{"line":75,"column":48}},"type":"cond-expr","locations":[{"start":{"line":74,"column":8},"end":{"line":74,"column":63}},{"start":{"line":75,"column":8},"end":{"line":75,"column":48}}],"line":73},"5":{"loc":{"start":{"line":90,"column":6},"end":{"line":90,"column":31}},"type":"if","locations":[{"start":{"line":90,"column":6},"end":{"line":90,"column":31}},{"start":{},"end":{}}],"line":90},"6":{"loc":{"start":{"line":91,"column":6},"end":{"line":91,"column":33}},"type":"if","locations":[{"start":{"line":91,"column":6},"end":{"line":91,"column":33}},{"start":{},"end":{}}],"line":91},"7":{"loc":{"start":{"line":91,"column":10},"end":{"line":91,"column":18}},"type":"binary-expr","locations":[{"start":{"line":91,"column":10},"end":{"line":91,"column":12}},{"start":{"line":91,"column":16},"end":{"line":91,"column":18}}],"line":91},"8":{"loc":{"start":{"line":92,"column":6},"end":{"line":92,"column":46}},"type":"if","locations":[{"start":{"line":92,"column":6},"end":{"line":92,"column":46}},{"start":{},"end":{}}],"line":92},"9":{"loc":{"start":{"line":93,"column":41},"end":{"line":93,"column":73}},"type":"if","locations":[{"start":{"line":93,"column":41},"end":{"line":93,"column":73}},{"start":{},"end":{}}],"line":93},"10":{"loc":{"start":{"line":99,"column":6},"end":{"line":102,"column":31}},"type":"binary-expr","locations":[{"start":{"line":99,"column":6},"end":{"line":99,"column":29}},{"start":{"line":100,"column":6},"end":{"line":100,"column":37}},{"start":{"line":101,"column":6},"end":{"line":101,"column":35}},{"start":{"line":102,"column":6},"end":{"line":102,"column":31}}],"line":99},"11":{"loc":{"start":{"line":106,"column":4},"end":{"line":109,"column":5}},"type":"if","locations":[{"start":{"line":106,"column":4},"end":{"line":109,"column":5}},{"start":{},"end":{}}],"line":106},"12":{"loc":{"start":{"line":113,"column":4},"end":{"line":113,"column":31}},"type":"if","locations":[{"start":{"line":113,"column":4},"end":{"line":113,"column":31}},{"start":{},"end":{}}],"line":113},"13":{"loc":{"start":{"line":124,"column":5},"end":{"line":124,"column":83}},"type":"cond-expr","locations":[{"start":{"line":124,"column":78},"end":{"line":124,"column":79}},{"start":{"line":124,"column":82},"end":{"line":124,"column":83}}],"line":124},"14":{"loc":{"start":{"line":124,"column":5},"end":{"line":124,"column":75}},"type":"binary-expr","locations":[{"start":{"line":124,"column":5},"end":{"line":124,"column":33}},{"start":{"line":124,"column":37},"end":{"line":124,"column":75}}],"line":124},"15":{"loc":{"start":{"line":125,"column":5},"end":{"line":125,"column":77}},"type":"cond-expr","locations":[{"start":{"line":125,"column":72},"end":{"line":125,"column":73}},{"start":{"line":125,"column":76},"end":{"line":125,"column":77}}],"line":125},"16":{"loc":{"start":{"line":125,"column":5},"end":{"line":125,"column":69}},"type":"binary-expr","locations":[{"start":{"line":125,"column":5},"end":{"line":125,"column":31}},{"start":{"line":125,"column":35},"end":{"line":125,"column":69}}],"line":125},"17":{"loc":{"start":{"line":144,"column":10},"end":{"line":144,"column":37}},"type":"if","locations":[{"start":{"line":144,"column":10},"end":{"line":144,"column":37}},{"start":{},"end":{}}],"line":144},"18":{"loc":{"start":{"line":157,"column":15},"end":{"line":161,"column":15}},"type":"binary-expr","locations":[{"start":{"line":157,"column":15},"end":{"line":157,"column":37}},{"start":{"line":158,"column":16},"end":{"line":160,"column":23}}],"line":157},"19":{"loc":{"start":{"line":198,"column":53},"end":{"line":198,"column":123}},"type":"cond-expr","locations":[{"start":{"line":198,"column":64},"end":{"line":198,"column":91}},{"start":{"line":198,"column":94},"end":{"line":198,"column":123}}],"line":198},"20":{"loc":{"start":{"line":205,"column":33},"end":{"line":205,"column":78}},"type":"cond-expr","locations":[{"start":{"line":205,"column":44},"end":{"line":205,"column":53}},{"start":{"line":205,"column":56},"end":{"line":205,"column":78}}],"line":205},"21":{"loc":{"start":{"line":280,"column":53},"end":{"line":280,"column":123}},"type":"cond-expr","locations":[{"start":{"line":280,"column":64},"end":{"line":280,"column":91}},{"start":{"line":280,"column":94},"end":{"line":280,"column":123}}],"line":280},"22":{"loc":{"start":{"line":286,"column":33},"end":{"line":286,"column":78}},"type":"cond-expr","locations":[{"start":{"line":286,"column":44},"end":{"line":286,"column":53}},{"start":{"line":286,"column":56},"end":{"line":286,"column":78}}],"line":286}},"s":{"0":0,"1":0,"2":0,"3":0,"4":0,"5":0,"6":0,"7":0,"8":0,"9":0,"10":0,"11":0,"12":0,"13":0,"14":0,"15":0,"16":0,"17":0,"18":0,"19":0,"20":0,"21":0,"22":0,"23":0,"24":0,"25":0,"26":0,"27":0,"28":0,"29":0,"30":0,"31":0,"32":0,"33":0,"34":0,"35":0,"36":0,"37":0,"38":0,"39":0,"40":0,"41":0,"42":0,"43":0,"44":0,"45":0,"46":0,"47":0,"48":0,"49":0,"50":0,"51":0,"52":0,"53":0,"54":0,"55":0,"56":0,"57":0,"58":0,"59":0,"60":0,"61":0},"f":{"0":0,"1":0,"2":0,"3":0,"4":0,"5":0,"6":0,"7":0,"8":0,"9":0,"10":0,"11":0,"12":0,"13":0,"14":0,"15":0,"16":0,"17":0,"18":0,"19":0,"20":0},"b":{"0":[0],"1":[0],"2":[0,0],"3":[0,0],"4":[0,0],"5":[0,0],"6":[0,0],"7":[0,0],"8":[0,0],"9":[0,0],"10":[0,0,0,0],"11":[0,0],"12":[0,0],"13":[0,0],"14":[0,0],"15":[0,0],"16":[0,0],"17":[0,0],"18":[0,0],"19":[0,0],"20":[0,0],"21":[0,0],"22":[0,0]}}
,"C:\\Users\\jordi\\Desktop\\UNI\\TFG\\RefugisLliures_Frontend\\src\\components\\LanguageSelector.tsx": {"path":"C:\\Users\\jordi\\Desktop\\UNI\\TFG\\RefugisLliures_Frontend\\src\\components\\LanguageSelector.tsx","statementMap":{"0":{"start":{"line":16,"column":22},"end":{"line":16,"column":38}},"1":{"start":{"line":17,"column":49},"end":{"line":17,"column":58}},"2":{"start":{"line":18,"column":62},"end":{"line":18,"column":78}},"3":{"start":{"line":19,"column":26},"end":{"line":19,"column":46}},"4":{"start":{"line":20,"column":38},"end":{"line":20,"column":53}},"5":{"start":{"line":22,"column":31},"end":{"line":58,"column":3}},"6":{"start":{"line":23,"column":4},"end":{"line":23,"column":27}},"7":{"start":{"line":23,"column":20},"end":{"line":23,"column":27}},"8":{"start":{"line":25,"column":4},"end":{"line":57,"column":5}},"9":{"start":{"line":26,"column":6},"end":{"line":26,"column":26}},"10":{"start":{"line":29,"column":6},"end":{"line":29,"column":41}},"11":{"start":{"line":32,"column":6},"end":{"line":49,"column":7}},"12":{"start":{"line":33,"column":8},"end":{"line":48,"column":9}},"13":{"start":{"line":34,"column":10},"end":{"line":38,"column":12}},"14":{"start":{"line":40,"column":10},"end":{"line":40,"column":29}},"15":{"start":{"line":42,"column":10},"end":{"line":42,"column":72}},"16":{"start":{"line":44,"column":10},"end":{"line":47,"column":12}},"17":{"start":{"line":51,"column":6},"end":{"line":51,"column":16}},"18":{"start":{"line":53,"column":6},"end":{"line":53,"column":53}},"19":{"start":{"line":54,"column":6},"end":{"line":54,"column":54}},"20":{"start":{"line":56,"column":6},"end":{"line":56,"column":27}},"21":{"start":{"line":60,"column":2},"end":{"line":116,"column":4}},"22":{"start":{"line":82,"column":33},"end":{"line":82,"column":57}},"23":{"start":{"line":83,"column":14},"end":{"line":99,"column":16}},"24":{"start":{"line":87,"column":33},"end":{"line":87,"column":75}},"25":{"start":{"line":119,"column":15},"end":{"line":194,"column":2}}},"fnMap":{"0":{"name":"LanguageSelector","decl":{"start":{"line":15,"column":16},"end":{"line":15,"column":32}},"loc":{"start":{"line":15,"column":78},"end":{"line":117,"column":1}},"line":15},"1":{"name":"(anonymous_1)","decl":{"start":{"line":22,"column":31},"end":{"line":22,"column":32}},"loc":{"start":{"line":22,"column":69},"end":{"line":58,"column":3}},"line":22},"2":{"name":"(anonymous_2)","decl":{"start":{"line":81,"column":43},"end":{"line":81,"column":44}},"loc":{"start":{"line":81,"column":77},"end":{"line":100,"column":13}},"line":81},"3":{"name":"(anonymous_3)","decl":{"start":{"line":87,"column":27},"end":{"line":87,"column":28}},"loc":{"start":{"line":87,"column":33},"end":{"line":87,"column":75}},"line":87}},"branchMap":{"0":{"loc":{"start":{"line":23,"column":4},"end":{"line":23,"column":27}},"type":"if","locations":[{"start":{"line":23,"column":4},"end":{"line":23,"column":27}},{"start":{},"end":{}}],"line":23},"1":{"loc":{"start":{"line":32,"column":6},"end":{"line":49,"column":7}},"type":"if","locations":[{"start":{"line":32,"column":6},"end":{"line":49,"column":7}},{"start":{},"end":{}}],"line":32},"2":{"loc":{"start":{"line":32,"column":10},"end":{"line":32,"column":34}},"type":"binary-expr","locations":[{"start":{"line":32,"column":10},"end":{"line":32,"column":21}},{"start":{"line":32,"column":25},"end":{"line":32,"column":34}}],"line":32},"3":{"loc":{"start":{"line":46,"column":12},"end":{"line":46,"column":99}},"type":"binary-expr","locations":[{"start":{"line":46,"column":12},"end":{"line":46,"column":53}},{"start":{"line":46,"column":57},"end":{"line":46,"column":99}}],"line":46},"4":{"loc":{"start":{"line":86,"column":47},"end":{"line":86,"column":88}},"type":"binary-expr","locations":[{"start":{"line":86,"column":47},"end":{"line":86,"column":57}},{"start":{"line":86,"column":61},"end":{"line":86,"column":88}}],"line":86},"5":{"loc":{"start":{"line":90,"column":55},"end":{"line":90,"column":96}},"type":"binary-expr","locations":[{"start":{"line":90,"column":55},"end":{"line":90,"column":65}},{"start":{"line":90,"column":69},"end":{"line":90,"column":96}}],"line":90},"6":{"loc":{"start":{"line":95,"column":19},"end":{"line":97,"column":19}},"type":"binary-expr","locations":[{"start":{"line":95,"column":19},"end":{"line":95,"column":29}},{"start":{"line":96,"column":20},"end":{"line":96,"column":59}}],"line":95},"7":{"loc":{"start":{"line":106,"column":7},"end":{"line":114,"column":7}},"type":"binary-expr","locations":[{"start":{"line":106,"column":7},"end":{"line":106,"column":18}},{"start":{"line":107,"column":8},"end":{"line":113,"column":10}}],"line":106}},"s":{"0":56,"1":56,"2":56,"3":56,"4":56,"5":56,"6":16,"7":3,"8":13,"9":13,"10":13,"11":11,"12":9,"13":9,"14":7,"15":2,"16":2,"17":11,"18":2,"19":2,"20":13,"21":56,"22":224,"23":224,"24":16,"25":1},"f":{"0":56,"1":16,"2":224,"3":16},"b":{"0":[3,13],"1":[9,2],"2":[11,10],"3":[2,0],"4":[224,54],"5":[224,54],"6":[224,54],"7":[56,56]},"_coverageSchema":"1a1c01bbd47fc00a2c39e90264f33305004495a9","hash":"0dcf2c810d7b0f8e4eb98b8992611b62cb9768cb"}
,"C:\\Users\\jordi\\Desktop\\UNI\\TFG\\RefugisLliures_Frontend\\src\\components\\LeafletWebMap.tsx": {"path":"C:\\Users\\jordi\\Desktop\\UNI\\TFG\\RefugisLliures_Frontend\\src\\components\\LeafletWebMap.tsx","statementMap":{"0":{"start":{"line":17,"column":29},"end":{"line":353,"column":2}},"1":{"start":{"line":25,"column":40},"end":{"line":25,"column":59}},"2":{"start":{"line":26,"column":21},"end":{"line":26,"column":38}},"3":{"start":{"line":27,"column":46},"end":{"line":27,"column":61}},"4":{"start":{"line":28,"column":31},"end":{"line":28,"column":53}},"5":{"start":{"line":30,"column":2},"end":{"line":38,"column":9}},"6":{"start":{"line":32,"column":22},"end":{"line":36,"column":5}},"7":{"start":{"line":33,"column":6},"end":{"line":33,"column":46}},"8":{"start":{"line":34,"column":21},"end":{"line":34,"column":59}},"9":{"start":{"line":35,"column":6},"end":{"line":35,"column":29}},"10":{"start":{"line":37,"column":4},"end":{"line":37,"column":16}},"11":{"start":{"line":41,"column":2},"end":{"line":55,"column":52}},"12":{"start":{"line":42,"column":4},"end":{"line":54,"column":5}},"13":{"start":{"line":44,"column":31},"end":{"line":44,"column":105}},"14":{"start":{"line":45,"column":6},"end":{"line":53,"column":7}},"15":{"start":{"line":46,"column":19},"end":{"line":50,"column":9}},"16":{"start":{"line":51,"column":8},"end":{"line":51,"column":48}},"17":{"start":{"line":52,"column":8},"end":{"line":52,"column":49}},"18":{"start":{"line":58,"column":2},"end":{"line":67,"column":41}},"19":{"start":{"line":59,"column":4},"end":{"line":66,"column":5}},"20":{"start":{"line":60,"column":17},"end":{"line":64,"column":7}},"21":{"start":{"line":65,"column":6},"end":{"line":65,"column":46}},"22":{"start":{"line":70,"column":2},"end":{"line":98,"column":37}},"23":{"start":{"line":72,"column":4},"end":{"line":97,"column":5}},"24":{"start":{"line":73,"column":17},"end":{"line":95,"column":7}},"25":{"start":{"line":96,"column":6},"end":{"line":96,"column":46}},"26":{"start":{"line":101,"column":18},"end":{"line":315,"column":19}},"27":{"start":{"line":101,"column":32},"end":{"line":315,"column":3}},"28":{"start":{"line":317,"column":24},"end":{"line":333,"column":3}},"29":{"start":{"line":318,"column":4},"end":{"line":332,"column":5}},"30":{"start":{"line":319,"column":19},"end":{"line":319,"column":53}},"31":{"start":{"line":320,"column":6},"end":{"line":329,"column":7}},"32":{"start":{"line":322,"column":8},"end":{"line":326,"column":9}},"33":{"start":{"line":323,"column":10},"end":{"line":323,"column":36}},"34":{"start":{"line":324,"column":15},"end":{"line":326,"column":9}},"35":{"start":{"line":325,"column":10},"end":{"line":325,"column":42}},"36":{"start":{"line":327,"column":13},"end":{"line":329,"column":7}},"37":{"start":{"line":328,"column":8},"end":{"line":328,"column":32}},"38":{"start":{"line":331,"column":6},"end":{"line":331,"column":66}},"39":{"start":{"line":335,"column":2},"end":{"line":352,"column":4}},"40":{"start":{"line":355,"column":15},"end":{"line":362,"column":2}}},"fnMap":{"0":{"name":"LeafletWebMap","decl":{"start":{"line":17,"column":43},"end":{"line":17,"column":56}},"loc":{"start":{"line":24,"column":23},"end":{"line":353,"column":1}},"line":24},"1":{"name":"(anonymous_1)","decl":{"start":{"line":30,"column":12},"end":{"line":30,"column":13}},"loc":{"start":{"line":30,"column":18},"end":{"line":38,"column":3}},"line":30},"2":{"name":"(anonymous_2)","decl":{"start":{"line":32,"column":22},"end":{"line":32,"column":23}},"loc":{"start":{"line":32,"column":34},"end":{"line":36,"column":5}},"line":32},"3":{"name":"(anonymous_3)","decl":{"start":{"line":41,"column":12},"end":{"line":41,"column":13}},"loc":{"start":{"line":41,"column":18},"end":{"line":55,"column":3}},"line":41},"4":{"name":"(anonymous_4)","decl":{"start":{"line":58,"column":12},"end":{"line":58,"column":13}},"loc":{"start":{"line":58,"column":18},"end":{"line":67,"column":3}},"line":58},"5":{"name":"(anonymous_5)","decl":{"start":{"line":70,"column":12},"end":{"line":70,"column":13}},"loc":{"start":{"line":70,"column":18},"end":{"line":98,"column":3}},"line":70},"6":{"name":"(anonymous_6)","decl":{"start":{"line":101,"column":26},"end":{"line":101,"column":27}},"loc":{"start":{"line":101,"column":32},"end":{"line":315,"column":3}},"line":101},"7":{"name":"(anonymous_7)","decl":{"start":{"line":317,"column":24},"end":{"line":317,"column":25}},"loc":{"start":{"line":317,"column":40},"end":{"line":333,"column":3}},"line":317}},"branchMap":{"0":{"loc":{"start":{"line":21,"column":2},"end":{"line":21,"column":22}},"type":"default-arg","locations":[{"start":{"line":21,"column":11},"end":{"line":21,"column":22}}],"line":21},"1":{"loc":{"start":{"line":22,"column":2},"end":{"line":22,"column":10}},"type":"default-arg","locations":[{"start":{"line":22,"column":9},"end":{"line":22,"column":10}}],"line":22},"2":{"loc":{"start":{"line":42,"column":4},"end":{"line":54,"column":5}},"type":"if","locations":[{"start":{"line":42,"column":4},"end":{"line":54,"column":5}},{"start":{},"end":{}}],"line":42},"3":{"loc":{"start":{"line":42,"column":8},"end":{"line":42,"column":68}},"type":"binary-expr","locations":[{"start":{"line":42,"column":8},"end":{"line":42,"column":22}},{"start":{"line":42,"column":26},"end":{"line":42,"column":44}},{"start":{"line":42,"column":48},"end":{"line":42,"column":68}}],"line":42},"4":{"loc":{"start":{"line":45,"column":6},"end":{"line":53,"column":7}},"type":"if","locations":[{"start":{"line":45,"column":6},"end":{"line":53,"column":7}},{"start":{},"end":{}}],"line":45},"5":{"loc":{"start":{"line":48,"column":58},"end":{"line":48,"column":86}},"type":"binary-expr","locations":[{"start":{"line":48,"column":58},"end":{"line":48,"column":78}},{"start":{"line":48,"column":82},"end":{"line":48,"column":86}}],"line":48},"6":{"loc":{"start":{"line":59,"column":4},"end":{"line":66,"column":5}},"type":"if","locations":[{"start":{"line":59,"column":4},"end":{"line":66,"column":5}},{"start":{},"end":{}}],"line":59},"7":{"loc":{"start":{"line":59,"column":8},"end":{"line":59,"column":44}},"type":"binary-expr","locations":[{"start":{"line":59,"column":8},"end":{"line":59,"column":22}},{"start":{"line":59,"column":26},"end":{"line":59,"column":44}}],"line":59},"8":{"loc":{"start":{"line":62,"column":33},"end":{"line":62,"column":61}},"type":"binary-expr","locations":[{"start":{"line":62,"column":33},"end":{"line":62,"column":53}},{"start":{"line":62,"column":57},"end":{"line":62,"column":61}}],"line":62},"9":{"loc":{"start":{"line":72,"column":4},"end":{"line":97,"column":5}},"type":"if","locations":[{"start":{"line":72,"column":4},"end":{"line":97,"column":5}},{"start":{},"end":{}}],"line":72},"10":{"loc":{"start":{"line":72,"column":8},"end":{"line":72,"column":44}},"type":"binary-expr","locations":[{"start":{"line":72,"column":8},"end":{"line":72,"column":22}},{"start":{"line":72,"column":26},"end":{"line":72,"column":44}}],"line":72},"11":{"loc":{"start":{"line":268,"column":35},"end":{"line":268,"column":63}},"type":"binary-expr","locations":[{"start":{"line":268,"column":35},"end":{"line":268,"column":55}},{"start":{"line":268,"column":59},"end":{"line":268,"column":63}}],"line":268},"12":{"loc":{"start":{"line":320,"column":6},"end":{"line":329,"column":7}},"type":"if","locations":[{"start":{"line":320,"column":6},"end":{"line":329,"column":7}},{"start":{"line":327,"column":13},"end":{"line":329,"column":7}}],"line":320},"13":{"loc":{"start":{"line":322,"column":8},"end":{"line":326,"column":9}},"type":"if","locations":[{"start":{"line":322,"column":8},"end":{"line":326,"column":9}},{"start":{"line":324,"column":15},"end":{"line":326,"column":9}}],"line":322},"14":{"loc":{"start":{"line":324,"column":15},"end":{"line":326,"column":9}},"type":"if","locations":[{"start":{"line":324,"column":15},"end":{"line":326,"column":9}},{"start":{},"end":{}}],"line":324},"15":{"loc":{"start":{"line":327,"column":13},"end":{"line":329,"column":7}},"type":"if","locations":[{"start":{"line":327,"column":13},"end":{"line":329,"column":7}},{"start":{},"end":{}}],"line":327}},"s":{"0":0,"1":0,"2":0,"3":0,"4":0,"5":0,"6":0,"7":0,"8":0,"9":0,"10":0,"11":0,"12":0,"13":0,"14":0,"15":0,"16":0,"17":0,"18":0,"19":0,"20":0,"21":0,"22":0,"23":0,"24":0,"25":0,"26":0,"27":0,"28":0,"29":0,"30":0,"31":0,"32":0,"33":0,"34":0,"35":0,"36":0,"37":0,"38":0,"39":0,"40":0},"f":{"0":0,"1":0,"2":0,"3":0,"4":0,"5":0,"6":0,"7":0},"b":{"0":[0],"1":[0],"2":[0,0],"3":[0,0,0],"4":[0,0],"5":[0,0],"6":[0,0],"7":[0,0],"8":[0,0],"9":[0,0],"10":[0,0],"11":[0,0],"12":[0,0],"13":[0,0],"14":[0,0],"15":[0,0]}}
,"C:\\Users\\jordi\\Desktop\\UNI\\TFG\\RefugisLliures_Frontend\\src\\components\\MapViewComponent.tsx": {"path":"C:\\Users\\jordi\\Desktop\\UNI\\TFG\\RefugisLliures_Frontend\\src\\components\\MapViewComponent.tsx","statementMap":{"0":{"start":{"line":22,"column":32},"end":{"line":133,"column":2}},"1":{"start":{"line":23,"column":16},"end":{"line":23,"column":32}},"2":{"start":{"line":24,"column":62},"end":{"line":24,"column":78}},"3":{"start":{"line":25,"column":54},"end":{"line":25,"column":69}},"4":{"start":{"line":26,"column":42},"end":{"line":26,"column":102}},"5":{"start":{"line":29,"column":24},"end":{"line":34,"column":3}},"6":{"start":{"line":36,"column":2},"end":{"line":132,"column":4}},"7":{"start":{"line":64,"column":12},"end":{"line":67,"column":13}},"8":{"start":{"line":65,"column":14},"end":{"line":65,"column":36}},"9":{"start":{"line":66,"column":14},"end":{"line":66,"column":21}},"10":{"start":{"line":69,"column":12},"end":{"line":100,"column":14}},"11":{"start":{"line":75,"column":20},"end":{"line":96,"column":25}},"12":{"start":{"line":76,"column":22},"end":{"line":95,"column":23}},"13":{"start":{"line":77,"column":41},"end":{"line":77,"column":95}},"14":{"start":{"line":78,"column":24},"end":{"line":81,"column":25}},"15":{"start":{"line":79,"column":26},"end":{"line":79,"column":90}},"16":{"start":{"line":80,"column":26},"end":{"line":80,"column":33}},"17":{"start":{"line":82,"column":39},"end":{"line":82,"column":123}},"18":{"start":{"line":83,"column":41},"end":{"line":83,"column":65}},"19":{"start":{"line":84,"column":42},"end":{"line":84,"column":67}},"20":{"start":{"line":87,"column":24},"end":{"line":87,"column":65}},"21":{"start":{"line":89,"column":24},"end":{"line":92,"column":25}},"22":{"start":{"line":90,"column":37},"end":{"line":90,"column":124}},"23":{"start":{"line":91,"column":26},"end":{"line":91,"column":51}},"24":{"start":{"line":94,"column":24},"end":{"line":94,"column":106}},"25":{"start":{"line":109,"column":25},"end":{"line":109,"column":52}},"26":{"start":{"line":118,"column":23},"end":{"line":118,"column":51}},"27":{"start":{"line":135,"column":15},"end":{"line":191,"column":2}}},"fnMap":{"0":{"name":"MapViewComponent","decl":{"start":{"line":22,"column":46},"end":{"line":22,"column":62}},"loc":{"start":{"line":22,"column":137},"end":{"line":133,"column":1}},"line":22},"1":{"name":"(anonymous_1)","decl":{"start":{"line":53,"column":19},"end":{"line":53,"column":20}},"loc":{"start":{"line":53,"column":25},"end":{"line":53,"column":73}},"line":53},"2":{"name":"(anonymous_2)","decl":{"start":{"line":62,"column":19},"end":{"line":62,"column":20}},"loc":{"start":{"line":62,"column":31},"end":{"line":101,"column":11}},"line":62},"3":{"name":"(anonymous_3)","decl":{"start":{"line":74,"column":52},"end":{"line":74,"column":53}},"loc":{"start":{"line":74,"column":58},"end":{"line":97,"column":19}},"line":74},"4":{"name":"(anonymous_4)","decl":{"start":{"line":75,"column":21},"end":{"line":75,"column":22}},"loc":{"start":{"line":75,"column":33},"end":{"line":96,"column":21}},"line":75},"5":{"name":"(anonymous_5)","decl":{"start":{"line":109,"column":19},"end":{"line":109,"column":20}},"loc":{"start":{"line":109,"column":25},"end":{"line":109,"column":52}},"line":109},"6":{"name":"(anonymous_6)","decl":{"start":{"line":118,"column":17},"end":{"line":118,"column":18}},"loc":{"start":{"line":118,"column":23},"end":{"line":118,"column":51}},"line":118}},"branchMap":{"0":{"loc":{"start":{"line":64,"column":12},"end":{"line":67,"column":13}},"type":"if","locations":[{"start":{"line":64,"column":12},"end":{"line":67,"column":13}},{"start":{},"end":{}}],"line":64},"1":{"loc":{"start":{"line":78,"column":24},"end":{"line":81,"column":25}},"type":"if","locations":[{"start":{"line":78,"column":24},"end":{"line":81,"column":25}},{"start":{},"end":{}}],"line":78},"2":{"loc":{"start":{"line":89,"column":24},"end":{"line":92,"column":25}},"type":"if","locations":[{"start":{"line":89,"column":24},"end":{"line":92,"column":25}},{"start":{},"end":{}}],"line":89},"3":{"loc":{"start":{"line":89,"column":28},"end":{"line":89,"column":84}},"type":"binary-expr","locations":[{"start":{"line":89,"column":28},"end":{"line":89,"column":57}},{"start":{"line":89,"column":61},"end":{"line":89,"column":84}}],"line":89},"4":{"loc":{"start":{"line":94,"column":85},"end":{"line":94,"column":103}},"type":"binary-expr","locations":[{"start":{"line":94,"column":85},"end":{"line":94,"column":96}},{"start":{"line":94,"column":100},"end":{"line":94,"column":103}}],"line":94},"5":{"loc":{"start":{"line":122,"column":7},"end":{"line":130,"column":7}},"type":"binary-expr","locations":[{"start":{"line":122,"column":7},"end":{"line":122,"column":18}},{"start":{"line":123,"column":8},"end":{"line":129,"column":10}}],"line":122}},"s":{"0":0,"1":0,"2":0,"3":0,"4":0,"5":0,"6":0,"7":0,"8":0,"9":0,"10":0,"11":0,"12":0,"13":0,"14":0,"15":0,"16":0,"17":0,"18":0,"19":0,"20":0,"21":0,"22":0,"23":0,"24":0,"25":0,"26":0,"27":0},"f":{"0":0,"1":0,"2":0,"3":0,"4":0,"5":0,"6":0},"b":{"0":[0,0],"1":[0,0],"2":[0,0],"3":[0,0],"4":[0,0],"5":[0,0]}}
,"C:\\Users\\jordi\\Desktop\\UNI\\TFG\\RefugisLliures_Frontend\\src\\components\\OfflineMapManager.tsx": {"path":"C:\\Users\\jordi\\Desktop\\UNI\\TFG\\RefugisLliures_Frontend\\src\\components\\OfflineMapManager.tsx","statementMap":{"0":{"start":{"line":22,"column":62},"end":{"line":22,"column":78}},"1":{"start":{"line":23,"column":40},"end":{"line":23,"column":59}},"2":{"start":{"line":24,"column":44},"end":{"line":24,"column":59}},"3":{"start":{"line":25,"column":50},"end":{"line":25,"column":61}},"4":{"start":{"line":26,"column":44},"end":{"line":26,"column":81}},"5":{"start":{"line":28,"column":2},"end":{"line":32,"column":16}},"6":{"start":{"line":29,"column":4},"end":{"line":31,"column":5}},"7":{"start":{"line":30,"column":6},"end":{"line":30,"column":24}},"8":{"start":{"line":34,"column":26},"end":{"line":41,"column":3}},"9":{"start":{"line":35,"column":4},"end":{"line":40,"column":5}},"10":{"start":{"line":36,"column":21},"end":{"line":36,"column":59}},"11":{"start":{"line":37,"column":6},"end":{"line":37,"column":29}},"12":{"start":{"line":39,"column":6},"end":{"line":39,"column":58}},"13":{"start":{"line":43,"column":29},"end":{"line":56,"column":3}},"14":{"start":{"line":44,"column":4},"end":{"line":55,"column":6}},"15":{"start":{"line":51,"column":27},"end":{"line":51,"column":43}},"16":{"start":{"line":58,"column":24},"end":{"line":87,"column":3}},"17":{"start":{"line":59,"column":4},"end":{"line":59,"column":27}},"18":{"start":{"line":60,"column":4},"end":{"line":60,"column":27}},"19":{"start":{"line":61,"column":4},"end":{"line":61,"column":50}},"20":{"start":{"line":63,"column":4},"end":{"line":86,"column":5}},"21":{"start":{"line":64,"column":22},"end":{"line":81,"column":7}},"22":{"start":{"line":69,"column":10},"end":{"line":69,"column":42}},"23":{"start":{"line":70,"column":10},"end":{"line":70,"column":50}},"24":{"start":{"line":73,"column":10},"end":{"line":73,"column":34}},"25":{"start":{"line":74,"column":10},"end":{"line":78,"column":11}},"26":{"start":{"line":75,"column":12},"end":{"line":75,"column":101}},"27":{"start":{"line":77,"column":12},"end":{"line":77,"column":103}},"28":{"start":{"line":79,"column":10},"end":{"line":79,"column":28}},"29":{"start":{"line":83,"column":6},"end":{"line":83,"column":30}},"30":{"start":{"line":84,"column":6},"end":{"line":84,"column":76}},"31":{"start":{"line":85,"column":6},"end":{"line":85,"column":46}},"32":{"start":{"line":89,"column":27},"end":{"line":112,"column":3}},"33":{"start":{"line":90,"column":4},"end":{"line":111,"column":6}},"34":{"start":{"line":98,"column":12},"end":{"line":106,"column":17}},"35":{"start":{"line":99,"column":14},"end":{"line":105,"column":15}},"36":{"start":{"line":100,"column":16},"end":{"line":100,"column":51}},"37":{"start":{"line":101,"column":16},"end":{"line":101,"column":71}},"38":{"start":{"line":102,"column":16},"end":{"line":102,"column":34}},"39":{"start":{"line":104,"column":16},"end":{"line":104,"column":83}},"40":{"start":{"line":114,"column":25},"end":{"line":119,"column":3}},"41":{"start":{"line":115,"column":4},"end":{"line":117,"column":5}},"42":{"start":{"line":116,"column":6},"end":{"line":116,"column":50}},"43":{"start":{"line":118,"column":4},"end":{"line":118,"column":39}},"44":{"start":{"line":121,"column":25},"end":{"line":125,"column":3}},"45":{"start":{"line":122,"column":4},"end":{"line":122,"column":49}},"46":{"start":{"line":122,"column":32},"end":{"line":122,"column":49}},"47":{"start":{"line":123,"column":4},"end":{"line":123,"column":58}},"48":{"start":{"line":123,"column":41},"end":{"line":123,"column":58}},"49":{"start":{"line":124,"column":4},"end":{"line":124,"column":21}},"50":{"start":{"line":127,"column":24},"end":{"line":132,"column":3}},"51":{"start":{"line":128,"column":4},"end":{"line":128,"column":64}},"52":{"start":{"line":128,"column":32},"end":{"line":128,"column":64}},"53":{"start":{"line":129,"column":4},"end":{"line":129,"column":76}},"54":{"start":{"line":129,"column":41},"end":{"line":129,"column":76}},"55":{"start":{"line":130,"column":4},"end":{"line":130,"column":81}},"56":{"start":{"line":130,"column":50},"end":{"line":130,"column":81}},"57":{"start":{"line":131,"column":4},"end":{"line":131,"column":36}},"58":{"start":{"line":134,"column":2},"end":{"line":262,"column":4}},"59":{"start":{"line":265,"column":15},"end":{"line":424,"column":2}}},"fnMap":{"0":{"name":"OfflineMapManager","decl":{"start":{"line":21,"column":16},"end":{"line":21,"column":33}},"loc":{"start":{"line":21,"column":80},"end":{"line":263,"column":1}},"line":21},"1":{"name":"(anonymous_1)","decl":{"start":{"line":28,"column":12},"end":{"line":28,"column":13}},"loc":{"start":{"line":28,"column":18},"end":{"line":32,"column":3}},"line":28},"2":{"name":"(anonymous_2)","decl":{"start":{"line":34,"column":26},"end":{"line":34,"column":27}},"loc":{"start":{"line":34,"column":38},"end":{"line":41,"column":3}},"line":34},"3":{"name":"(anonymous_3)","decl":{"start":{"line":43,"column":29},"end":{"line":43,"column":30}},"loc":{"start":{"line":43,"column":35},"end":{"line":56,"column":3}},"line":43},"4":{"name":"(anonymous_4)","decl":{"start":{"line":51,"column":19},"end":{"line":51,"column":20}},"loc":{"start":{"line":51,"column":25},"end":{"line":51,"column":45}},"line":51},"5":{"name":"(anonymous_5)","decl":{"start":{"line":58,"column":24},"end":{"line":58,"column":25}},"loc":{"start":{"line":58,"column":36},"end":{"line":87,"column":3}},"line":58},"6":{"name":"(anonymous_6)","decl":{"start":{"line":68,"column":8},"end":{"line":68,"column":9}},"loc":{"start":{"line":68,"column":43},"end":{"line":71,"column":9}},"line":68},"7":{"name":"(anonymous_7)","decl":{"start":{"line":72,"column":8},"end":{"line":72,"column":9}},"loc":{"start":{"line":72,"column":21},"end":{"line":80,"column":9}},"line":72},"8":{"name":"(anonymous_8)","decl":{"start":{"line":89,"column":27},"end":{"line":89,"column":28}},"loc":{"start":{"line":89,"column":33},"end":{"line":112,"column":3}},"line":89},"9":{"name":"(anonymous_9)","decl":{"start":{"line":97,"column":19},"end":{"line":97,"column":20}},"loc":{"start":{"line":97,"column":25},"end":{"line":107,"column":11}},"line":97},"10":{"name":"(anonymous_10)","decl":{"start":{"line":98,"column":13},"end":{"line":98,"column":14}},"loc":{"start":{"line":98,"column":25},"end":{"line":106,"column":13}},"line":98},"11":{"name":"(anonymous_11)","decl":{"start":{"line":114,"column":25},"end":{"line":114,"column":26}},"loc":{"start":{"line":114,"column":55},"end":{"line":119,"column":3}},"line":114},"12":{"name":"(anonymous_12)","decl":{"start":{"line":121,"column":25},"end":{"line":121,"column":26}},"loc":{"start":{"line":121,"column":31},"end":{"line":125,"column":3}},"line":121},"13":{"name":"(anonymous_13)","decl":{"start":{"line":127,"column":24},"end":{"line":127,"column":25}},"loc":{"start":{"line":127,"column":30},"end":{"line":132,"column":3}},"line":127}},"branchMap":{"0":{"loc":{"start":{"line":29,"column":4},"end":{"line":31,"column":5}},"type":"if","locations":[{"start":{"line":29,"column":4},"end":{"line":31,"column":5}},{"start":{},"end":{}}],"line":29},"1":{"loc":{"start":{"line":74,"column":10},"end":{"line":78,"column":11}},"type":"if","locations":[{"start":{"line":74,"column":10},"end":{"line":78,"column":11}},{"start":{"line":76,"column":17},"end":{"line":78,"column":11}}],"line":74},"2":{"loc":{"start":{"line":115,"column":4},"end":{"line":117,"column":5}},"type":"if","locations":[{"start":{"line":115,"column":4},"end":{"line":117,"column":5}},{"start":{},"end":{}}],"line":115},"3":{"loc":{"start":{"line":122,"column":4},"end":{"line":122,"column":49}},"type":"if","locations":[{"start":{"line":122,"column":4},"end":{"line":122,"column":49}},{"start":{},"end":{}}],"line":122},"4":{"loc":{"start":{"line":123,"column":4},"end":{"line":123,"column":58}},"type":"if","locations":[{"start":{"line":123,"column":4},"end":{"line":123,"column":58}},{"start":{},"end":{}}],"line":123},"5":{"loc":{"start":{"line":128,"column":4},"end":{"line":128,"column":64}},"type":"if","locations":[{"start":{"line":128,"column":4},"end":{"line":128,"column":64}},{"start":{},"end":{}}],"line":128},"6":{"loc":{"start":{"line":129,"column":4},"end":{"line":129,"column":76}},"type":"if","locations":[{"start":{"line":129,"column":4},"end":{"line":129,"column":76}},{"start":{},"end":{}}],"line":129},"7":{"loc":{"start":{"line":130,"column":4},"end":{"line":130,"column":81}},"type":"if","locations":[{"start":{"line":130,"column":4},"end":{"line":130,"column":81}},{"start":{},"end":{}}],"line":130},"8":{"loc":{"start":{"line":152,"column":11},"end":{"line":179,"column":11}},"type":"binary-expr","locations":[{"start":{"line":152,"column":11},"end":{"line":152,"column":22}},{"start":{"line":153,"column":12},"end":{"line":178,"column":19}}],"line":152},"9":{"loc":{"start":{"line":161,"column":15},"end":{"line":177,"column":15}},"type":"binary-expr","locations":[{"start":{"line":161,"column":15},"end":{"line":161,"column":35}},{"start":{"line":162,"column":16},"end":{"line":176,"column":19}}],"line":161},"10":{"loc":{"start":{"line":182,"column":11},"end":{"line":203,"column":11}},"type":"binary-expr","locations":[{"start":{"line":182,"column":11},"end":{"line":182,"column":24}},{"start":{"line":183,"column":12},"end":{"line":202,"column":19}}],"line":182},"11":{"loc":{"start":{"line":190,"column":15},"end":{"line":201,"column":15}},"type":"cond-expr","locations":[{"start":{"line":191,"column":16},"end":{"line":196,"column":18}},{"start":{"line":198,"column":16},"end":{"line":200,"column":23}}],"line":190},"12":{"loc":{"start":{"line":211,"column":16},"end":{"line":211,"column":54}},"type":"binary-expr","locations":[{"start":{"line":211,"column":16},"end":{"line":211,"column":29}},{"start":{"line":211,"column":33},"end":{"line":211,"column":54}}],"line":211},"13":{"loc":{"start":{"line":216,"column":15},"end":{"line":222,"column":15}},"type":"cond-expr","locations":[{"start":{"line":217,"column":16},"end":{"line":217,"column":63}},{"start":{"line":219,"column":16},"end":{"line":221,"column":23}}],"line":216},"14":{"loc":{"start":{"line":225,"column":13},"end":{"line":235,"column":13}},"type":"binary-expr","locations":[{"start":{"line":225,"column":13},"end":{"line":225,"column":34}},{"start":{"line":226,"column":14},"end":{"line":234,"column":33}}],"line":225},"15":{"loc":{"start":{"line":252,"column":7},"end":{"line":260,"column":7}},"type":"binary-expr","locations":[{"start":{"line":252,"column":7},"end":{"line":252,"column":18}},{"start":{"line":253,"column":8},"end":{"line":259,"column":10}}],"line":252}},"s":{"0":0,"1":0,"2":0,"3":0,"4":0,"5":0,"6":0,"7":0,"8":0,"9":0,"10":0,"11":0,"12":0,"13":0,"14":0,"15":0,"16":0,"17":0,"18":0,"19":0,"20":0,"21":0,"22":0,"23":0,"24":0,"25":0,"26":0,"27":0,"28":0,"29":0,"30":0,"31":0,"32":0,"33":0,"34":0,"35":0,"36":0,"37":0,"38":0,"39":0,"40":0,"41":0,"42":0,"43":0,"44":0,"45":0,"46":0,"47":0,"48":0,"49":0,"50":0,"51":0,"52":0,"53":0,"54":0,"55":0,"56":0,"57":0,"58":0,"59":0},"f":{"0":0,"1":0,"2":0,"3":0,"4":0,"5":0,"6":0,"7":0,"8":0,"9":0,"10":0,"11":0,"12":0,"13":0},"b":{"0":[0,0],"1":[0,0],"2":[0,0],"3":[0,0],"4":[0,0],"5":[0,0],"6":[0,0],"7":[0,0],"8":[0,0],"9":[0,0],"10":[0,0],"11":[0,0],"12":[0,0],"13":[0,0],"14":[0,0],"15":[0,0]}}
,"C:\\Users\\jordi\\Desktop\\UNI\\TFG\\RefugisLliures_Frontend\\src\\components\\RefugeBottomSheet.tsx": {"path":"C:\\Users\\jordi\\Desktop\\UNI\\TFG\\RefugisLliures_Frontend\\src\\components\\RefugeBottomSheet.tsx","statementMap":{"0":{"start":{"line":25,"column":21},"end":{"line":31,"column":1}},"1":{"start":{"line":41,"column":16},"end":{"line":41,"column":32}},"2":{"start":{"line":42,"column":17},"end":{"line":42,"column":36}},"3":{"start":{"line":43,"column":2},"end":{"line":43,"column":30}},"4":{"start":{"line":43,"column":18},"end":{"line":43,"column":30}},"5":{"start":{"line":45,"column":2},"end":{"line":124,"column":4}},"6":{"start":{"line":68,"column":47},"end":{"line":68,"column":74}},"7":{"start":{"line":116,"column":25},"end":{"line":116,"column":46}},"8":{"start":{"line":127,"column":15},"end":{"line":297,"column":2}}},"fnMap":{"0":{"name":"RefugeBottomSheet","decl":{"start":{"line":33,"column":16},"end":{"line":33,"column":33}},"loc":{"start":{"line":40,"column":27},"end":{"line":125,"column":1}},"line":40},"1":{"name":"(anonymous_1)","decl":{"start":{"line":68,"column":41},"end":{"line":68,"column":42}},"loc":{"start":{"line":68,"column":47},"end":{"line":68,"column":74}},"line":68},"2":{"name":"(anonymous_2)","decl":{"start":{"line":116,"column":19},"end":{"line":116,"column":20}},"loc":{"start":{"line":116,"column":25},"end":{"line":116,"column":46}},"line":116}},"branchMap":{"0":{"loc":{"start":{"line":43,"column":2},"end":{"line":43,"column":30}},"type":"if","locations":[{"start":{"line":43,"column":2},"end":{"line":43,"column":30}},{"start":{},"end":{}}],"line":43},"1":{"loc":{"start":{"line":58,"column":29},"end":{"line":58,"column":116}},"type":"binary-expr","locations":[{"start":{"line":58,"column":29},"end":{"line":58,"column":44}},{"start":{"line":58,"column":48},"end":{"line":58,"column":116}}],"line":58},"2":{"loc":{"start":{"line":84,"column":17},"end":{"line":88,"column":17}},"type":"binary-expr","locations":[{"start":{"line":84,"column":17},"end":{"line":84,"column":33}},{"start":{"line":85,"column":18},"end":{"line":87,"column":25}}],"line":84},"3":{"loc":{"start":{"line":92,"column":17},"end":{"line":97,"column":17}},"type":"binary-expr","locations":[{"start":{"line":92,"column":17},"end":{"line":92,"column":40}},{"start":{"line":93,"column":20},"end":{"line":96,"column":27}}],"line":92},"4":{"loc":{"start":{"line":107,"column":55},"end":{"line":107,"column":96}},"type":"cond-expr","locations":[{"start":{"line":107,"column":71},"end":{"line":107,"column":84}},{"start":{"line":107,"column":87},"end":{"line":107,"column":96}}],"line":107}},"s":{"0":0,"1":0,"2":0,"3":0,"4":0,"5":0,"6":0,"7":0,"8":0},"f":{"0":0,"1":0,"2":0},"b":{"0":[0,0],"1":[0,0],"2":[0,0],"3":[0,0],"4":[0,0]}}
,"C:\\Users\\jordi\\Desktop\\UNI\\TFG\\RefugisLliures_Frontend\\src\\components\\RefugeCard.tsx": {"path":"C:\\Users\\jordi\\Desktop\\UNI\\TFG\\RefugisLliures_Frontend\\src\\components\\RefugeCard.tsx","statementMap":{"0":{"start":{"line":12,"column":24},"end":{"line":17,"column":1}},"1":{"start":{"line":20,"column":16},"end":{"line":20,"column":32}},"2":{"start":{"line":22,"column":2},"end":{"line":62,"column":4}},"3":{"start":{"line":55,"column":12},"end":{"line":55,"column":26}},"4":{"start":{"line":65,"column":15},"end":{"line":140,"column":2}}},"fnMap":{"0":{"name":"RefugeCard","decl":{"start":{"line":19,"column":16},"end":{"line":19,"column":26}},"loc":{"start":{"line":19,"column":76},"end":{"line":63,"column":1}},"line":19},"1":{"name":"(anonymous_1)","decl":{"start":{"line":54,"column":19},"end":{"line":54,"column":20}},"loc":{"start":{"line":54,"column":25},"end":{"line":56,"column":11}},"line":54}},"branchMap":{"0":{"loc":{"start":{"line":32,"column":9},"end":{"line":36,"column":9}},"type":"binary-expr","locations":[{"start":{"line":32,"column":9},"end":{"line":32,"column":25}},{"start":{"line":33,"column":10},"end":{"line":35,"column":17}}],"line":32},"1":{"loc":{"start":{"line":42,"column":53},"end":{"line":42,"column":103}},"type":"binary-expr","locations":[{"start":{"line":42,"column":53},"end":{"line":42,"column":64}},{"start":{"line":42,"column":68},"end":{"line":42,"column":82}},{"start":{"line":42,"column":86},"end":{"line":42,"column":103}}],"line":42},"2":{"loc":{"start":{"line":46,"column":43},"end":{"line":46,"column":70}},"type":"binary-expr","locations":[{"start":{"line":46,"column":43},"end":{"line":46,"column":56}},{"start":{"line":46,"column":60},"end":{"line":46,"column":70}}],"line":46},"3":{"loc":{"start":{"line":48,"column":46},"end":{"line":48,"column":65}},"type":"binary-expr","locations":[{"start":{"line":48,"column":46},"end":{"line":48,"column":59}},{"start":{"line":48,"column":63},"end":{"line":48,"column":65}}],"line":48}},"s":{"0":1,"1":42,"2":42,"3":2,"4":1},"f":{"0":42,"1":2},"b":{"0":[42,38],"1":[42,1,1],"2":[42,4],"3":[42,4]},"_coverageSchema":"1a1c01bbd47fc00a2c39e90264f33305004495a9","hash":"c76d5f30a62391e2a919898cdc57e32c4ae474c6"}
[...]
umn":45},"end":{"line":17,"column":50}},{"start":{"line":17,"column":53},"end":{"line":17,"column":75}}],"line":17},"6":{"loc":{"start":{"line":21,"column":4},"end":{"line":24,"column":5}},"type":"if","locations":[{"start":{"line":21,"column":4},"end":{"line":24,"column":5}},{"start":{},"end":{}}],"line":21},"7":{"loc":{"start":{"line":21,"column":8},"end":{"line":21,"column":25}},"type":"binary-expr","locations":[{"start":{"line":21,"column":8},"end":{"line":21,"column":12}},{"start":{"line":21,"column":16},"end":{"line":21,"column":25}}],"line":21},"8":{"loc":{"start":{"line":22,"column":6},"end":{"line":23,"column":51}},"type":"if","locations":[{"start":{"line":22,"column":6},"end":{"line":23,"column":51}},{"start":{"line":23,"column":11},"end":{"line":23,"column":51}}],"line":22},"9":{"loc":{"start":{"line":29,"column":25},"end":{"line":29,"column":72}},"type":"cond-expr","locations":[{"start":{"line":29,"column":39},"end":{"line":29,"column":60}},{"start":{"line":29,"column":63},"end":{"line":29,"column":72}}],"line":29},"10":{"loc":{"start":{"line":33,"column":29},"end":{"line":33,"column":87}},"type":"binary-expr","locations":[{"start":{"line":33,"column":29},"end":{"line":33,"column":61}},{"start":{"line":33,"column":65},"end":{"line":33,"column":87}}],"line":33},"11":{"loc":{"start":{"line":46,"column":23},"end":{"line":46,"column":79}},"type":"cond-expr","locations":[{"start":{"line":46,"column":53},"end":{"line":46,"column":73}},{"start":{"line":46,"column":76},"end":{"line":46,"column":79}}],"line":46},"12":{"loc":{"start":{"line":46,"column":24},"end":{"line":46,"column":49}},"type":"binary-expr","locations":[{"start":{"line":46,"column":24},"end":{"line":46,"column":27}},{"start":{"line":46,"column":31},"end":{"line":46,"column":49}}],"line":46},"13":{"loc":{"start":{"line":48,"column":8},"end":{"line":50,"column":9}},"type":"if","locations":[{"start":{"line":48,"column":8},"end":{"line":50,"column":9}},{"start":{},"end":{}}],"line":48},"14":{"loc":{"start":{"line":49,"column":24},"end":{"line":49,"column":81}},"type":"cond-expr","locations":[{"start":{"line":49,"column":44},"end":{"line":49,"column":74}},{"start":{"line":49,"column":77},"end":{"line":49,"column":81}}],"line":49},"15":{"loc":{"start":{"line":56,"column":41},"end":{"line":56,"column":61}},"type":"binary-expr","locations":[{"start":{"line":56,"column":41},"end":{"line":56,"column":55}},{"start":{"line":56,"column":59},"end":{"line":56,"column":61}}],"line":56},"16":{"loc":{"start":{"line":57,"column":6},"end":{"line":61,"column":7}},"type":"if","locations":[{"start":{"line":57,"column":6},"end":{"line":61,"column":7}},{"start":{"line":59,"column":13},"end":{"line":61,"column":7}}],"line":57},"17":{"loc":{"start":{"line":58,"column":72},"end":{"line":58,"column":144}},"type":"cond-expr","locations":[{"start":{"line":58,"column":86},"end":{"line":58,"column":139}},{"start":{"line":58,"column":142},"end":{"line":58,"column":144}}],"line":58},"18":{"loc":{"start":{"line":66,"column":17},"end":{"line":66,"column":63}},"type":"cond-expr","locations":[{"start":{"line":66,"column":38},"end":{"line":66,"column":49}},{"start":{"line":66,"column":52},"end":{"line":66,"column":63}}],"line":66},"19":{"loc":{"start":{"line":66,"column":17},"end":{"line":66,"column":35}},"type":"binary-expr","locations":[{"start":{"line":66,"column":17},"end":{"line":66,"column":20}},{"start":{"line":66,"column":24},"end":{"line":66,"column":35}}],"line":66},"20":{"loc":{"start":{"line":72,"column":2},"end":{"line":74,"column":3}},"type":"if","locations":[{"start":{"line":72,"column":2},"end":{"line":74,"column":3}},{"start":{},"end":{}}],"line":72},"21":{"loc":{"start":{"line":72,"column":6},"end":{"line":72,"column":53}},"type":"binary-expr","locations":[{"start":{"line":72,"column":6},"end":{"line":72,"column":19}},{"start":{"line":72,"column":23},"end":{"line":72,"column":53}}],"line":72}},"s":{"0":0,"1":0,"2":0,"3":0,"4":0,"5":0,"6":0,"7":0,"8":0,"9":0,"10":0,"11":0,"12":0,"13":0,"14":0,"15":0,"16":0,"17":0,"18":0,"19":0,"20":0,"21":0,"22":0,"23":0,"24":0,"25":0,"26":0,"27":0,"28":0,"29":0,"30":0,"31":0,"32":0,"33":0,"34":0,"35":0,"36":0,"37":0},"f":{"0":0,"1":0,"2":0},"b":{"0":[0,0],"1":[0,0],"2":[0,0],"3":[0,0],"4":[0,0],"5":[0,0],"6":[0,0],"7":[0,0],"8":[0,0],"9":[0,0],"10":[0,0],"11":[0,0],"12":[0,0],"13":[0,0],"14":[0,0],"15":[0,0],"16":[0,0],"17":[0,0],"18":[0,0],"19":[0,0],"20":[0,0],"21":[0,0]},"_coverageSchema":"1a1c01bbd47fc00a2c39e90264f33305004495a9","hash":"910f856c7a17347aa9eb3336875dc36b4bbd3b89"}
,"C:\\Users\\jordi\\Desktop\\UNI\\TFG\\RefugisLliures_Frontend\\src\\services\\firebase.ts": {"path":"C:\\Users\\jordi\\Desktop\\UNI\\TFG\\RefugisLliures_Frontend\\src\\services\\firebase.ts","statementMap":{"0":{"start":{"line":37,"column":23},"end":{"line":45,"column":1}},"1":{"start":{"line":48,"column":0},"end":{"line":52,"column":1}},"2":{"start":{"line":49,"column":2},"end":{"line":49,"column":70}},"3":{"start":{"line":50,"column":2},"end":{"line":50,"column":90}},"4":{"start":{"line":51,"column":2},"end":{"line":51,"column":84}},"5":{"start":{"line":55,"column":12},"end":{"line":55,"column":41}},"6":{"start":{"line":59,"column":13},"end":{"line":59,"column":25}},"7":{"start":{"line":60,"column":17},"end":{"line":60,"column":41}}},"fnMap":{},"branchMap":{"0":{"loc":{"start":{"line":48,"column":0},"end":{"line":52,"column":1}},"type":"if","locations":[{"start":{"line":48,"column":0},"end":{"line":52,"column":1}},{"start":{},"end":{}}],"line":48},"1":{"loc":{"start":{"line":48,"column":4},"end":{"line":48,"column":80}},"type":"binary-expr","locations":[{"start":{"line":48,"column":4},"end":{"line":48,"column":29}},{"start":{"line":48,"column":33},"end":{"line":48,"column":55}},{"start":{"line":48,"column":59},"end":{"line":48,"column":80}}],"line":48}},"s":{"0":4,"1":4,"2":0,"3":0,"4":0,"5":4,"6":4,"7":4},"f":{},"b":{"0":[0,4],"1":[4,4,4]},"_coverageSchema":"1a1c01bbd47fc00a2c39e90264f33305004495a9","hash":"581ea98cc76ad0b55911bca30c0476de2c4c53c1"}
,"C:\\Users\\jordi\\Desktop\\UNI\\TFG\\RefugisLliures_Frontend\\src\\services\\dto\\RefugiDTO.ts": {"path":"C:\\Users\\jordi\\Desktop\\UNI\\TFG\\RefugisLliures_Frontend\\src\\services\\dto\\RefugiDTO.ts","statementMap":{},"fnMap":{},"branchMap":{},"s":{},"f":{},"b":{}}
,"C:\\Users\\jordi\\Desktop\\UNI\\TFG\\RefugisLliures_Frontend\\src\\services\\dto\\UserDTO.ts": {"path":"C:\\Users\\jordi\\Desktop\\UNI\\TFG\\RefugisLliures_Frontend\\src\\services\\dto\\UserDTO.ts","statementMap":{},"fnMap":{},"branchMap":{},"s":{},"f":{},"b":{}}
,"C:\\Users\\jordi\\Desktop\\UNI\\TFG\\RefugisLliures_Frontend\\src\\services\\dto\\index.ts": {"path":"C:\\Users\\jordi\\Desktop\\UNI\\TFG\\RefugisLliures_Frontend\\src\\services\\dto\\index.ts","statementMap":{},"fnMap":{},"branchMap":{},"s":{},"f":{},"b":{}}
,"C:\\Users\\jordi\\Desktop\\UNI\\TFG\\RefugisLliures_Frontend\\src\\services\\mappers\\RefugiMapper.ts": {"path":"C:\\Users\\jordi\\Desktop\\UNI\\TFG\\RefugisLliures_Frontend\\src\\services\\mappers\\RefugiMapper.ts","statementMap":{"0":{"start":{"line":12,"column":2},"end":{"line":15,"column":4}},"1":{"start":{"line":23,"column":2},"end":{"line":23,"column":45}},"2":{"start":{"line":23,"column":28},"end":{"line":23,"column":45}},"3":{"start":{"line":25,"column":15},"end":{"line":25,"column":34}},"4":{"start":{"line":28,"column":20},"end":{"line":40,"column":35}},"5":{"start":{"line":40,"column":18},"end":{"line":40,"column":27}},"6":{"start":{"line":43,"column":2},"end":{"line":45,"column":3}},"7":{"start":{"line":44,"column":4},"end":{"line":44,"column":19}},"8":{"start":{"line":48,"column":2},"end":{"line":48,"column":42}},"9":{"start":{"line":48,"column":22},"end":{"line":48,"column":42}},"10":{"start":{"line":49,"column":2},"end":{"line":49,"column":34}},"11":{"start":{"line":49,"column":22},"end":{"line":49,"column":34}},"12":{"start":{"line":50,"column":2},"end":{"line":50,"column":38}},"13":{"start":{"line":50,"column":22},"end":{"line":50,"column":38}},"14":{"start":{"line":51,"column":2},"end":{"line":51,"column":17}},"15":{"start":{"line":58,"column":2},"end":{"line":58,"column":29}},"16":{"start":{"line":58,"column":20},"end":{"line":58,"column":29}},"17":{"start":{"line":60,"column":25},"end":{"line":60,"column":57}},"18":{"start":{"line":63,"column":2},"end":{"line":65,"column":3}},"19":{"start":{"line":64,"column":4},"end":{"line":64,"column":13}},"20":{"start":{"line":68,"column":2},"end":{"line":70,"column":3}},"21":{"start":{"line":69,"column":4},"end":{"line":69,"column":13}},"22":{"start":{"line":73,"column":2},"end":{"line":75,"column":3}},"23":{"start":{"line":74,"column":4},"end":{"line":74,"column":13}},"24":{"start":{"line":78,"column":2},"end":{"line":80,"column":3}},"25":{"start":{"line":79,"column":4},"end":{"line":79,"column":13}},"26":{"start":{"line":83,"column":2},"end":{"line":85,"column":3}},"27":{"start":{"line":84,"column":4},"end":{"line":84,"column":13}},"28":{"start":{"line":88,"column":2},"end":{"line":88,"column":11}},"29":{"start":{"line":95,"column":2},"end":{"line":113,"column":4}},"30":{"start":{"line":120,"column":2},"end":{"line":120,"column":42}}},"fnMap":{"0":{"name":"mapCoordFromDTO","decl":{"start":{"line":11,"column":16},"end":{"line":11,"column":31}},"loc":{"start":{"line":11,"column":59},"end":{"line":16,"column":1}},"line":11},"1":{"name":"determineCondition","decl":{"start":{"line":22,"column":9},"end":{"line":22,"column":27}},"loc":{"start":{"line":22,"column":104},"end":{"line":52,"column":1}},"line":22},"2":{"name":"(anonymous_2)","decl":{"start":{"line":40,"column":11},"end":{"line":40,"column":12}},"loc":{"start":{"line":40,"column":18},"end":{"line":40,"column":27}},"line":40},"3":{"name":"mapTypeFromBackend","decl":{"start":{"line":57,"column":9},"end":{"line":57,"column":27}},"loc":{"start":{"line":57,"column":69},"end":{"line":89,"column":1}},"line":57},"4":{"name":"mapRefugiFromDTO","decl":{"start":{"line":94,"column":16},"end":{"line":94,"column":32}},"loc":{"start":{"line":94,"column":65},"end":{"line":114,"column":1}},"line":94},"5":{"name":"mapRefugisFromDTO","decl":{"start":{"line":119,"column":16},"end":{"line":119,"column":33}},"loc":{"start":{"line":119,"column":71},"end":{"line":121,"column":1}},"line":119}},"branchMap":{"0":{"loc":{"start":{"line":23,"column":2},"end":{"line":23,"column":45}},"type":"if","locations":[{"start":{"line":23,"column":2},"end":{"line":23,"column":45}},{"start":{},"end":{}}],"line":23},"1":{"loc":{"start":{"line":43,"column":2},"end":{"line":45,"column":3}},"type":"if","locations":[{"start":{"line":43,"column":2},"end":{"line":45,"column":3}},{"start":{},"end":{}}],"line":43},"2":{"loc":{"start":{"line":48,"column":2},"end":{"line":48,"column":42}},"type":"if","locations":[{"start":{"line":48,"column":2},"end":{"line":48,"column":42}},{"start":{},"end":{}}],"line":48},"3":{"loc":{"start":{"line":49,"column":2},"end":{"line":49,"column":34}},"type":"if","locations":[{"start":{"line":49,"column":2},"end":{"line":49,"column":34}},{"start":{},"end":{}}],"line":49},"4":{"loc":{"start":{"line":50,"column":2},"end":{"line":50,"column":38}},"type":"if","locations":[{"start":{"line":50,"column":2},"end":{"line":50,"column":38}},{"start":{},"end":{}}],"line":50},"5":{"loc":{"start":{"line":58,"column":2},"end":{"line":58,"column":29}},"type":"if","locations":[{"start":{"line":58,"column":2},"end":{"line":58,"column":29}},{"start":{},"end":{}}],"line":58},"6":{"loc":{"start":{"line":63,"column":2},"end":{"line":65,"column":3}},"type":"if","locations":[{"start":{"line":63,"column":2},"end":{"line":65,"column":3}},{"start":{},"end":{}}],"line":63},"7":{"loc":{"start":{"line":63,"column":6},"end":{"line":63,"column":85}},"type":"binary-expr","locations":[{"start":{"line":63,"column":6},"end":{"line":63,"column":47}},{"start":{"line":63,"column":51},"end":{"line":63,"column":85}}],"line":63},"8":{"loc":{"start":{"line":68,"column":2},"end":{"line":70,"column":3}},"type":"if","locations":[{"start":{"line":68,"column":2},"end":{"line":70,"column":3}},{"start":{},"end":{}}],"line":68},"9":{"loc":{"start":{"line":73,"column":2},"end":{"line":75,"column":3}},"type":"if","locations":[{"start":{"line":73,"column":2},"end":{"line":75,"column":3}},{"start":{},"end":{}}],"line":73},"10":{"loc":{"start":{"line":73,"column":6},"end":{"line":73,"column":76}},"type":"binary-expr","locations":[{"start":{"line":73,"column":6},"end":{"line":73,"column":39}},{"start":{"line":73,"column":43},"end":{"line":73,"column":76}}],"line":73},"11":{"loc":{"start":{"line":78,"column":2},"end":{"line":80,"column":3}},"type":"if","locations":[{"start":{"line":78,"column":2},"end":{"line":80,"column":3}},{"start":{},"end":{}}],"line":78},"12":{"loc":{"start":{"line":78,"column":6},"end":{"line":78,"column":82}},"type":"binary-expr","locations":[{"start":{"line":78,"column":6},"end":{"line":78,"column":37}},{"start":{"line":78,"column":41},"end":{"line":78,"column":82}}],"line":78},"13":{"loc":{"start":{"line":83,"column":2},"end":{"line":85,"column":3}},"type":"if","locations":[{"start":{"line":83,"column":2},"end":{"line":85,"column":3}},{"start":{},"end":{}}],"line":83},"14":{"loc":{"start":{"line":98,"column":13},"end":{"line":98,"column":43}},"type":"binary-expr","locations":[{"start":{"line":98,"column":13},"end":{"line":98,"column":30}},{"start":{"line":98,"column":34},"end":{"line":98,"column":43}}],"line":98}},"s":{"0":38,"1":34,"2":29,"3":5,"4":5,"5":55,"6":5,"7":1,"8":4,"9":1,"10":3,"11":1,"12":2,"13":1,"14":1,"15":34,"16":23,"17":11,"18":11,"19":3,"20":8,"21":1,"22":7,"23":4,"24":3,"25":1,"26":2,"27":1,"28":1,"29":34,"30":5},"f":{"0":38,"1":34,"2":55,"3":34,"4":34,"5":5},"b":{"0":[29,5],"1":[1,4],"2":[1,3],"3":[1,2],"4":[1,1],"5":[23,11],"6":[3,8],"7":[11,4],"8":[1,7],"9":[4,3],"10":[7,4],"11":[1,2],"12":[3,2],"13":[1,1],"14":[34,33]},"_coverageSchema":"1a1c01bbd47fc00a2c39e90264f33305004495a9","hash":"3b3aa466402de1831741de1f06009467d5c4ce8b"}
,"C:\\Users\\jordi\\Desktop\\UNI\\TFG\\RefugisLliures_Frontend\\src\\services\\mappers\\UserMapper.ts": {"path":"C:\\Users\\jordi\\Desktop\\UNI\\TFG\\RefugisLliures_Frontend\\src\\services\\mappers\\UserMapper.ts","statementMap":{"0":{"start":{"line":12,"column":2},"end":{"line":25,"column":4}}},"fnMap":{"0":{"name":"mapUserFromDTO","decl":{"start":{"line":11,"column":16},"end":{"line":11,"column":30}},"loc":{"start":{"line":11,"column":55},"end":{"line":26,"column":1}},"line":11}},"branchMap":{"0":{"loc":{"start":{"line":16,"column":12},"end":{"line":16,"column":39}},"type":"binary-expr","locations":[{"start":{"line":16,"column":12},"end":{"line":16,"column":26}},{"start":{"line":16,"column":30},"end":{"line":16,"column":39}}],"line":16},"1":{"loc":{"start":{"line":18,"column":22},"end":{"line":18,"column":52}},"type":"binary-expr","locations":[{"start":{"line":18,"column":22},"end":{"line":18,"column":46}},{"start":{"line":18,"column":50},"end":{"line":18,"column":52}}],"line":18},"2":{"loc":{"start":{"line":19,"column":22},"end":{"line":19,"column":52}},"type":"binary-expr","locations":[{"start":{"line":19,"column":22},"end":{"line":19,"column":46}},{"start":{"line":19,"column":50},"end":{"line":19,"column":52}}],"line":19},"3":{"loc":{"start":{"line":20,"column":14},"end":{"line":20,"column":36}},"type":"binary-expr","locations":[{"start":{"line":20,"column":14},"end":{"line":20,"column":30}},{"start":{"line":20,"column":34},"end":{"line":20,"column":36}}],"line":20},"4":{"loc":{"start":{"line":21,"column":23},"end":{"line":21,"column":56}},"type":"binary-expr","locations":[{"start":{"line":21,"column":23},"end":{"line":21,"column":48}},{"start":{"line":21,"column":52},"end":{"line":21,"column":56}}],"line":21},"5":{"loc":{"start":{"line":22,"column":34},"end":{"line":22,"column":78}},"type":"binary-expr","locations":[{"start":{"line":22,"column":34},"end":{"line":22,"column":70}},{"start":{"line":22,"column":74},"end":{"line":22,"column":78}}],"line":22},"6":{"loc":{"start":{"line":23,"column":27},"end":{"line":23,"column":64}},"type":"binary-expr","locations":[{"start":{"line":23,"column":27},"end":{"line":23,"column":56}},{"start":{"line":23,"column":60},"end":{"line":23,"column":64}}],"line":23}},"s":{"0":22},"f":{"0":22},"b":{"0":[22,20],"1":[22,18],"2":[22,18],"3":[22,18],"4":[22,19],"5":[22,20],"6":[22,20]},"_coverageSchema":"1a1c01bbd47fc00a2c39e90264f33305004495a9","hash":"a0e65546136eefe9989fa568503c698292eeb128"}
,"C:\\Users\\jordi\\Desktop\\UNI\\TFG\\RefugisLliures_Frontend\\src\\services\\mappers\\index.ts": {"path":"C:\\Users\\jordi\\Desktop\\UNI\\TFG\\RefugisLliures_Frontend\\src\\services\\mappers\\index.ts","statementMap":{},"fnMap":{},"branchMap":{},"s":{},"f":{},"b":{},"_coverageSchema":"1a1c01bbd47fc00a2c39e90264f33305004495a9","hash":"5cf6a8380d49d63163cd5c97fe40e5b63395cb67"}
,"C:\\Users\\jordi\\Desktop\\UNI\\TFG\\RefugisLliures_Frontend\\src\\types\\auth.types.ts": {"path":"C:\\Users\\jordi\\Desktop\\UNI\\TFG\\RefugisLliures_Frontend\\src\\types\\auth.types.ts","statementMap":{},"fnMap":{},"branchMap":{},"s":{},"f":{},"b":{}}
,"C:\\Users\\jordi\\Desktop\\UNI\\TFG\\RefugisLliures_Frontend\\src\\utils\\mockData.ts": {"path":"C:\\Users\\jordi\\Desktop\\UNI\\TFG\\RefugisLliures_Frontend\\src\\utils\\mockData.ts","statementMap":{"0":{"start":{"line":3,"column":41},"end":{"line":209,"column":1}}},"fnMap":{},"branchMap":{},"s":{"0":1},"f":{},"b":{},"_coverageSchema":"1a1c01bbd47fc00a2c39e90264f33305004495a9","hash":"419dd71d842113f1a48b9d546b2c4416c24cc295"}
,"C:\\Users\\jordi\\Desktop\\UNI\\TFG\\RefugisLliures_Frontend\\src\\utils\\useCustomAlert.ts": {"path":"C:\\Users\\jordi\\Desktop\\UNI\\TFG\\RefugisLliures_Frontend\\src\\utils\\useCustomAlert.ts","statementMap":{"0":{"start":{"line":21,"column":38},"end":{"line":24,"column":4}},"1":{"start":{"line":26,"column":20},"end":{"line":39,"column":8}},"2":{"start":{"line":28,"column":23},"end":{"line":28,"column":28}},"3":{"start":{"line":29,"column":25},"end":{"line":29,"column":32}},"4":{"start":{"line":31,"column":4},"end":{"line":38,"column":7}},"5":{"start":{"line":41,"column":20},"end":{"line":46,"column":8}},"6":{"start":{"line":42,"column":4},"end":{"line":45,"column":7}},"7":{"start":{"line":48,"column":2},"end":{"line":53,"column":4}}},"fnMap":{"0":{"name":"useCustomAlert","decl":{"start":{"line":20,"column":16},"end":{"line":20,"column":30}},"loc":{"start":{"line":20,"column":33},"end":{"line":54,"column":1}},"line":20},"1":{"name":"(anonymous_1)","decl":{"start":{"line":26,"column":32},"end":{"line":26,"column":33}},"loc":{"start":{"line":26,"column":105},"end":{"line":39,"column":3}},"line":26},"2":{"name":"(anonymous_2)","decl":{"start":{"line":41,"column":32},"end":{"line":41,"column":33}},"loc":{"start":{"line":41,"column":38},"end":{"line":46,"column":3}},"line":41}},"branchMap":{"0":{"loc":{"start":{"line":36,"column":17},"end":{"line":36,"column":62}},"type":"binary-expr","locations":[{"start":{"line":36,"column":17},"end":{"line":36,"column":24}},{"start":{"line":36,"column":28},"end":{"line":36,"column":62}}],"line":36}},"s":{"0":75,"1":75,"2":34,"3":34,"4":34,"5":75,"6":9,"7":75},"f":{"0":75,"1":34,"2":9},"b":{"0":[34,22]},"_coverageSchema":"1a1c01bbd47fc00a2c39e90264f33305004495a9","hash":"612e8a7440996c6268a67b49f988771acde01122"}
,"C:\\Users\\jordi\\Desktop\\UNI\\TFG\\RefugisLliures_Frontend\\src\\utils\\useTranslation.ts": {"path":"C:\\Users\\jordi\\Desktop\\UNI\\TFG\\RefugisLliures_Frontend\\src\\utils\\useTranslation.ts","statementMap":{"0":{"start":{"line":10,"column":30},"end":{"line":12,"column":1}},"1":{"start":{"line":11,"column":2},"end":{"line":11,"column":34}}},"fnMap":{"0":{"name":"(anonymous_0)","decl":{"start":{"line":10,"column":30},"end":{"line":10,"column":31}},"loc":{"start":{"line":10,"column":36},"end":{"line":12,"column":1}},"line":10}},"branchMap":{},"s":{"0":1,"1":30},"f":{"0":30},"b":{},"_coverageSchema":"1a1c01bbd47fc00a2c39e90264f33305004495a9","hash":"b7e3f19f2e943e70b4724b638a0ca81849d71abd"}
}
