TN:
SF:src\components\AppNavigator.tsx
FN:31,AppNavigator
FN:42,(anonymous_1)
FN:54,(anonymous_2)
FN:59,(anonymous_3)
FN:64,(anonymous_4)
FN:70,(anonymous_5)
FN:72,(anonymous_6)
FN:75,(anonymous_7)
FN:77,(anonymous_8)
FN:82,(anonymous_9)
FN:85,(anonymous_10)
FN:98,(anonymous_11)
FN:120,(anonymous_12)
FN:130,(anonymous_13)
FN:141,(anonymous_14)
FN:151,(anonymous_15)
FN:162,(anonymous_16)
FN:177,(anonymous_17)
FN:194,(anonymous_18)
FN:204,(anonymous_19)
FN:214,(anonymous_20)
FN:224,(anonymous_21)
FNF:22
FNH:0
FNDA:0,AppNavigator
FNDA:0,(anonymous_1)
FNDA:0,(anonymous_2)
FNDA:0,(anonymous_3)
FNDA:0,(anonymous_4)
FNDA:0,(anonymous_5)
FNDA:0,(anonymous_6)
FNDA:0,(anonymous_7)
FNDA:0,(anonymous_8)
FNDA:0,(anonymous_9)
FNDA:0,(anonymous_10)
FNDA:0,(anonymous_11)
FNDA:0,(anonymous_12)
FNDA:0,(anonymous_13)
FNDA:0,(anonymous_14)
FNDA:0,(anonymous_15)
FNDA:0,(anonymous_16)
FNDA:0,(anonymous_17)
FNDA:0,(anonymous_18)
FNDA:0,(anonymous_19)
FNDA:0,(anonymous_20)
FNDA:0,(anonymous_21)
DA:29,0
DA:32,0
DA:33,0
DA:34,0
DA:37,0
DA:38,0
DA:39,0
DA:42,0
DA:43,0
DA:45,0
DA:47,0
DA:48,0
DA:50,0
DA:54,0
DA:55,0
DA:59,0
DA:60,0
DA:61,0
DA:64,0
DA:65,0
DA:66,0
DA:67,0
DA:70,0
DA:71,0
DA:72,0
DA:75,0
DA:76,0
DA:77,0
DA:82,0
DA:83,0
DA:85,0
DA:86,0
DA:87,0
DA:88,0
DA:90,0
DA:91,0
DA:92,0
DA:94,0
DA:97,0
DA:98,0
DA:101,0
DA:121,0
DA:131,0
DA:142,0
DA:152,0
DA:163,0
DA:178,0
DA:194,0
DA:204,0
DA:214,0
DA:224,0
DA:268,0
LF:52
LH:0
BRDA:43,0,0,0
BRDA:43,0,1,0
BRDA:83,1,0,0
BRDA:83,1,1,0
BRDA:86,2,0,0
BRDA:86,2,1,0
BRDA:90,3,0,0
BRDA:90,3,1,0
BRDA:121,4,0,0
BRDA:121,4,1,0
BRDA:142,5,0,0
BRDA:142,5,1,0
BRDA:163,6,0,0
BRDA:163,6,1,0
BRDA:178,7,0,0
BRDA:178,7,1,0
BRDA:231,8,0,0
BRDA:231,8,1,0
BRDA:243,9,0,0
BRDA:243,9,1,0
BRDA:243,9,2,0
BRDA:255,10,0,0
BRDA:255,10,1,0
BRF:23
BRH:0
end_of_record
TN:
SF:src\components\Badge.tsx
FN:16,(anonymous_0)
FNF:1
FNH:1
FNDA:122,(anonymous_0)
DA:16,3
DA:27,122
DA:29,122
DA:43,3
LF:4
LH:4
BRDA:18,0,0,23
BRDA:19,1,0,21
BRDA:20,2,0,26
BRDA:27,3,0,120
BRDA:27,3,1,2
BRDA:38,4,0,122
BRDA:38,4,1,113
BRF:7
BRH:7
end_of_record
TN:
SF:src\components\BadgeCondition.tsx
FN:13,(anonymous_0)
FN:16,(anonymous_1)
FNF:2
FNH:2
FNDA:40,(anonymous_0)
FNDA:40,(anonymous_1)
DA:13,1
DA:14,40
DA:16,40
DA:17,40
DA:18,39
DA:19,22
DA:21,17
DA:22,5
DA:24,12
DA:25,5
DA:27,7
DA:28,3
DA:30,4
DA:33,40
DA:34,5
DA:35,5
DA:36,5
DA:37,5
DA:38,5
DA:41,35
DA:42,4
DA:45,31
LF:22
LH:22
BRDA:13,0,0,2
BRDA:13,1,0,35
BRDA:13,2,0,35
BRDA:14,3,0,40
BRDA:14,3,1,1
BRDA:17,4,0,1
BRDA:17,4,1,39
BRDA:18,5,0,22
BRDA:18,5,1,17
BRDA:18,6,0,39
BRDA:18,6,1,23
BRDA:18,6,2,21
BRDA:18,6,3,19
BRDA:21,7,0,5
BRDA:21,7,1,12
BRDA:21,8,0,17
BRDA:21,8,1,15
BRDA:24,9,0,5
BRDA:24,9,1,7
BRDA:27,10,0,3
BRDA:27,10,1,4
BRDA:33,11,0,5
BRDA:33,11,1,35
BRDA:37,12,0,5
BRDA:37,12,1,5
BRDA:41,13,0,4
BRDA:41,13,1,31
BRF:27
BRH:27
end_of_record
TN:
SF:src\components\BadgeType.tsx
FN:13,(anonymous_0)
FN:15,(anonymous_1)
FNF:2
FNH:2
FNDA:52,(anonymous_0)
FNDA:52,(anonymous_1)
DA:13,1
DA:15,52
DA:16,52
DA:18,15
DA:23,6
DA:28,7
DA:33,6
DA:38,5
DA:44,13
DA:51,52
DA:54,52
DA:55,52
DA:57,52
DA:60,52
DA:61,5
DA:62,5
DA:63,5
DA:65,5
DA:66,5
DA:70,47
DA:71,4
DA:74,43
LF:22
LH:22
BRDA:13,0,0,47
BRDA:13,1,0,47
BRDA:16,2,0,15
BRDA:16,2,1,6
BRDA:16,2,2,7
BRDA:16,2,3,6
BRDA:16,2,4,5
BRDA:16,2,5,6
BRDA:16,2,6,13
BRDA:60,3,0,5
BRDA:60,3,1,47
BRDA:65,4,0,5
BRDA:65,4,1,5
BRDA:70,5,0,4
BRDA:70,5,1,43
BRF:15
BRH:15
end_of_record
TN:
SF:src\components\CustomAlert.tsx
FN:25,CustomAlert
FN:33,(anonymous_1)
FN:62,(anonymous_2)
FN:77,(anonymous_3)
FNF:4
FNH:4
FNDA:94,CustomAlert
FNDA:10,(anonymous_1)
FNDA:107,(anonymous_2)
FNDA:10,(anonymous_3)
DA:33,94
DA:34,10
DA:35,9
DA:37,10
DA:38,10
DA:43,94
DA:45,94
DA:63,107
DA:64,107
DA:66,107
DA:77,10
DA:98,2
LF:12
LH:12
BRDA:29,0,0,54
BRDA:34,1,0,9
BRDA:34,1,1,1
BRDA:37,2,0,10
BRDA:37,2,1,0
BRDA:43,3,0,39
BRDA:43,3,1,55
BRDA:55,4,0,94
BRDA:55,4,1,38
BRDA:60,5,0,94
BRDA:60,5,1,86
BRDA:71,6,0,86
BRDA:71,6,1,21
BRDA:72,7,0,107
BRDA:72,7,1,104
BRDA:72,7,2,101
BRDA:73,8,0,107
BRDA:73,8,1,3
BRDA:74,9,0,107
BRDA:74,9,1,3
BRDA:75,10,0,107
BRDA:75,10,1,13
BRDA:82,11,0,107
BRDA:82,11,1,104
BRDA:82,11,2,101
BRDA:83,12,0,107
BRDA:83,12,1,3
BRF:27
BRH:26
end_of_record
TN:
SF:src\components\FilterPanel.tsx
FN:31,FilterPanel
FN:60,(anonymous_1)
FN:64,(anonymous_2)
FN:66,(anonymous_3)
FN:72,(anonymous_4)
FN:74,(anonymous_5)
FN:80,(anonymous_6)
FN:89,(anonymous_7)
FN:98,(anonymous_8)
FN:129,(anonymous_9)
FN:130,(anonymous_10)
FN:131,(anonymous_11)
FN:143,(anonymous_12)
FN:147,(anonymous_13)
FN:193,(anonymous_14)
FN:199,(anonymous_15)
FN:227,(anonymous_16)
FN:254,(anonymous_17)
FN:275,(anonymous_18)
FN:281,(anonymous_19)
FN:307,(anonymous_20)
FNF:21
FNH:0
FNDA:0,FilterPanel
FNDA:0,(anonymous_1)
FNDA:0,(anonymous_2)
FNDA:0,(anonymous_3)
FNDA:0,(anonymous_4)
FNDA:0,(anonymous_5)
FNDA:0,(anonymous_6)
FNDA:0,(anonymous_7)
FNDA:0,(anonymous_8)
FNDA:0,(anonymous_9)
FNDA:0,(anonymous_10)
FNDA:0,(anonymous_11)
FNDA:0,(anonymous_12)
FNDA:0,(anonymous_13)
FNDA:0,(anonymous_14)
FNDA:0,(anonymous_15)
FNDA:0,(anonymous_16)
FNDA:0,(anonymous_17)
FNDA:0,(anonymous_18)
FNDA:0,(anonymous_19)
FNDA:0,(anonymous_20)
DA:20,0
DA:39,0
DA:41,0
DA:49,0
DA:57,0
DA:60,0
DA:61,0
DA:64,0
DA:65,0
DA:66,0
DA:69,0
DA:72,0
DA:73,0
DA:74,0
DA:77,0
DA:80,0
DA:81,0
DA:89,0
DA:90,0
DA:91,0
DA:92,0
DA:93,0
DA:94,0
DA:98,0
DA:99,0
DA:106,0
DA:107,0
DA:108,0
DA:112,0
DA:113,0
DA:116,0
DA:117,0
DA:122,0
DA:127,0
DA:129,0
DA:130,0
DA:131,0
DA:133,0
DA:144,0
DA:194,0
DA:195,0
DA:199,0
DA:228,0
DA:255,0
DA:276,0
DA:277,0
DA:281,0
DA:309,0
DA:310,0
DA:323,0
LF:50
LH:0
BRDA:36,0,0,0
BRDA:37,1,0,0
BRDA:61,2,0,0
BRDA:61,2,1,0
BRDA:65,3,0,0
BRDA:65,3,1,0
BRDA:73,4,0,0
BRDA:73,4,1,0
BRDA:90,5,0,0
BRDA:90,5,1,0
BRDA:91,6,0,0
BRDA:91,6,1,0
BRDA:91,7,0,0
BRDA:91,7,1,0
BRDA:92,8,0,0
BRDA:92,8,1,0
BRDA:93,9,0,0
BRDA:93,9,1,0
BRDA:99,10,0,0
BRDA:99,10,1,0
BRDA:99,10,2,0
BRDA:99,10,3,0
BRDA:106,11,0,0
BRDA:106,11,1,0
BRDA:113,12,0,0
BRDA:113,12,1,0
BRDA:124,13,0,0
BRDA:124,13,1,0
BRDA:124,14,0,0
BRDA:124,14,1,0
BRDA:125,15,0,0
BRDA:125,15,1,0
BRDA:125,16,0,0
BRDA:125,16,1,0
BRDA:144,17,0,0
BRDA:144,17,1,0
BRDA:157,18,0,0
BRDA:157,18,1,0
BRDA:198,19,0,0
BRDA:198,19,1,0
BRDA:205,20,0,0
BRDA:205,20,1,0
BRDA:280,21,0,0
BRDA:280,21,1,0
BRDA:286,22,0,0
BRDA:286,22,1,0
BRF:46
BRH:0
end_of_record
TN:
SF:src\components\LanguageSelector.tsx
FN:15,LanguageSelector
FN:22,(anonymous_1)
FN:81,(anonymous_2)
FN:87,(anonymous_3)
FNF:4
FNH:4
FNDA:56,LanguageSelector
FNDA:16,(anonymous_1)
FNDA:224,(anonymous_2)
FNDA:16,(anonymous_3)
DA:16,56
DA:17,56
DA:18,56
DA:19,56
DA:20,56
DA:22,56
DA:23,16
DA:25,13
DA:26,13
DA:29,13
DA:32,11
DA:33,9
DA:34,9
DA:40,7
DA:42,2
DA:44,2
DA:51,11
DA:53,2
DA:54,2
DA:56,13
DA:60,56
DA:82,224
DA:83,224
DA:87,16
DA:119,1
LF:25
LH:25
BRDA:23,0,0,3
BRDA:23,0,1,13
BRDA:32,1,0,9
BRDA:32,1,1,2
BRDA:32,2,0,11
BRDA:32,2,1,10
BRDA:46,3,0,2
BRDA:46,3,1,0
BRDA:86,4,0,224
BRDA:86,4,1,54
BRDA:90,5,0,224
BRDA:90,5,1,54
BRDA:95,6,0,224
BRDA:95,6,1,54
BRDA:106,7,0,56
BRDA:106,7,1,56
BRF:16
BRH:15
end_of_record
TN:
SF:src\components\LeafletWebMap.tsx
FN:17,LeafletWebMap
FN:30,(anonymous_1)
FN:32,(anonymous_2)
FN:41,(anonymous_3)
FN:58,(anonymous_4)
FN:70,(anonymous_5)
FN:101,(anonymous_6)
FN:317,(anonymous_7)
FNF:8
FNH:0
FNDA:0,LeafletWebMap
FNDA:0,(anonymous_1)
FNDA:0,(anonymous_2)
FNDA:0,(anonymous_3)
FNDA:0,(anonymous_4)
FNDA:0,(anonymous_5)
FNDA:0,(anonymous_6)
FNDA:0,(anonymous_7)
DA:17,0
DA:25,0
DA:26,0
DA:27,0
DA:28,0
DA:30,0
DA:32,0
DA:33,0
DA:34,0
DA:35,0
DA:37,0
DA:41,0
DA:42,0
DA:44,0
DA:45,0
DA:46,0
DA:51,0
DA:52,0
DA:58,0
DA:59,0
DA:60,0
DA:65,0
DA:70,0
DA:72,0
DA:73,0
DA:96,0
DA:101,0
DA:317,0
DA:318,0
DA:319,0
DA:320,0
DA:322,0
DA:323,0
DA:324,0
DA:325,0
DA:327,0
DA:328,0
DA:331,0
DA:335,0
DA:355,0
LF:40
LH:0
BRDA:21,0,0,0
BRDA:22,1,0,0
BRDA:42,2,0,0
BRDA:42,2,1,0
BRDA:42,3,0,0
BRDA:42,3,1,0
BRDA:42,3,2,0
BRDA:45,4,0,0
BRDA:45,4,1,0
BRDA:48,5,0,0
BRDA:48,5,1,0
BRDA:59,6,0,0
BRDA:59,6,1,0
BRDA:59,7,0,0
BRDA:59,7,1,0
BRDA:62,8,0,0
BRDA:62,8,1,0
BRDA:72,9,0,0
BRDA:72,9,1,0
BRDA:72,10,0,0
BRDA:72,10,1,0
BRDA:268,11,0,0
BRDA:268,11,1,0
BRDA:320,12,0,0
BRDA:320,12,1,0
BRDA:322,13,0,0
BRDA:322,13,1,0
BRDA:324,14,0,0
BRDA:324,14,1,0
BRDA:327,15,0,0
BRDA:327,15,1,0
BRF:31
BRH:0
end_of_record
TN:
SF:src\components\MapViewComponent.tsx
FN:22,MapViewComponent
FN:53,(anonymous_1)
FN:62,(anonymous_2)
FN:74,(anonymous_3)
FN:107,(anonymous_4)
FN:116,(anonymous_5)
FNF:6
FNH:0
FNDA:0,MapViewComponent
FNDA:0,(anonymous_1)
FNDA:0,(anonymous_2)
FNDA:0,(anonymous_3)
FNDA:0,(anonymous_4)
FNDA:0,(anonymous_5)
DA:22,0
DA:23,0
DA:24,0
DA:25,0
DA:26,0
DA:29,0
DA:36,0
DA:64,0
DA:65,0
DA:66,0
DA:69,0
DA:75,0
DA:76,0
DA:77,0
DA:78,0
DA:79,0
DA:81,0
DA:82,0
DA:83,0
DA:86,0
DA:88,0
DA:89,0
DA:90,0
DA:93,0
DA:107,0
DA:116,0
DA:133,0
LF:27
LH:0
BRDA:64,0,0,0
BRDA:64,0,1,0
BRDA:77,1,0,0
BRDA:77,1,1,0
BRDA:88,2,0,0
BRDA:88,2,1,0
BRDA:88,3,0,0
BRDA:88,3,1,0
BRDA:93,4,0,0
BRDA:93,4,1,0
BRDA:120,5,0,0
BRDA:120,5,1,0
BRF:12
BRH:0
end_of_record
TN:
SF:src\components\OfflineMapManager.tsx
FN:21,OfflineMapManager
FN:28,(anonymous_1)
FN:34,(anonymous_2)
FN:43,(anonymous_3)
FN:58,(anonymous_4)
FN:68,(anonymous_5)
FN:72,(anonymous_6)
FN:89,(anonymous_7)
FN:97,(anonymous_8)
FN:112,(anonymous_9)
FN:119,(anonymous_10)
FN:125,(anonymous_11)
FNF:12
FNH:0
FNDA:0,OfflineMapManager
FNDA:0,(anonymous_1)
FNDA:0,(anonymous_2)
FNDA:0,(anonymous_3)
FNDA:0,(anonymous_4)
FNDA:0,(anonymous_5)
FNDA:0,(anonymous_6)
FNDA:0,(anonymous_7)
FNDA:0,(anonymous_8)
FNDA:0,(anonymous_9)
FNDA:0,(anonymous_10)
FNDA:0,(anonymous_11)
DA:22,0
DA:23,0
DA:24,0
DA:25,0
DA:26,0
DA:28,0
DA:29,0
DA:30,0
DA:34,0
DA:35,0
DA:36,0
DA:37,0
DA:39,0
DA:43,0
DA:44,0
DA:58,0
DA:59,0
DA:60,0
DA:61,0
DA:63,0
DA:64,0
DA:69,0
DA:70,0
DA:73,0
DA:74,0
DA:75,0
DA:77,0
DA:79,0
DA:83,0
DA:84,0
DA:85,0
DA:89,0
DA:90,0
DA:98,0
DA:99,0
DA:100,0
DA:101,0
DA:103,0
DA:112,0
DA:113,0
DA:114,0
DA:116,0
DA:119,0
DA:120,0
DA:121,0
DA:122,0
DA:125,0
DA:126,0
DA:127,0
DA:128,0
DA:129,0
DA:132,0
DA:263,0
LF:53
LH:0
BRDA:29,0,0,0
BRDA:29,0,1,0
BRDA:74,1,0,0
BRDA:74,1,1,0
BRDA:113,2,0,0
BRDA:113,2,1,0
BRDA:120,3,0,0
BRDA:120,3,1,0
BRDA:121,4,0,0
BRDA:121,4,1,0
BRDA:126,5,0,0
BRDA:126,5,1,0
BRDA:127,6,0,0
BRDA:127,6,1,0
BRDA:128,7,0,0
BRDA:128,7,1,0
BRDA:150,8,0,0
BRDA:150,8,1,0
BRDA:159,9,0,0
BRDA:159,9,1,0
BRDA:180,10,0,0
BRDA:180,10,1,0
BRDA:188,11,0,0
BRDA:188,11,1,0
BRDA:209,12,0,0
BRDA:209,12,1,0
BRDA:214,13,0,0
BRDA:214,13,1,0
BRDA:223,14,0,0
BRDA:223,14,1,0
BRDA:250,15,0,0
BRDA:250,15,1,0
BRF:32
BRH:0
end_of_record
TN:
SF:src\components\RefugeBottomSheet.tsx
FN:33,RefugeBottomSheet
FN:68,(anonymous_1)
FN:116,(anonymous_2)
FNF:3
FNH:0
FNDA:0,RefugeBottomSheet
FNDA:0,(anonymous_1)
FNDA:0,(anonymous_2)
DA:25,0
DA:41,0
DA:42,0
DA:43,0
DA:45,0
DA:68,0
DA:116,0
DA:127,0
LF:8
LH:0
BRDA:43,0,0,0
BRDA:43,0,1,0
BRDA:58,1,0,0
BRDA:58,1,1,0
BRDA:84,2,0,0
BRDA:84,2,1,0
BRDA:92,3,0,0
BRDA:92,3,1,0
BRDA:107,4,0,0
BRDA:107,4,1,0
BRF:10
BRH:0
end_of_record
TN:
SF:src\components\RefugeCard.tsx
FN:19,RefugeCard
FN:54,(anonymous_1)
FNF:2
FNH:2
FNDA:42,RefugeCard
FNDA:2,(anonymous_1)
DA:12,1
DA:20,42
DA:22,42
DA:55,2
DA:65,1
LF:5
LH:5
BRDA:32,0,0,42
BRDA:32,0,1,38
BRDA:42,1,0,42
BRDA:42,1,1,1
BRDA:42,1,2,1
BRDA:46,2,0,42
BRDA:46,2,1,4
BRDA:48,3,0,42
BRDA:48,3,1,4
BRF:9
BRH:9
end_of_record
TN:
SF:src\components\SearchBar.tsx
FN:20,SearchBar
FN:24,(anonymous_1)
FN:42,(anonymous_2)
FN:49,(anonymous_3)
FN:61,(anonymous_4)
FN:72,(anonymous_5)
FN:76,(anonymous_6)
FN:90,(anonymous_7)
FNF:8
FNH:5
FNDA:34,SearchBar
FNDA:0,(anonymous_1)
FNDA:0,(anonymous_2)
FNDA:1,(anonymous_3)
FNDA:1,(anonymous_4)
FNDA:18,(anonymous_5)
FNDA:2,(anonymous_6)
FNDA:0,(anonymous_7)
DA:20,1
DA:21,34
DA:23,34
DA:24,0
DA:42,0
DA:50,1
DA:51,1
DA:62,1
DA:63,1
DA:73,18
DA:77,2
DA:78,2
DA:91,0
DA:108,1
LF:14
LH:11
BRDA:20,0,0,26
BRDA:20,1,0,32
BRDA:46,2,0,34
BRDA:46,2,1,9
BRDA:46,2,2,7
BRDA:70,3,0,34
BRDA:70,3,1,7
BRDA:78,4,0,2
BRDA:78,4,1,1
BRDA:87,5,0,34
BRDA:87,5,1,9
BRDA:87,5,2,27
BRF:12
BRH:12
end_of_record
TN:
SF:src\contexts\AuthContext.tsx
FN:32,AuthProvider
FN:39,(anonymous_1)
FN:40,(anonymous_2)
FN:58,(anonymous_3)
FN:90,(anonymous_4)
FN:93,(anonymous_5)
FN:98,(anonymous_6)
FN:103,(anonymous_7)
FN:108,(anonymous_8)
FN:113,(anonymous_9)
FN:118,(anonymous_10)
FN:124,(anonymous_11)
FN:145,(anonymous_12)
FN:149,(anonymous_13)
FN:153,(anonymous_14)
FN:194,useAuth
FNF:16
FNH:16
FNDA:55,AuthProvider
FNDA:23,(anonymous_1)
FNDA:23,(anonymous_2)
FNDA:2,(anonymous_3)
FNDA:23,(anonymous_4)
FNDA:2,(anonymous_5)
FNDA:2,(anonymous_6)
FNDA:2,(anonymous_7)
FNDA:1,(anonymous_8)
FNDA:1,(anonymous_9)
FNDA:2,(anonymous_10)
FNDA:1,(anonymous_11)
FNDA:1,(anonymous_12)
FNDA:1,(anonymous_13)
FNDA:3,(anonymous_14)
FNDA:55,useAuth
DA:26,1
DA:33,55
DA:34,55
DA:35,55
DA:36,55
DA:39,55
DA:40,23
DA:41,23
DA:43,23
DA:44,8
DA:46,8
DA:47,8
DA:51,8
DA:52,7
DA:53,7
DA:55,7
DA:56,2
DA:57,2
DA:58,2
DA:59,2
DA:63,7
DA:64,7
DA:67,7
DA:68,7
DA:70,7
DA:71,7
DA:75,0
DA:76,0
DA:79,1
DA:80,1
DA:83,15
DA:84,15
DA:87,23
DA:90,23
DA:93,55
DA:94,2
DA:98,55
DA:99,2
DA:103,55
DA:104,2
DA:108,55
DA:109,1
DA:113,55
DA:114,1
DA:118,55
DA:119,2
DA:120,2
DA:121,2
DA:124,55
DA:125,1
DA:126,1
DA:127,1
DA:128,1
DA:129,1
DA:131,1
DA:132,1
DA:135,1
DA:136,1
DA:137,1
DA:138,1
DA:145,55
DA:146,1
DA:149,55
DA:150,1
DA:153,55
DA:154,3
DA:155,1
DA:159,2
DA:165,2
DA:166,1
DA:170,1
DA:173,55
DA:191,55
DA:195,55
DA:196,55
DA:197,0
DA:199,55
LF:77
LH:74
BRDA:43,0,0,8
BRDA:43,0,1,15
BRDA:55,1,0,9
BRDA:55,1,1,2
BRDA:63,2,0,7
BRDA:63,2,1,0
BRDA:67,3,0,7
BRDA:67,3,1,0
BRDA:70,4,0,7
BRDA:70,4,1,0
BRDA:126,5,0,1
BRDA:126,5,1,0
BRDA:131,6,0,1
BRDA:131,6,1,0
BRDA:135,7,0,1
BRDA:135,7,1,0
BRDA:137,8,0,1
BRDA:137,8,1,0
BRDA:154,9,0,1
BRDA:154,9,1,2
BRDA:162,10,0,2
BRDA:162,10,1,0
BRDA:165,11,0,1
BRDA:165,11,1,1
BRDA:177,12,0,55
BRDA:177,12,1,15
BRDA:196,13,0,0
BRDA:196,13,1,55
BRF:28
BRH:19
end_of_record
TN:
SF:src\i18n\index.ts
FN:25,(anonymous_0)
FN:52,(anonymous_1)
FN:87,(anonymous_2)
FN:99,(anonymous_3)
FNF:4
FNH:0
FNDA:0,(anonymous_0)
FNDA:0,(anonymous_1)
FNDA:0,(anonymous_2)
FNDA:0,(anonymous_3)
DA:13,0
DA:22,0
DA:25,0
DA:26,0
DA:28,0
DA:29,0
DA:30,0
DA:34,0
DA:35,0
DA:39,0
DA:42,0
DA:46,0
DA:47,0
DA:52,0
DA:53,0
DA:55,0
DA:56,0
DA:58,0
DA:61,0
DA:63,0
DA:83,0
DA:87,0
DA:88,0
DA:89,0
DA:90,0
DA:92,0
DA:94,0
DA:99,0
DA:100,0
DA:104,0
LF:30
LH:0
BRDA:29,0,0,0
BRDA:29,0,1,0
BRDA:31,1,0,0
BRDA:31,1,1,0
BRDA:31,1,2,0
BRDA:34,2,0,0
BRDA:34,2,1,0
BRDA:35,3,0,0
BRDA:35,3,1,0
BRDA:42,4,0,0
BRDA:42,4,1,0
BRDA:61,5,0,0
BRDA:61,5,1,0
BRF:13
BRH:0
end_of_record
TN:
SF:src\models\index.ts
FNF:0
FNH:0
LF:0
LH:0
BRF:0
BRH:0
end_of_record
TN:
SF:src\screens\ChangeEmailScreen.tsx
FN:14,ChangeEmailScreen
FN:34,(anonymous_1)
FN:39,(anonymous_2)
FN:53,(anonymous_3)
FN:86,(anonymous_4)
FN:113,(anonymous_5)
FN:123,(anonymous_6)
FN:124,(anonymous_7)
FN:139,(anonymous_8)
FN:142,(anonymous_9)
FN:148,(anonymous_10)
FN:218,(anonymous_11)
FN:229,(anonymous_12)
FNF:13
FNH:0
FNDA:0,ChangeEmailScreen
FNDA:0,(anonymous_1)
FNDA:0,(anonymous_2)
FNDA:0,(anonymous_3)
FNDA:0,(anonymous_4)
FNDA:0,(anonymous_5)
FNDA:0,(anonymous_6)
FNDA:0,(anonymous_7)
FNDA:0,(anonymous_8)
FNDA:0,(anonymous_9)
FNDA:0,(anonymous_10)
FNDA:0,(anonymous_11)
FNDA:0,(anonymous_12)
DA:15,0
DA:16,0
DA:17,0
DA:18,0
DA:20,0
DA:21,0
DA:23,0
DA:24,0
DA:26,0
DA:27,0
DA:29,0
DA:30,0
DA:32,0
DA:34,0
DA:35,0
DA:36,0
DA:39,0
DA:40,0
DA:42,0
DA:43,0
DA:44,0
DA:45,0
DA:46,0
DA:47,0
DA:49,0
DA:53,0
DA:55,0
DA:56,0
DA:57,0
DA:60,0
DA:61,0
DA:62,0
DA:65,0
DA:66,0
DA:67,0
DA:70,0
DA:71,0
DA:72,0
DA:75,0
DA:77,0
DA:78,0
DA:80,0
DA:87,0
DA:93,0
DA:95,0
DA:96,0
DA:97,0
DA:98,0
DA:99,0
DA:100,0
DA:101,0
DA:102,0
DA:103,0
DA:104,0
DA:106,0
DA:109,0
DA:113,0
DA:115,0
DA:116,0
DA:117,0
DA:118,0
DA:119,0
DA:123,0
DA:124,0
DA:125,0
DA:126,0
DA:128,0
DA:129,0
DA:130,0
DA:131,0
DA:132,0
DA:136,0
DA:139,0
DA:140,0
DA:142,0
DA:143,0
DA:144,0
DA:147,0
DA:148,0
DA:152,0
DA:159,0
DA:219,0
DA:220,0
DA:229,0
DA:289,0
LF:85
LH:0
BRDA:32,0,0,0
BRDA:32,0,1,0
BRDA:42,1,0,0
BRDA:42,1,1,0
BRDA:44,2,0,0
BRDA:44,2,1,0
BRDA:46,3,0,0
BRDA:46,3,1,0
BRDA:55,4,0,0
BRDA:55,4,1,0
BRDA:60,5,0,0
BRDA:60,5,1,0
BRDA:65,6,0,0
BRDA:65,6,1,0
BRDA:70,7,0,0
BRDA:70,7,1,0
BRDA:95,8,0,0
BRDA:95,8,1,0
BRDA:95,9,0,0
BRDA:95,9,1,0
BRDA:97,10,0,0
BRDA:97,10,1,0
BRDA:99,11,0,0
BRDA:99,11,1,0
BRDA:101,12,0,0
BRDA:101,12,1,0
BRDA:103,13,0,0
BRDA:103,13,1,0
BRDA:125,14,0,0
BRDA:125,14,1,0
BRDA:140,15,0,0
BRDA:140,15,1,0
BRDA:152,16,0,0
BRDA:152,16,1,0
BRDA:152,16,2,0
BRDA:152,16,3,0
BRDA:152,16,4,0
BRDA:152,16,5,0
BRDA:197,17,0,0
BRDA:197,17,1,0
BRDA:206,18,0,0
BRDA:206,18,1,0
BRDA:216,19,0,0
BRDA:216,19,1,0
BRDA:231,20,0,0
BRDA:231,20,1,0
BRDA:234,21,0,0
BRDA:234,21,1,0
BRDA:242,22,0,0
BRDA:242,22,1,0
BRDA:242,22,2,0
BRDA:244,23,0,0
BRDA:244,23,1,0
BRDA:246,24,0,0
BRDA:246,24,1,0
BRDA:246,25,0,0
BRDA:246,25,1,0
BRDA:248,26,0,0
BRDA:248,26,1,0
BRDA:253,27,0,0
BRDA:253,27,1,0
BRDA:254,28,0,0
BRDA:254,28,1,0
BRDA:272,29,0,0
BRDA:272,29,1,0
BRDA:282,30,0,0
BRDA:282,30,1,0
BRF:67
BRH:0
end_of_record
TN:
SF:src\screens\ChangePasswordScreen.tsx
FN:14,ChangePasswordScreen
FN:37,(anonymous_1)
FN:57,(anonymous_2)
FN:72,(anonymous_3)
FN:82,(anonymous_4)
FN:121,(anonymous_5)
FN:144,(anonymous_6)
FN:156,(anonymous_7)
FN:157,(anonymous_8)
FN:174,(anonymous_9)
FN:177,(anonymous_10)
FN:183,(anonymous_11)
FN:225,(anonymous_12)
FN:236,(anonymous_13)
FN:261,(anonymous_14)
FN:269,(anonymous_15)
FN:291,(anonymous_16)
FNF:17
FNH:0
FNDA:0,ChangePasswordScreen
FNDA:0,(anonymous_1)
FNDA:0,(anonymous_2)
FNDA:0,(anonymous_3)
FNDA:0,(anonymous_4)
FNDA:0,(anonymous_5)
FNDA:0,(anonymous_6)
FNDA:0,(anonymous_7)
FNDA:0,(anonymous_8)
FNDA:0,(anonymous_9)
FNDA:0,(anonymous_10)
FNDA:0,(anonymous_11)
FNDA:0,(anonymous_12)
FNDA:0,(anonymous_13)
FNDA:0,(anonymous_14)
FNDA:0,(anonymous_15)
FNDA:0,(anonymous_16)
DA:15,0
DA:16,0
DA:17,0
DA:18,0
DA:20,0
DA:21,0
DA:22,0
DA:24,0
DA:25,0
DA:26,0
DA:28,0
DA:29,0
DA:30,0
DA:32,0
DA:34,0
DA:35,0
DA:37,0
DA:38,0
DA:39,0
DA:40,0
DA:42,0
DA:43,0
DA:45,0
DA:46,0
DA:48,0
DA:49,0
DA:51,0
DA:52,0
DA:54,0
DA:57,0
DA:58,0
DA:59,0
DA:60,0
DA:63,0
DA:64,0
DA:65,0
DA:67,0
DA:72,0
DA:73,0
DA:75,0
DA:76,0
DA:78,0
DA:82,0
DA:84,0
DA:85,0
DA:86,0
DA:89,0
DA:90,0
DA:91,0
DA:94,0
DA:95,0
DA:97,0
DA:100,0
DA:101,0
DA:102,0
DA:105,0
DA:106,0
DA:107,0
DA:110,0
DA:112,0
DA:113,0
DA:115,0
DA:122,0
DA:128,0
DA:130,0
DA:131,0
DA:132,0
DA:133,0
DA:134,0
DA:135,0
DA:137,0
DA:140,0
DA:144,0
DA:146,0
DA:147,0
DA:148,0
DA:149,0
DA:150,0
DA:151,0
DA:152,0
DA:156,0
DA:157,0
DA:158,0
DA:159,0
DA:161,0
DA:162,0
DA:163,0
DA:164,0
DA:165,0
DA:166,0
DA:167,0
DA:171,0
DA:174,0
DA:175,0
DA:177,0
DA:178,0
DA:179,0
DA:182,0
DA:183,0
DA:187,0
DA:195,0
DA:226,0
DA:227,0
DA:236,0
DA:261,0
DA:270,0
DA:291,0
DA:350,0
LF:108
LH:0
BRDA:39,0,0,0
BRDA:39,0,1,0
BRDA:42,1,0,0
BRDA:42,1,1,0
BRDA:45,2,0,0
BRDA:45,2,1,0
BRDA:48,3,0,0
BRDA:48,3,1,0
BRDA:51,4,0,0
BRDA:51,4,1,0
BRDA:63,5,0,0
BRDA:63,5,1,0
BRDA:64,6,0,0
BRDA:64,6,1,0
BRDA:75,7,0,0
BRDA:75,7,1,0
BRDA:75,8,0,0
BRDA:75,8,1,0
BRDA:84,9,0,0
BRDA:84,9,1,0
BRDA:89,10,0,0
BRDA:89,10,1,0
BRDA:95,11,0,0
BRDA:95,11,1,0
BRDA:100,12,0,0
BRDA:100,12,1,0
BRDA:105,13,0,0
BRDA:105,13,1,0
BRDA:130,14,0,0
BRDA:130,14,1,0
BRDA:130,15,0,0
BRDA:130,15,1,0
BRDA:132,16,0,0
BRDA:132,16,1,0
BRDA:134,17,0,0
BRDA:134,17,1,0
BRDA:158,18,0,0
BRDA:158,18,1,0
BRDA:175,19,0,0
BRDA:175,19,1,0
BRDA:187,20,0,0
BRDA:187,20,1,0
BRDA:187,20,2,0
BRDA:187,20,3,0
BRDA:187,20,4,0
BRDA:187,20,5,0
BRDA:187,20,6,0
BRDA:223,21,0,0
BRDA:223,21,1,0
BRDA:238,22,0,0
BRDA:238,22,1,0
BRDA:241,23,0,0
BRDA:241,23,1,0
BRDA:251,24,0,0
BRDA:251,24,1,0
BRDA:251,24,2,0
BRDA:263,25,0,0
BRDA:263,25,1,0
BRDA:266,26,0,0
BRDA:266,26,1,0
BRDA:266,26,2,0
BRDA:281,27,0,0
BRDA:281,27,1,0
BRDA:293,28,0,0
BRDA:293,28,1,0
BRDA:296,29,0,0
BRDA:296,29,1,0
BRDA:303,30,0,0
BRDA:303,30,1,0
BRDA:303,30,2,0
BRDA:305,31,0,0
BRDA:305,31,1,0
BRDA:307,32,0,0
BRDA:307,32,1,0
BRDA:307,33,0,0
BRDA:307,33,1,0
BRDA:309,34,0,0
BRDA:309,34,1,0
BRDA:314,35,0,0
BRDA:314,35,1,0
BRDA:315,36,0,0
BRDA:315,36,1,0
BRDA:333,37,0,0
BRDA:333,37,1,0
BRDA:343,38,0,0
BRDA:343,38,1,0
BRF:86
BRH:0
end_of_record
TN:
SF:src\screens\EditProfileScreen.tsx
FN:14,EditProfileScreen
FN:28,(anonymous_1)
FN:32,(anonymous_2)
FN:45,(anonymous_3)
FN:79,(anonymous_4)
FN:87,(anonymous_5)
FN:88,(anonymous_6)
FN:101,(anonymous_7)
FN:104,(anonymous_8)
FN:110,(anonymous_9)
FN:114,(anonymous_10)
FN:125,(anonymous_11)
FNF:12
FNH:0
FNDA:0,EditProfileScreen
FNDA:0,(anonymous_1)
FNDA:0,(anonymous_2)
FNDA:0,(anonymous_3)
FNDA:0,(anonymous_4)
FNDA:0,(anonymous_5)
FNDA:0,(anonymous_6)
FNDA:0,(anonymous_7)
FNDA:0,(anonymous_8)
FNDA:0,(anonymous_9)
FNDA:0,(anonymous_10)
FNDA:0,(anonymous_11)
DA:15,0
DA:16,0
DA:17,0
DA:18,0
DA:20,0
DA:21,0
DA:23,0
DA:25,0
DA:26,0
DA:28,0
DA:29,0
DA:32,0
DA:33,0
DA:34,0
DA:36,0
DA:37,0
DA:38,0
DA:39,0
DA:41,0
DA:45,0
DA:47,0
DA:48,0
DA:49,0
DA:52,0
DA:53,0
DA:54,0
DA:57,0
DA:59,0
DA:60,0
DA:62,0
DA:64,0
DA:75,0
DA:79,0
DA:81,0
DA:82,0
DA:83,0
DA:87,0
DA:88,0
DA:89,0
DA:90,0
DA:92,0
DA:93,0
DA:94,0
DA:98,0
DA:101,0
DA:102,0
DA:104,0
DA:105,0
DA:106,0
DA:109,0
DA:110,0
DA:114,0
DA:116,0
DA:125,0
DA:126,0
DA:131,0
DA:133,0
DA:135,0
DA:136,0
DA:140,0
DA:144,0
DA:233,0
LF:62
LH:0
BRDA:29,0,0,0
BRDA:29,0,1,0
BRDA:36,1,0,0
BRDA:36,1,1,0
BRDA:38,2,0,0
BRDA:38,2,1,0
BRDA:47,3,0,0
BRDA:47,3,1,0
BRDA:52,4,0,0
BRDA:52,4,1,0
BRDA:66,5,0,0
BRDA:66,5,1,0
BRDA:89,6,0,0
BRDA:89,6,1,0
BRDA:102,7,0,0
BRDA:102,7,1,0
BRDA:125,8,0,0
BRDA:125,8,1,0
BRDA:125,9,0,0
BRDA:125,9,1,0
BRDA:126,10,0,0
BRDA:126,10,1,0
BRDA:126,10,2,0
BRDA:131,11,0,0
BRDA:131,11,1,0
BRDA:140,12,0,0
BRDA:140,12,1,0
BRDA:140,12,2,0
BRDA:170,13,0,0
BRDA:170,13,1,0
BRDA:179,14,0,0
BRDA:179,14,1,0
BRDA:186,15,0,0
BRDA:186,15,1,0
BRDA:186,15,2,0
BRDA:188,16,0,0
BRDA:188,16,1,0
BRDA:190,17,0,0
BRDA:190,17,1,0
BRDA:190,18,0,0
BRDA:190,18,1,0
BRDA:192,19,0,0
BRDA:192,19,1,0
BRDA:197,20,0,0
BRDA:197,20,1,0
BRDA:198,21,0,0
BRDA:198,21,1,0
BRDA:216,22,0,0
BRDA:216,22,1,0
BRDA:226,23,0,0
BRDA:226,23,1,0
BRF:51
BRH:0
end_of_record
TN:
SF:src\screens\FavoritesScreen.tsx
FN:15,FavoritesScreen
FN:25,(anonymous_1)
FN:29,(anonymous_2)
FN:40,(anonymous_3)
FN:40,(anonymous_4)
FN:50,(anonymous_5)
FN:52,(anonymous_6)
FN:53,(anonymous_7)
FN:79,(anonymous_8)
FN:82,(anonymous_9)
FN:83,(anonymous_10)
FNF:11
FNH:0
FNDA:0,FavoritesScreen
FNDA:0,(anonymous_1)
FNDA:0,(anonymous_2)
FNDA:0,(anonymous_3)
FNDA:0,(anonymous_4)
FNDA:0,(anonymous_5)
FNDA:0,(anonymous_6)
FNDA:0,(anonymous_7)
FNDA:0,(anonymous_8)
FNDA:0,(anonymous_9)
FNDA:0,(anonymous_10)
DA:16,0
DA:17,0
DA:20,0
DA:21,0
DA:22,0
DA:25,0
DA:26,0
DA:29,0
DA:30,0
DA:31,0
DA:33,0
DA:36,0
DA:37,0
DA:40,0
DA:41,0
DA:43,0
DA:45,0
DA:50,0
DA:51,0
DA:52,0
DA:53,0
DA:56,0
DA:57,0
DA:68,0
DA:80,0
DA:82,0
DA:83,0
DA:104,0
LF:28
LH:0
BRDA:52,0,0,0
BRDA:52,0,1,0
BRDA:56,1,0,0
BRDA:56,1,1,0
BRDA:91,2,0,0
BRDA:91,2,1,0
BRF:6
BRH:0
end_of_record
TN:
SF:src\screens\LoginScreen.tsx
FN:32,LoginScreen
FN:48,(anonymous_1)
FN:54,(anonymous_2)
FN:61,(anonymous_3)
FN:66,(anonymous_4)
FN:101,(anonymous_5)
FN:108,(anonymous_6)
FN:156,(anonymous_7)
FN:173,(anonymous_8)
FN:182,(anonymous_9)
FN:214,(anonymous_10)
FN:235,(anonymous_11)
FN:244,(anonymous_12)
FN:322,(anonymous_13)
FN:322,(anonymous_14)
FN:350,(anonymous_15)
FNF:16
FNH:0
FNDA:0,LoginScreen
FNDA:0,(anonymous_1)
FNDA:0,(anonymous_2)
FNDA:0,(anonymous_3)
FNDA:0,(anonymous_4)
FNDA:0,(anonymous_5)
FNDA:0,(anonymous_6)
FNDA:0,(anonymous_7)
FNDA:0,(anonymous_8)
FNDA:0,(anonymous_9)
FNDA:0,(anonymous_10)
FNDA:0,(anonymous_11)
FNDA:0,(anonymous_12)
FNDA:0,(anonymous_13)
FNDA:0,(anonymous_14)
FNDA:0,(anonymous_15)
DA:26,0
DA:33,0
DA:34,0
DA:35,0
DA:36,0
DA:37,0
DA:38,0
DA:39,0
DA:40,0
DA:41,0
DA:42,0
DA:43,0
DA:46,0
DA:48,0
DA:49,0
DA:50,0
DA:54,0
DA:55,0
DA:57,0
DA:61,0
DA:62,0
DA:63,0
DA:66,0
DA:68,0
DA:69,0
DA:70,0
DA:74,0
DA:75,0
DA:76,0
DA:79,0
DA:80,0
DA:81,0
DA:84,0
DA:86,0
DA:88,0
DA:91,0
DA:92,0
DA:93,0
DA:103,0
DA:109,0
DA:110,0
DA:111,0
DA:113,0
DA:114,0
DA:117,0
DA:122,0
DA:127,0
DA:130,0
DA:134,0
DA:135,0
DA:136,0
DA:138,0
DA:139,0
DA:145,0
DA:146,0
DA:147,0
DA:152,0
DA:156,0
DA:158,0
DA:160,0
DA:161,0
DA:165,0
DA:166,0
DA:167,0
DA:170,0
DA:171,0
DA:173,0
DA:174,0
DA:175,0
DA:182,0
DA:183,0
DA:184,0
DA:188,0
DA:191,0
DA:192,0
DA:193,0
DA:196,0
DA:199,0
DA:200,0
DA:201,0
DA:205,0
DA:210,0
DA:214,0
DA:216,0
DA:217,0
DA:221,0
DA:225,0
DA:236,0
DA:237,0
DA:238,0
DA:244,0
DA:249,0
DA:250,0
DA:251,0
DA:252,0
DA:253,0
DA:261,0
DA:322,0
DA:351,0
DA:352,0
DA:457,0
LF:101
LH:0
BRDA:57,0,0,0
BRDA:57,0,1,0
BRDA:63,1,0,0
BRDA:63,1,1,0
BRDA:68,2,0,0
BRDA:68,2,1,0
BRDA:69,3,0,0
BRDA:69,3,1,0
BRDA:74,4,0,0
BRDA:74,4,1,0
BRDA:75,5,0,0
BRDA:75,5,1,0
BRDA:79,6,0,0
BRDA:79,6,1,0
BRDA:80,7,0,0
BRDA:80,7,1,0
BRDA:92,8,0,0
BRDA:92,8,1,0
BRDA:92,9,0,0
BRDA:92,9,1,0
BRDA:130,10,0,0
BRDA:130,10,1,0
BRDA:134,11,0,0
BRDA:134,11,1,0
BRDA:135,12,0,0
BRDA:135,12,1,0
BRDA:146,13,0,0
BRDA:146,13,1,0
BRDA:146,13,2,0
BRDA:158,14,0,0
BRDA:158,14,1,0
BRDA:160,15,0,0
BRDA:160,15,1,0
BRDA:165,16,0,0
BRDA:165,16,1,0
BRDA:166,17,0,0
BRDA:166,17,1,0
BRDA:183,18,0,0
BRDA:183,18,1,0
BRDA:185,19,0,0
BRDA:185,19,1,0
BRDA:199,20,0,0
BRDA:199,20,1,0
BRDA:207,21,0,0
BRDA:207,21,1,0
BRDA:216,22,0,0
BRDA:216,22,1,0
BRDA:250,23,0,0
BRDA:250,23,1,0
BRDA:252,24,0,0
BRDA:252,24,1,0
BRDA:264,25,0,0
BRDA:264,25,1,0
BRDA:299,26,0,0
BRDA:299,26,1,0
BRDA:302,27,0,0
BRDA:302,27,1,0
BRDA:307,28,0,0
BRDA:307,28,1,0
BRDA:324,29,0,0
BRDA:324,29,1,0
BRDA:326,30,0,0
BRDA:326,30,1,0
BRDA:334,31,0,0
BRDA:334,31,1,0
BRDA:349,32,0,0
BRDA:349,32,1,0
BRDA:351,33,0,0
BRDA:351,33,1,0
BRDA:354,34,0,0
BRDA:354,34,1,0
BRDA:358,35,0,0
BRDA:358,35,1,0
BRDA:361,36,0,0
BRDA:361,36,1,0
BRDA:372,37,0,0
BRDA:372,37,1,0
BRDA:383,38,0,0
BRDA:383,38,1,0
BRDA:394,39,0,0
BRDA:394,39,1,0
BRDA:426,40,0,0
BRDA:426,40,1,0
BRDA:444,41,0,0
BRDA:444,41,1,0
BRF:85
BRH:0
end_of_record
TN:
SF:src\screens\MapScreen.tsx
FN:21,MapScreen
FN:44,(anonymous_1)
FN:49,(anonymous_2)
FN:55,(anonymous_3)
FN:58,(anonymous_4)
FN:63,(anonymous_5)
FN:68,(anonymous_6)
FN:72,(anonymous_7)
FN:119,(anonymous_8)
FN:123,(anonymous_9)
FN:127,(anonymous_10)
FN:131,(anonymous_11)
FN:136,(anonymous_12)
FN:139,(anonymous_13)
FN:140,(anonymous_14)
FN:155,(anonymous_15)
FN:158,(anonymous_16)
FN:167,(anonymous_17)
FN:174,(anonymous_18)
FNF:19
FNH:0
FNDA:0,MapScreen
FNDA:0,(anonymous_1)
FNDA:0,(anonymous_2)
FNDA:0,(anonymous_3)
FNDA:0,(anonymous_4)
FNDA:0,(anonymous_5)
FNDA:0,(anonymous_6)
FNDA:0,(anonymous_7)
FNDA:0,(anonymous_8)
FNDA:0,(anonymous_9)
FNDA:0,(anonymous_10)
FNDA:0,(anonymous_11)
FNDA:0,(anonymous_12)
FNDA:0,(anonymous_13)
FNDA:0,(anonymous_14)
FNDA:0,(anonymous_15)
FNDA:0,(anonymous_16)
FNDA:0,(anonymous_17)
FNDA:0,(anonymous_18)
DA:18,0
DA:19,0
DA:25,0
DA:26,0
DA:27,0
DA:30,0
DA:31,0
DA:32,0
DA:33,0
DA:34,0
DA:36,0
DA:44,0
DA:45,0
DA:46,0
DA:48,0
DA:49,0
DA:50,0
DA:55,0
DA:56,0
DA:57,0
DA:58,0
DA:63,0
DA:64,0
DA:68,0
DA:69,0
DA:72,0
DA:73,0
DA:76,0
DA:77,0
DA:79,0
DA:80,0
DA:81,0
DA:84,0
DA:85,0
DA:86,0
DA:89,0
DA:90,0
DA:93,0
DA:94,0
DA:100,0
DA:101,0
DA:103,0
DA:106,0
DA:107,0
DA:109,0
DA:111,0
DA:112,0
DA:114,0
DA:119,0
DA:120,0
DA:123,0
DA:124,0
DA:127,0
DA:128,0
DA:131,0
DA:132,0
DA:136,0
DA:137,0
DA:139,0
DA:140,0
DA:141,0
DA:142,0
DA:143,0
DA:148,0
DA:149,0
DA:155,0
DA:156,0
DA:158,0
DA:159,0
DA:160,0
DA:161,0
DA:163,0
DA:166,0
DA:167,0
DA:170,0
DA:175,0
DA:176,0
DA:177,0
DA:178,0
DA:179,0
DA:180,0
DA:181,0
DA:233,0
LF:83
LH:0
BRDA:45,0,0,0
BRDA:45,0,1,0
BRDA:45,1,0,0
BRDA:45,1,1,0
BRDA:50,2,0,0
BRDA:50,2,1,0
BRDA:56,3,0,0
BRDA:56,3,1,0
BRDA:56,4,0,0
BRDA:56,4,1,0
BRDA:77,5,0,0
BRDA:77,5,1,0
BRDA:79,6,0,0
BRDA:79,6,1,0
BRDA:79,7,0,0
BRDA:79,7,1,0
BRDA:79,7,2,0
BRDA:84,8,0,0
BRDA:84,8,1,0
BRDA:84,9,0,0
BRDA:84,9,1,0
BRDA:84,9,2,0
BRDA:89,10,0,0
BRDA:89,10,1,0
BRDA:89,11,0,0
BRDA:89,11,1,0
BRDA:93,12,0,0
BRDA:93,12,1,0
BRDA:93,13,0,0
BRDA:93,13,1,0
BRDA:100,14,0,0
BRDA:100,14,1,0
BRDA:106,15,0,0
BRDA:106,15,1,0
BRDA:143,16,0,0
BRDA:143,16,1,0
BRDA:148,17,0,0
BRDA:148,17,1,0
BRDA:148,18,0,0
BRDA:148,18,1,0
BRDA:156,19,0,0
BRDA:156,19,1,0
BRDA:159,20,0,0
BRDA:159,20,1,0
BRDA:159,21,0,0
BRDA:159,21,1,0
BRDA:176,22,0,0
BRDA:176,22,1,0
BRDA:178,23,0,0
BRDA:178,23,1,0
BRDA:179,24,0,0
BRDA:179,24,1,0
BRDA:179,25,0,0
BRDA:179,25,1,0
BRDA:181,26,0,0
BRDA:181,26,1,0
BRDA:220,27,0,0
BRDA:220,27,1,0
BRF:58
BRH:0
end_of_record
TN:
SF:src\screens\ProfileScreen.tsx
FN:18,ProfileScreen
FN:43,(anonymous_1)
FN:54,(anonymous_2)
FN:71,(anonymous_3)
FNF:4
FNH:0
FNDA:0,ProfileScreen
FNDA:0,(anonymous_1)
FNDA:0,(anonymous_2)
FNDA:0,(anonymous_3)
DA:19,0
DA:20,0
DA:21,0
DA:22,0
DA:24,0
DA:43,0
DA:55,0
DA:56,0
DA:57,0
DA:58,0
DA:59,0
DA:73,0
DA:74,0
DA:75,0
DA:76,0
DA:77,0
DA:78,0
DA:84,0
DA:133,0
LF:19
LH:0
BRDA:55,0,0,0
BRDA:55,0,1,0
BRDA:55,0,2,0
BRDA:55,0,3,0
BRDA:55,0,4,0
BRDA:57,1,0,0
BRDA:57,1,1,0
BRDA:58,2,0,0
BRDA:58,2,1,0
BRDA:68,3,0,0
BRDA:68,3,1,0
BRDA:68,3,2,0
BRDA:68,3,3,0
BRDA:68,3,4,0
BRDA:74,4,0,0
BRDA:74,4,1,0
BRDA:75,5,0,0
BRDA:75,5,1,0
BRDA:76,6,0,0
BRDA:76,6,1,0
BRDA:77,7,0,0
BRDA:77,7,1,0
BRDA:100,8,0,0
BRDA:100,8,1,0
BRDA:104,9,0,0
BRDA:104,9,1,0
BRDA:104,9,2,0
BRDA:110,10,0,0
BRDA:110,10,1,0
BRDA:114,11,0,0
BRDA:114,11,1,0
BRDA:125,12,0,0
BRDA:125,12,1,0
BRF:33
BRH:0
end_of_record
TN:
SF:src\screens\ReformsScreen.tsx
FN:5,ReformsScreen
FNF:1
FNH:0
FNDA:0,ReformsScreen
DA:6,0
DA:8,0
DA:32,0
LF:3
LH:0
BRF:0
BRH:0
end_of_record
TN:
SF:src\screens\RefugeDetailScreen.tsx
FN:56,RefugeDetailScreen
FN:73,(anonymous_1)
FN:82,(anonymous_2)
FN:86,(anonymous_3)
FN:94,(anonymous_4)
FN:101,(anonymous_5)
FN:110,(anonymous_6)
FN:116,(anonymous_7)
FN:126,(anonymous_8)
FN:207,(anonymous_9)
FN:212,(anonymous_10)
FN:264,(anonymous_11)
FN:284,(anonymous_12)
FN:294,(anonymous_13)
FN:305,(anonymous_14)
FN:383,(anonymous_15)
FN:446,(anonymous_16)
FN:451,(anonymous_17)
FN:492,(anonymous_18)
FN:501,(anonymous_19)
FN:506,(anonymous_20)
FNF:21
FNH:0
FNDA:0,RefugeDetailScreen
FNDA:0,(anonymous_1)
FNDA:0,(anonymous_2)
FNDA:0,(anonymous_3)
FNDA:0,(anonymous_4)
FNDA:0,(anonymous_5)
FNDA:0,(anonymous_6)
FNDA:0,(anonymous_7)
FNDA:0,(anonymous_8)
FNDA:0,(anonymous_9)
FNDA:0,(anonymous_10)
FNDA:0,(anonymous_11)
FNDA:0,(anonymous_12)
FNDA:0,(anonymous_13)
FNDA:0,(anonymous_14)
FNDA:0,(anonymous_15)
FNDA:0,(anonymous_16)
FNDA:0,(anonymous_17)
FNDA:0,(anonymous_18)
FNDA:0,(anonymous_19)
FNDA:0,(anonymous_20)
DA:18,0
DA:19,0
DA:21,0
DA:23,0
DA:63,0
DA:64,0
DA:65,0
DA:66,0
DA:67,0
DA:68,0
DA:69,0
DA:73,0
DA:74,0
DA:75,0
DA:76,0
DA:82,0
DA:83,0
DA:86,0
DA:87,0
DA:88,0
DA:89,0
DA:91,0
DA:94,0
DA:96,0
DA:102,0
DA:103,0
DA:104,0
DA:110,0
DA:111,0
DA:117,0
DA:118,0
DA:119,0
DA:126,0
DA:127,0
DA:128,0
DA:129,0
DA:130,0
DA:131,0
DA:132,0
DA:133,0
DA:134,0
DA:135,0
DA:136,0
DA:137,0
DA:138,0
DA:141,0
DA:144,0
DA:145,0
DA:146,0
DA:151,0
DA:152,0
DA:153,0
DA:154,0
DA:156,0
DA:158,0
DA:160,0
DA:162,0
DA:165,0
DA:167,0
DA:168,0
DA:170,0
DA:176,0
DA:177,0
DA:178,0
DA:181,0
DA:182,0
DA:183,0
DA:184,0
DA:186,0
DA:191,0
DA:194,0
DA:195,0
DA:197,0
DA:198,0
DA:199,0
DA:201,0
DA:207,0
DA:208,0
DA:212,0
DA:213,0
DA:214,0
DA:216,0
DA:217,0
DA:218,0
DA:219,0
DA:220,0
DA:221,0
DA:222,0
DA:223,0
DA:224,0
DA:225,0
DA:228,0
DA:229,0
DA:230,0
DA:231,0
DA:234,0
DA:235,0
DA:237,0
DA:238,0
DA:239,0
DA:241,0
DA:242,0
DA:243,0
DA:244,0
DA:247,0
DA:248,0
DA:252,0
DA:253,0
DA:257,0
DA:259,0
DA:260,0
DA:264,0
DA:265,0
DA:266,0
DA:268,0
DA:269,0
DA:271,0
DA:272,0
DA:273,0
DA:275,0
DA:278,0
DA:279,0
DA:284,0
DA:285,0
DA:286,0
DA:288,0
DA:289,0
DA:290,0
DA:294,0
DA:295,0
DA:296,0
DA:298,0
DA:299,0
DA:300,0
DA:305,0
DA:306,0
DA:307,0
DA:308,0
DA:311,0
DA:384,0
DA:447,0
DA:451,0
DA:492,0
DA:501,0
DA:506,0
DA:531,0
LF:146
LH:0
BRDA:87,0,0,0
BRDA:87,0,1,0
BRDA:102,1,0,0
BRDA:102,1,1,0
BRDA:102,1,2,0
BRDA:102,2,0,0
BRDA:102,2,1,0
BRDA:102,3,0,0
BRDA:102,3,1,0
BRDA:103,4,0,0
BRDA:103,4,1,0
BRDA:103,4,2,0
BRDA:117,5,0,0
BRDA:117,5,1,0
BRDA:117,6,0,0
BRDA:117,6,1,0
BRDA:126,7,0,0
BRDA:128,8,0,0
BRDA:128,8,1,0
BRDA:144,9,0,0
BRDA:144,9,1,0
BRDA:144,10,0,0
BRDA:144,10,1,0
BRDA:152,11,0,0
BRDA:152,11,1,0
BRDA:152,12,0,0
BRDA:152,12,1,0
BRDA:160,13,0,0
BRDA:160,13,1,0
BRDA:176,14,0,0
BRDA:176,14,1,0
BRDA:176,14,2,0
BRDA:181,15,0,0
BRDA:181,15,1,0
BRDA:181,16,0,0
BRDA:181,16,1,0
BRDA:181,16,2,0
BRDA:212,17,0,0
BRDA:214,18,0,0
BRDA:214,18,1,0
BRDA:229,19,0,0
BRDA:229,19,1,0
BRDA:229,19,2,0
BRDA:235,20,0,0
BRDA:235,20,1,0
BRDA:237,21,0,0
BRDA:237,21,1,0
BRDA:242,22,0,0
BRDA:242,22,1,0
BRDA:242,23,0,0
BRDA:242,23,1,0
BRDA:268,24,0,0
BRDA:268,24,1,0
BRDA:272,25,0,0
BRDA:272,25,1,0
BRDA:295,26,0,0
BRDA:295,26,1,0
BRDA:325,27,0,0
BRDA:325,27,1,0
BRDA:335,28,0,0
BRDA:335,28,1,0
BRDA:339,29,0,0
BRDA:339,29,1,0
BRDA:342,30,0,0
BRDA:342,30,1,0
BRDA:353,31,0,0
BRDA:353,31,1,0
BRDA:359,32,0,0
BRDA:359,32,1,0
BRDA:371,33,0,0
BRDA:371,33,1,0
BRDA:377,34,0,0
BRDA:377,34,1,0
BRDA:381,35,0,0
BRDA:381,35,1,0
BRDA:390,36,0,0
BRDA:390,36,1,0
BRDA:443,37,0,0
BRDA:443,37,1,0
BRDA:443,37,2,0
BRDA:518,38,0,0
BRDA:518,38,1,0
BRF:82
BRH:0
end_of_record
TN:
SF:src\screens\SettingsScreen.tsx
FN:17,SettingsScreen
FN:30,(anonymous_1)
FN:31,(anonymous_2)
FN:41,(anonymous_3)
FN:46,(anonymous_4)
FN:52,(anonymous_5)
FN:53,(anonymous_6)
FN:64,(anonymous_7)
FN:67,(anonymous_8)
FN:73,(anonymous_9)
FN:108,(anonymous_10)
FN:115,(anonymous_11)
FN:127,(anonymous_12)
FN:134,(anonymous_13)
FN:149,(anonymous_14)
FN:155,(anonymous_15)
FN:173,(anonymous_16)
FN:179,(anonymous_17)
FN:199,(anonymous_18)
FNF:19
FNH:0
FNDA:0,SettingsScreen
FNDA:0,(anonymous_1)
FNDA:0,(anonymous_2)
FNDA:0,(anonymous_3)
FNDA:0,(anonymous_4)
FNDA:0,(anonymous_5)
FNDA:0,(anonymous_6)
FNDA:0,(anonymous_7)
FNDA:0,(anonymous_8)
FNDA:0,(anonymous_9)
FNDA:0,(anonymous_10)
FNDA:0,(anonymous_11)
FNDA:0,(anonymous_12)
FNDA:0,(anonymous_13)
FNDA:0,(anonymous_14)
FNDA:0,(anonymous_15)
FNDA:0,(anonymous_16)
FNDA:0,(anonymous_17)
FNDA:0,(anonymous_18)
DA:18,0
DA:19,0
DA:20,0
DA:21,0
DA:22,0
DA:23,0
DA:25,0
DA:27,0
DA:30,0
DA:31,0
DA:32,0
DA:36,0
DA:39,0
DA:41,0
DA:42,0
DA:46,0
DA:48,0
DA:52,0
DA:53,0
DA:54,0
DA:55,0
DA:56,0
DA:60,0
DA:64,0
DA:65,0
DA:67,0
DA:68,0
DA:69,0
DA:72,0
DA:73,0
DA:76,0
DA:108,0
DA:115,0
DA:127,0
DA:134,0
DA:150,0
DA:156,0
DA:157,0
DA:159,0
DA:160,0
DA:174,0
DA:180,0
DA:181,0
DA:183,0
DA:184,0
DA:199,0
DA:221,0
LF:47
LH:0
BRDA:54,0,0,0
BRDA:54,0,1,0
BRDA:65,1,0,0
BRDA:65,1,1,0
BRDA:120,2,0,0
BRDA:120,2,1,0
BRDA:203,3,0,0
BRDA:203,3,1,0
BRDA:214,4,0,0
BRDA:214,4,1,0
BRF:10
BRH:0
end_of_record
TN:
SF:src\screens\SignUpScreen.tsx
FN:45,SignUpScreen
FN:67,(anonymous_1)
FN:72,(anonymous_2)
FN:104,(anonymous_3)
FN:129,(anonymous_4)
FN:154,(anonymous_5)
FN:179,(anonymous_6)
FN:199,(anonymous_7)
FN:219,(anonymous_8)
FN:296,(anonymous_9)
FN:297,(anonymous_10)
FN:314,(anonymous_11)
FN:319,(anonymous_12)
FN:324,(anonymous_13)
FN:351,(anonymous_14)
FN:358,(anonymous_15)
FN:365,(anonymous_16)
FN:372,(anonymous_17)
FN:434,(anonymous_18)
FN:495,(anonymous_19)
FN:495,(anonymous_20)
FN:510,(anonymous_21)
FN:533,(anonymous_22)
FN:533,(anonymous_23)
FNF:24
FNH:0
FNDA:0,SignUpScreen
FNDA:0,(anonymous_1)
FNDA:0,(anonymous_2)
FNDA:0,(anonymous_3)
FNDA:0,(anonymous_4)
FNDA:0,(anonymous_5)
FNDA:0,(anonymous_6)
FNDA:0,(anonymous_7)
FNDA:0,(anonymous_8)
FNDA:0,(anonymous_9)
FNDA:0,(anonymous_10)
FNDA:0,(anonymous_11)
FNDA:0,(anonymous_12)
FNDA:0,(anonymous_13)
FNDA:0,(anonymous_14)
FNDA:0,(anonymous_15)
FNDA:0,(anonymous_16)
FNDA:0,(anonymous_17)
FNDA:0,(anonymous_18)
FNDA:0,(anonymous_19)
FNDA:0,(anonymous_20)
FNDA:0,(anonymous_21)
FNDA:0,(anonymous_22)
FNDA:0,(anonymous_23)
DA:28,0
DA:31,0
DA:46,0
DA:47,0
DA:48,0
DA:49,0
DA:50,0
DA:51,0
DA:52,0
DA:53,0
DA:56,0
DA:57,0
DA:58,0
DA:59,0
DA:60,0
DA:61,0
DA:62,0
DA:63,0
DA:64,0
DA:65,0
DA:67,0
DA:68,0
DA:72,0
DA:73,0
DA:74,0
DA:75,0
DA:76,0
DA:77,0
DA:78,0
DA:79,0
DA:81,0
DA:90,0
DA:91,0
DA:92,0
DA:93,0
DA:94,0
DA:95,0
DA:96,0
DA:100,0
DA:101,0
DA:104,0
DA:105,0
DA:106,0
DA:108,0
DA:109,0
DA:110,0
DA:113,0
DA:114,0
DA:116,0
DA:120,0
DA:122,0
DA:123,0
DA:124,0
DA:129,0
DA:130,0
DA:131,0
DA:133,0
DA:134,0
DA:135,0
DA:136,0
DA:137,0
DA:139,0
DA:143,0
DA:145,0
DA:146,0
DA:147,0
DA:148,0
DA:154,0
DA:155,0
DA:157,0
DA:158,0
DA:159,0
DA:160,0
DA:164,0
DA:165,0
DA:166,0
DA:171,0
DA:172,0
DA:173,0
DA:179,0
DA:180,0
DA:182,0
DA:183,0
DA:184,0
DA:185,0
DA:186,0
DA:188,0
DA:189,0
DA:190,0
DA:193,0
DA:194,0
DA:195,0
DA:199,0
DA:200,0
DA:201,0
DA:202,0
DA:204,0
DA:205,0
DA:207,0
DA:208,0
DA:210,0
DA:211,0
DA:213,0
DA:214,0
DA:216,0
DA:219,0
DA:221,0
DA:222,0
DA:223,0
DA:224,0
DA:227,0
DA:228,0
DA:229,0
DA:232,0
DA:233,0
DA:234,0
DA:238,0
DA:239,0
DA:240,0
DA:241,0
DA:245,0
DA:247,0
DA:248,0
DA:249,0
DA:252,0
DA:253,0
DA:254,0
DA:257,0
DA:259,0
DA:261,0
DA:268,0
DA:279,0
DA:282,0
DA:283,0
DA:284,0
DA:285,0
DA:287,0
DA:289,0
DA:296,0
DA:297,0
DA:298,0
DA:300,0
DA:301,0
DA:302,0
DA:303,0
DA:305,0
DA:306,0
DA:308,0
DA:310,0
DA:313,0
DA:314,0
DA:316,0
DA:318,0
DA:319,0
DA:323,0
DA:324,0
DA:328,0
DA:329,0
DA:351,0
DA:358,0
DA:365,0
DA:372,0
DA:396,0
DA:435,0
DA:436,0
DA:495,0
DA:511,0
DA:533,0
DA:603,0
LF:169
LH:0
BRDA:74,0,0,0
BRDA:74,0,1,0
BRDA:76,1,0,0
BRDA:76,1,1,0
BRDA:76,2,0,0
BRDA:76,2,1,0
BRDA:78,3,0,0
BRDA:78,3,1,0
BRDA:108,4,0,0
BRDA:108,4,1,0
BRDA:108,5,0,0
BRDA:108,5,1,0
BRDA:113,6,0,0
BRDA:113,6,1,0
BRDA:113,7,0,0
BRDA:113,7,1,0
BRDA:120,8,0,0
BRDA:120,8,1,0
BRDA:120,9,0,0
BRDA:120,9,1,0
BRDA:122,10,0,0
BRDA:122,10,1,0
BRDA:134,11,0,0
BRDA:134,11,1,0
BRDA:136,12,0,0
BRDA:136,12,1,0
BRDA:143,13,0,0
BRDA:143,13,1,0
BRDA:143,14,0,0
BRDA:143,14,1,0
BRDA:146,15,0,0
BRDA:146,15,1,0
BRDA:164,16,0,0
BRDA:164,16,1,0
BRDA:164,17,0,0
BRDA:164,17,1,0
BRDA:165,18,0,0
BRDA:165,18,1,0
BRDA:182,19,0,0
BRDA:182,19,1,0
BRDA:182,20,0,0
BRDA:182,20,1,0
BRDA:183,21,0,0
BRDA:183,21,1,0
BRDA:201,22,0,0
BRDA:201,22,1,0
BRDA:204,23,0,0
BRDA:204,23,1,0
BRDA:207,24,0,0
BRDA:207,24,1,0
BRDA:210,25,0,0
BRDA:210,25,1,0
BRDA:213,26,0,0
BRDA:213,26,1,0
BRDA:222,27,0,0
BRDA:222,27,1,0
BRDA:227,28,0,0
BRDA:227,28,1,0
BRDA:232,29,0,0
BRDA:232,29,1,0
BRDA:239,30,0,0
BRDA:239,30,1,0
BRDA:247,31,0,0
BRDA:247,31,1,0
BRDA:252,32,0,0
BRDA:252,32,1,0
BRDA:282,33,0,0
BRDA:282,33,1,0
BRDA:284,34,0,0
BRDA:284,34,1,0
BRDA:285,35,0,0
BRDA:285,35,1,0
BRDA:298,36,0,0
BRDA:298,36,1,0
BRDA:303,37,0,0
BRDA:303,37,1,0
BRDA:305,38,0,0
BRDA:305,38,1,0
BRDA:313,39,0,0
BRDA:313,39,1,0
BRDA:328,40,0,0
BRDA:328,40,1,0
BRDA:399,41,0,0
BRDA:399,41,1,0
BRDA:407,42,0,0
BRDA:407,42,1,0
BRDA:407,43,0,0
BRDA:407,43,1,0
BRDA:407,43,2,0
BRDA:429,44,0,0
BRDA:429,44,1,0
BRDA:429,44,2,0
BRDA:429,44,3,0
BRDA:429,44,4,0
BRDA:429,44,5,0
BRDA:438,45,0,0
BRDA:438,45,1,0
BRDA:454,46,0,0
BRDA:454,46,1,0
BRDA:455,47,0,0
BRDA:455,47,1,0
BRDA:461,48,0,0
BRDA:461,48,1,0
BRDA:461,48,2,0
BRDA:461,48,3,0
BRDA:461,48,4,0
BRDA:474,49,0,0
BRDA:474,49,1,0
BRDA:481,50,0,0
BRDA:481,50,1,0
BRDA:481,50,2,0
BRDA:481,50,3,0
BRDA:497,51,0,0
BRDA:497,51,1,0
BRDA:499,52,0,0
BRDA:499,52,1,0
BRDA:507,53,0,0
BRDA:507,53,1,0
BRDA:519,54,0,0
BRDA:519,54,1,0
BRDA:519,54,2,0
BRDA:535,55,0,0
BRDA:535,55,1,0
BRDA:537,56,0,0
BRDA:537,56,1,0
BRDA:544,57,0,0
BRDA:544,57,1,0
BRDA:551,58,0,0
BRDA:551,58,1,0
BRDA:551,58,2,0
BRDA:551,58,3,0
BRDA:555,59,0,0
BRDA:555,59,1,0
BRDA:566,60,0,0
BRDA:566,60,1,0
BRDA:590,61,0,0
BRDA:590,61,1,0
BRF:137
BRH:0
end_of_record
TN:
SF:src\services\AuthService.ts
FN:55,(anonymous_0)
FN:116,(anonymous_1)
FN:146,(anonymous_2)
FN:227,(anonymous_3)
FN:242,(anonymous_4)
FN:257,(anonymous_5)
FN:282,(anonymous_6)
FN:302,(anonymous_7)
FN:312,(anonymous_8)
FN:319,(anonymous_9)
FN:338,(anonymous_10)
FN:371,(anonymous_11)
FN:402,(anonymous_12)
FN:413,(anonymous_13)
FN:442,(anonymous_14)
FNF:15
FNH:0
FNDA:0,(anonymous_0)
FNDA:0,(anonymous_1)
FNDA:0,(anonymous_2)
FNDA:0,(anonymous_3)
FNDA:0,(anonymous_4)
FNDA:0,(anonymous_5)
FNDA:0,(anonymous_6)
FNDA:0,(anonymous_7)
FNDA:0,(anonymous_8)
FNDA:0,(anonymous_9)
FNDA:0,(anonymous_10)
FNDA:0,(anonymous_11)
FNDA:0,(anonymous_12)
FNDA:0,(anonymous_13)
FNDA:0,(anonymous_14)
DA:24,3
DA:25,3
DA:26,3
DA:27,0
DA:29,3
DA:56,0
DA:58,0
DA:64,0
DA:67,0
DA:72,0
DA:73,0
DA:76,0
DA:79,0
DA:85,0
DA:87,0
DA:89,0
DA:90,0
DA:93,0
DA:100,0
DA:101,0
DA:103,0
DA:105,0
DA:106,0
DA:117,0
DA:118,0
DA:124,0
DA:126,0
DA:132,0
DA:134,0
DA:135,0
DA:148,0
DA:149,0
DA:152,0
DA:154,0
DA:160,0
DA:163,0
DA:166,0
DA:168,0
DA:169,0
DA:173,0
DA:176,0
DA:177,0
DA:179,0
DA:187,0
DA:190,0
DA:193,0
DA:194,0
DA:196,0
DA:202,0
DA:204,0
DA:205,0
DA:211,0
DA:213,0
DA:216,0
DA:217,0
DA:220,0
DA:228,0
DA:229,0
DA:230,0
DA:232,0
DA:233,0
DA:243,0
DA:244,0
DA:245,0
DA:247,0
DA:248,0
DA:258,0
DA:259,0
DA:260,0
DA:261,0
DA:264,0
DA:265,0
DA:268,0
DA:269,0
DA:271,0
DA:272,0
DA:283,0
DA:284,0
DA:285,0
DA:286,0
DA:289,0
DA:290,0
DA:292,0
DA:293,0
DA:303,0
DA:313,0
DA:320,0
DA:321,0
DA:322,0
DA:323,0
DA:326,0
DA:327,0
DA:329,0
DA:330,0
DA:339,0
DA:340,0
DA:341,0
DA:342,0
DA:346,0
DA:349,0
DA:350,0
DA:351,0
DA:356,0
DA:358,0
DA:360,0
DA:361,0
DA:372,0
DA:374,0
DA:376,0
DA:378,0
DA:380,0
DA:382,0
DA:385,0
DA:387,0
DA:389,0
DA:391,0
DA:393,0
DA:403,0
DA:414,0
DA:415,0
DA:416,0
DA:417,0
DA:421,0
DA:422,0
DA:425,0
DA:427,0
DA:429,0
DA:430,0
DA:443,0
DA:444,0
DA:445,0
DA:446,0
DA:449,0
DA:451,0
DA:454,0
DA:455,0
DA:456,0
DA:460,0
DA:461,0
DA:462,0
DA:464,0
DA:465,0
DA:466,0
DA:467,0
DA:473,0
DA:475,0
DA:476,0
LF:147
LH:4
BRDA:87,0,0,0
BRDA:87,0,1,0
BRDA:148,1,0,0
BRDA:148,1,1,0
BRDA:166,2,0,0
BRDA:166,2,1,0
BRDA:168,3,0,0
BRDA:168,3,1,0
BRDA:193,4,0,0
BRDA:193,4,1,0
BRDA:197,5,0,0
BRDA:197,5,1,0
BRDA:197,5,2,0
BRDA:198,6,0,0
BRDA:198,6,1,0
BRDA:204,7,0,0
BRDA:204,7,1,0
BRDA:216,8,0,0
BRDA:216,8,1,0
BRDA:259,9,0,0
BRDA:259,9,1,0
BRDA:260,10,0,0
BRDA:260,10,1,0
BRDA:264,11,0,0
BRDA:264,11,1,0
BRDA:282,12,0,0
BRDA:285,13,0,0
BRDA:285,13,1,0
BRDA:322,14,0,0
BRDA:322,14,1,0
BRDA:341,15,0,0
BRDA:341,15,1,0
BRDA:350,16,0,0
BRDA:350,16,1,0
BRDA:372,17,0,0
BRDA:372,17,1,0
BRDA:372,17,2,0
BRDA:372,17,3,0
BRDA:372,17,4,0
BRDA:372,17,5,0
BRDA:372,17,6,0
BRDA:372,17,7,0
BRDA:372,17,8,0
BRDA:372,17,9,0
BRDA:372,17,10,0
BRDA:416,18,0,0
BRDA:416,18,1,0
BRDA:416,19,0,0
BRDA:416,19,1,0
BRDA:445,20,0,0
BRDA:445,20,1,0
BRDA:445,21,0,0
BRDA:445,21,1,0
BRF:53
BRH:0
end_of_record
TN:
SF:src\services\MapCacheService.ts
FN:45,(anonymous_0)
FN:60,(anonymous_1)
FN:72,(anonymous_2)
FN:92,(anonymous_3)
FN:118,(anonymous_4)
FN:154,(anonymous_5)
FN:173,(anonymous_6)
FN:194,(anonymous_7)
FN:203,(anonymous_8)
FN:210,(anonymous_9)
FN:221,(anonymous_10)
FN:232,(anonymous_11)
FN:245,(anonymous_12)
FN:261,(anonymous_13)
FNF:14
FNH:0
FNDA:0,(anonymous_0)
FNDA:0,(anonymous_1)
FNDA:0,(anonymous_2)
FNDA:0,(anonymous_3)
FNDA:0,(anonymous_4)
FNDA:0,(anonymous_5)
FNDA:0,(anonymous_6)
FNDA:0,(anonymous_7)
FNDA:0,(anonymous_8)
FNDA:0,(anonymous_9)
FNDA:0,(anonymous_10)
FNDA:0,(anonymous_11)
FNDA:0,(anonymous_12)
FNDA:0,(anonymous_13)
DA:30,0
DA:31,0
DA:32,0
DA:35,0
DA:46,0
DA:47,0
DA:48,0
DA:49,0
DA:52,0
DA:53,0
DA:61,0
DA:62,0
DA:66,0
DA:73,0
DA:75,0
DA:76,0
DA:77,0
DA:79,0
DA:80,0
DA:81,0
DA:86,0
DA:93,0
DA:94,0
DA:95,0
DA:98,0
DA:99,0
DA:100,0
DA:104,0
DA:107,0
DA:108,0
DA:110,0
DA:111,0
DA:125,0
DA:126,0
DA:128,0
DA:129,0
DA:130,0
DA:131,0
DA:133,0
DA:136,0
DA:147,0
DA:150,0
DA:151,0
DA:152,0
DA:154,0
DA:155,0
DA:156,0
DA:157,0
DA:160,0
DA:161,0
DA:163,0
DA:166,0
DA:169,0
DA:170,0
DA:173,0
DA:177,0
DA:178,0
DA:180,0
DA:181,0
DA:183,0
DA:185,0
DA:186,0
DA:187,0
DA:195,0
DA:196,0
DA:197,0
DA:204,0
DA:211,0
DA:212,0
DA:213,0
DA:215,0
DA:222,0
DA:223,0
DA:225,0
DA:233,0
DA:234,0
DA:235,0
DA:237,0
DA:238,0
DA:246,0
DA:247,0
DA:248,0
DA:249,0
DA:251,0
DA:252,0
DA:254,0
DA:266,0
DA:267,0
DA:268,0
DA:269,0
DA:271,0
DA:273,0
DA:274,0
DA:275,0
DA:276,0
DA:277,0
DA:278,0
DA:281,0
DA:283,0
DA:287,0
DA:293,0
DA:294,0
LF:102
LH:0
BRDA:48,0,0,0
BRDA:48,0,1,0
BRDA:99,1,0,0
BRDA:99,1,1,0
BRDA:108,2,0,0
BRDA:108,2,1,0
BRDA:119,3,0,0
BRDA:120,4,0,0
BRDA:121,5,0,0
BRDA:156,6,0,0
BRDA:156,6,1,0
BRDA:212,7,0,0
BRDA:212,7,1,0
BRDA:235,8,0,0
BRDA:235,8,1,0
BRDA:248,9,0,0
BRDA:248,9,1,0
BRDA:271,10,0,0
BRDA:271,10,1,0
BRDA:277,11,0,0
BRDA:277,11,1,0
BRDA:277,12,0,0
BRDA:277,12,1,0
BRF:23
BRH:0
end_of_record
TN:
SF:src\services\RefugisService.ts
FN:15,(anonymous_0)
FN:17,(anonymous_1)
FN:41,(anonymous_2)
FN:103,(anonymous_3)
FN:112,(anonymous_4)
FN:121,(anonymous_5)
FNF:6
FNH:5
FNDA:9,(anonymous_0)
FNDA:0,(anonymous_1)
FNDA:18,(anonymous_2)
FNDA:1,(anonymous_3)
FNDA:4,(anonymous_4)
FNDA:4,(anonymous_5)
DA:7,1
DA:9,1
DA:16,9
DA:17,0
DA:18,0
DA:21,9
DA:22,9
DA:24,9
DA:26,7
DA:27,3
DA:30,4
DA:31,4
DA:32,3
DA:34,3
DA:35,3
DA:50,18
DA:51,0
DA:54,18
DA:55,18
DA:56,18
DA:57,3
DA:59,15
DA:60,4
DA:62,15
DA:63,3
DA:65,15
DA:66,3
DA:68,15
DA:69,3
DA:71,15
DA:72,2
DA:74,15
DA:75,2
DA:79,18
DA:81,18
DA:83,17
DA:84,1
DA:87,16
DA:88,15
DA:89,3
DA:92,12
DA:94,3
DA:95,3
DA:105,1
LF:44
LH:41
BRDA:16,0,0,0
BRDA:16,0,1,9
BRDA:18,1,0,0
BRDA:18,1,1,0
BRDA:26,2,0,3
BRDA:26,2,1,4
BRDA:32,3,0,3
BRDA:32,3,1,0
BRDA:50,4,0,0
BRDA:50,4,1,18
BRDA:56,5,0,3
BRDA:56,5,1,15
BRDA:59,6,0,4
BRDA:59,6,1,11
BRDA:62,7,0,3
BRDA:62,7,1,12
BRDA:65,8,0,3
BRDA:65,8,1,12
BRDA:68,9,0,3
BRDA:68,9,1,12
BRDA:71,10,0,2
BRDA:71,10,1,13
BRDA:74,11,0,2
BRDA:74,11,1,13
BRDA:83,12,0,1
BRDA:83,12,1,16
BRDA:88,13,0,3
BRDA:88,13,1,12
BRDA:88,14,0,15
BRDA:88,14,1,14
BRDA:88,14,2,14
BRDA:88,14,3,13
BRF:32
BRH:27
end_of_record
TN:
SF:src\services\UsersService.ts
FN:43,(anonymous_0)
FN:72,(anonymous_1)
FN:105,(anonymous_2)
FN:134,(anonymous_3)
FNF:4
FNH:4
FNDA:10,(anonymous_0)
FNDA:10,(anonymous_1)
FNDA:13,(anonymous_2)
FNDA:7,(anonymous_3)
DA:6,4
DA:44,10
DA:45,10
DA:48,10
DA:50,9
DA:51,6
DA:52,6
DA:53,6
DA:56,3
DA:57,3
DA:59,1
DA:60,1
DA:73,10
DA:74,10
DA:77,10
DA:79,8
DA:80,3
DA:81,1
DA:83,2
DA:85,3
DA:88,5
DA:89,4
DA:91,3
DA:92,3
DA:106,13
DA:107,13
DA:110,13
DA:112,12
DA:113,5
DA:114,5
DA:115,5
DA:118,7
DA:119,7
DA:121,1
DA:122,1
DA:135,7
DA:136,7
DA:139,7
DA:141,6
DA:142,4
DA:143,1
DA:145,3
DA:146,3
DA:148,4
DA:151,2
DA:153,1
DA:154,1
LF:47
LH:47
BRDA:50,0,0,6
BRDA:50,0,1,3
BRDA:79,1,0,3
BRDA:79,1,1,5
BRDA:80,2,0,1
BRDA:80,2,1,2
BRDA:112,3,0,5
BRDA:112,3,1,7
BRDA:141,4,0,4
BRDA:141,4,1,2
BRDA:142,5,0,1
BRDA:142,5,1,3
BRF:12
BRH:12
end_of_record
TN:
SF:src\services\apiClient.ts
FN:36,apiClient
FN:99,getDefaultHeaders
FN:117,apiGet
FN:127,apiPost
FN:142,apiPatch
FN:157,apiPut
FN:172,apiDelete
FNF:7
FNH:0
FNDA:0,apiClient
FNDA:0,getDefaultHeaders
FNDA:0,apiGet
FNDA:0,apiPost
FNDA:0,apiPatch
FNDA:0,apiPut
FNDA:0,apiDelete
DA:40,0
DA:43,0
DA:44,0
DA:45,0
DA:46,0
DA:54,0
DA:57,0
DA:58,0
DA:60,0
DA:62,0
DA:64,0
DA:65,0
DA:68,0
DA:74,0
DA:76,0
DA:77,0
DA:79,0
DA:82,0
DA:85,0
DA:90,0
DA:100,0
DA:104,0
DA:105,0
DA:106,0
DA:107,0
DA:111,0
DA:118,0
DA:128,0
DA:143,0
DA:158,0
DA:173,0
LF:31
LH:0
BRDA:38,0,0,0
BRDA:40,1,0,0
BRDA:40,2,0,0
BRDA:43,3,0,0
BRDA:43,3,1,0
BRDA:45,4,0,0
BRDA:45,4,1,0
BRDA:57,5,0,0
BRDA:57,5,1,0
BRDA:57,6,0,0
BRDA:57,6,1,0
BRDA:64,7,0,0
BRDA:64,7,1,0
BRDA:76,8,0,0
BRDA:76,8,1,0
BRDA:99,9,0,0
BRDA:104,10,0,0
BRDA:104,10,1,0
BRDA:106,11,0,0
BRDA:106,11,1,0
BRDA:117,12,0,0
BRDA:127,13,0,0
BRDA:142,14,0,0
BRDA:157,15,0,0
BRDA:172,16,0,0
BRF:25
BRH:0
end_of_record
TN:
SF:src\services\fetchWithLog.ts
FN:1,logApi
FN:15,fetchWithLog
FN:37,(anonymous_2)
FNF:3
FNH:0
FNDA:0,logApi
FNDA:0,fetchWithLog
FNDA:0,(anonymous_2)
DA:2,0
DA:3,0
DA:4,0
DA:5,0
DA:6,0
DA:7,0
DA:12,0
DA:16,0
DA:17,0
DA:20,0
DA:21,0
DA:22,0
DA:23,0
DA:29,0
DA:33,0
DA:35,0
DA:37,0
DA:38,0
DA:39,0
DA:40,0
DA:44,0
DA:46,0
DA:47,0
DA:48,0
DA:49,0
DA:56,0
DA:57,0
DA:58,0
DA:60,0
DA:63,0
DA:65,0
DA:66,0
DA:67,0
DA:68,0
DA:72,0
DA:73,0
DA:80,0
LF:37
LH:0
BRDA:6,0,0,0
BRDA:6,0,1,0
BRDA:7,1,0,0
BRDA:7,1,1,0
BRDA:12,2,0,0
BRDA:12,2,1,0
BRDA:16,3,0,0
BRDA:16,3,1,0
BRDA:16,4,0,0
BRDA:16,4,1,0
BRDA:17,5,0,0
BRDA:17,5,1,0
BRDA:21,6,0,0
BRDA:21,6,1,0
BRDA:21,7,0,0
BRDA:21,7,1,0
BRDA:22,8,0,0
BRDA:22,8,1,0
BRDA:29,9,0,0
BRDA:29,9,1,0
BRDA:33,10,0,0
BRDA:33,10,1,0
BRDA:46,11,0,0
BRDA:46,11,1,0
BRDA:46,12,0,0
BRDA:46,12,1,0
BRDA:48,13,0,0
BRDA:48,13,1,0
BRDA:49,14,0,0
BRDA:49,14,1,0
BRDA:56,15,0,0
BRDA:56,15,1,0
BRDA:57,16,0,0
BRDA:57,16,1,0
BRDA:58,17,0,0
BRDA:58,17,1,0
BRDA:66,18,0,0
BRDA:66,18,1,0
BRDA:66,19,0,0
BRDA:66,19,1,0
BRDA:72,20,0,0
BRDA:72,20,1,0
BRDA:72,21,0,0
BRDA:72,21,1,0
BRF:44
BRH:0
end_of_record
TN:
SF:src\services\firebase.ts
FNF:0
FNH:0
DA:37,3
DA:48,3
DA:49,0
DA:50,0
DA:51,0
DA:55,3
DA:59,3
DA:60,3
LF:8
LH:5
BRDA:48,0,0,0
BRDA:48,0,1,3
BRDA:48,1,0,3
BRDA:48,1,1,3
BRDA:48,1,2,3
BRF:5
BRH:4
end_of_record
TN:
SF:src\services\dto\RefugiDTO.ts
FNF:0
FNH:0
LF:0
LH:0
BRF:0
BRH:0
end_of_record
TN:
SF:src\services\dto\UserDTO.ts
FNF:0
FNH:0
LF:0
LH:0
BRF:0
BRH:0
end_of_record
TN:
SF:src\services\dto\index.ts
FNF:0
FNH:0
LF:0
LH:0
BRF:0
BRH:0
end_of_record
TN:
SF:src\services\mappers\RefugiMapper.ts
FN:11,mapCoordFromDTO
FN:22,determineCondition
FN:40,(anonymous_2)
FN:57,mapTypeFromBackend
FN:94,mapRefugiFromDTO
FN:119,mapRefugisFromDTO
FNF:6
FNH:6
FNDA:38,mapCoordFromDTO
FNDA:34,determineCondition
FNDA:55,(anonymous_2)
FNDA:34,mapTypeFromBackend
FNDA:34,mapRefugiFromDTO
FNDA:5,mapRefugisFromDTO
DA:12,38
DA:23,34
DA:25,5
DA:28,5
DA:40,55
DA:43,5
DA:44,1
DA:48,4
DA:49,3
DA:50,2
DA:51,1
DA:58,34
DA:60,11
DA:63,11
DA:64,3
DA:68,8
DA:69,1
DA:73,7
DA:74,4
DA:78,3
DA:79,1
DA:83,2
DA:84,1
DA:88,1
DA:95,34
DA:120,5
LF:26
LH:26
BRDA:23,0,0,29
BRDA:23,0,1,5
BRDA:43,1,0,1
BRDA:43,1,1,4
BRDA:48,2,0,1
BRDA:48,2,1,3
BRDA:49,3,0,1
BRDA:49,3,1,2
BRDA:50,4,0,1
BRDA:50,4,1,1
BRDA:58,5,0,23
BRDA:58,5,1,11
BRDA:63,6,0,3
BRDA:63,6,1,8
BRDA:63,7,0,11
BRDA:63,7,1,4
BRDA:68,8,0,1
BRDA:68,8,1,7
BRDA:73,9,0,4
BRDA:73,9,1,3
BRDA:73,10,0,7
BRDA:73,10,1,4
BRDA:78,11,0,1
BRDA:78,11,1,2
BRDA:78,12,0,3
BRDA:78,12,1,2
BRDA:83,13,0,1
BRDA:83,13,1,1
BRDA:98,14,0,34
BRDA:98,14,1,33
BRF:30
BRH:30
end_of_record
TN:
SF:src\services\mappers\UserMapper.ts
FN:11,mapUserFromDTO
FNF:1
FNH:1
FNDA:22,mapUserFromDTO
DA:12,22
LF:1
LH:1
BRDA:16,0,0,22
BRDA:16,0,1,20
BRDA:18,1,0,22
BRDA:18,1,1,18
BRDA:19,2,0,22
BRDA:19,2,1,18
BRDA:20,3,0,22
BRDA:20,3,1,18
BRDA:21,4,0,22
BRDA:21,4,1,19
BRDA:22,5,0,22
BRDA:22,5,1,20
BRDA:23,6,0,22
BRDA:23,6,1,20
BRF:14
BRH:14
end_of_record
TN:
SF:src\services\mappers\index.ts
FNF:0
FNH:0
LF:0
LH:0
BRF:0
BRH:0
end_of_record
TN:
SF:src\types\auth.types.ts
FNF:0
FNH:0
LF:0
LH:0
BRF:0
BRH:0
end_of_record
TN:
SF:src\utils\mockData.ts
FNF:0
FNH:0
DA:3,1
LF:1
LH:1
BRF:0
BRH:0
end_of_record
TN:
SF:src\utils\useCustomAlert.ts
FN:20,useCustomAlert
FN:26,(anonymous_1)
FN:41,(anonymous_2)
FNF:3
FNH:3
FNDA:75,useCustomAlert
FNDA:34,(anonymous_1)
FNDA:9,(anonymous_2)
DA:21,75
DA:26,75
DA:28,34
DA:29,34
DA:31,34
DA:41,75
DA:42,9
DA:48,75
LF:8
LH:8
BRDA:36,0,0,34
BRDA:36,0,1,22
BRF:2
BRH:2
end_of_record
TN:
SF:src\utils\useTranslation.ts
FN:10,(anonymous_0)
FNF:1
FNH:1
FNDA:30,(anonymous_0)
DA:10,1
DA:11,30
LF:2
LH:2
BRF:0
BRH:0
end_of_record
